# JRE version: Java(TM) SE Runtime Environment (17.0.9+11) (build 17.0.9+11-LTS-201)
# Java VM: Java HotSpot(TM) 64-Bit Server VM (17.0.9+11-LTS-201, mixed mode, sharing, tiered, compressed oops, compressed class ptrs, g1 gc, windows-amd64)
GC Precious Log:
 CPUs: 4 total, 4 available
 Memory: 8089M
 Large Page Support: Disabled
 NUMA Support: Disabled
 Compressed Oops: Enabled (32-bit)
 Heap Region Size: 1M
 Heap Min Capacity: 8M
 Heap Initial Capacity: 128M
 Heap Max Capacity: 2024M
 Pre-touch: Disabled
 Parallel Workers: 4
 Concurrent Workers: 1
 Concurrent Refinement Workers: 4
 Periodic GC: Disabled
Heap:
 garbage-first heap   total 131072K, used 30148K [0x0000000081800000, 0x0000000100000000)
  region size 1024K, 24 young (24576K), 3 survivors (3072K)
 Metaspace       used 16311K, committed 16576K, reserved 1114112K
  class space    used 2049K, committed 2176K, reserved 1048576K
GC Heap History (6 events):
Event: 4.301 GC heap before
{Heap before GC invocations=0 (full 0):
 garbage-first heap   total 131072K, used 14336K [0x0000000081800000, 0x0000000100000000)
  region size 1024K, 13 young (13312K), 0 survivors (0K)
 Metaspace       used 3050K, committed 3200K, reserved 1114112K
  class space    used 322K, committed 384K, reserved 1048576K
}
Event: 4.321 GC heap after
{Heap after GC invocations=1 (full 0):
 garbage-first heap   total 131072K, used 7179K [0x0000000081800000, 0x0000000100000000)
  region size 1024K, 2 young (2048K), 2 survivors (2048K)
 Metaspace       used 3050K, committed 3200K, reserved 1114112K
  class space    used 322K, committed 384K, reserved 1048576K
}
Event: 7.265 GC heap before
{Heap before GC invocations=1 (full 0):
 garbage-first heap   total 131072K, used 16395K [0x0000000081800000, 0x0000000100000000)
  region size 1024K, 12 young (12288K), 2 survivors (2048K)
 Metaspace       used 5391K, committed 5568K, reserved 1114112K
  class space    used 629K, committed 704K, reserved 1048576K
}
Event: 7.277 GC heap after
{Heap after GC invocations=2 (full 0):
 garbage-first heap   total 131072K, used 8072K [0x0000000081800000, 0x0000000100000000)
  region size 1024K, 1 young (1024K), 1 survivors (1024K)
 Metaspace       used 5391K, committed 5568K, reserved 1114112K
  class space    used 629K, committed 704K, reserved 1048576K
}
Event: 11.231 GC heap before
{Heap before GC invocations=2 (full 0):
 garbage-first heap   total 131072K, used 29576K [0x0000000081800000, 0x0000000100000000)
  region size 1024K, 23 young (23552K), 1 survivors (1024K)
 Metaspace       used 10890K, committed 11136K, reserved 1114112K
  class space    used 1361K, committed 1472K, reserved 1048576K
}
Event: 11.238 GC heap after
{Heap after GC invocations=3 (full 0):
 garbage-first heap   total 131072K, used 9668K [0x0000000081800000, 0x0000000100000000)
  region size 1024K, 3 young (3072K), 3 survivors (3072K)
 Metaspace       used 10890K, committed 11136K, reserved 1114112K
  class space    used 1361K, committed 1472K, reserved 1048576K
}

