# JRE version: OpenJDK Runtime Environment Temurin-21.0.6+7 (21.0.6+7) (build 21.0.6+7-LTS)
# Java VM: OpenJDK 64-Bit Server VM Temurin-21.0.6+7 (21.0.6+7-LTS, mixed mode, sharing, tiered, compressed oops, compressed class ptrs, parallel gc, windows-amd64)
GC Precious Log:
 CardTable entry size: 512
 CPUs: 4 total, 4 available
 Memory: 8089M
 Large Page Support: Disabled
 NUMA Support: Disabled
 Compressed Oops: Enabled (32-bit)
 Alignments: Space 512K, Generation 512K, Heap 2M
 Heap Min Capacity: 100M
 Heap Initial Capacity: 100M
 Heap Max Capacity: 1G
 Pre-touch: Disabled
 Parallel Workers: 4
Heap:
 PSYoungGen      total 14336K, used 14327K [0x00000000eab00000, 0x00000000ebb00000, 0x0000000100000000)
  eden space 12288K, 100% used [0x00000000eab00000,0x00000000eb700000,0x00000000eb700000)
  from space 2048K, 99% used [0x00000000eb900000,0x00000000ebafdd28,0x00000000ebb00000)
  to   space 2048K, 99% used [0x00000000eb700000,0x00000000eb8fc580,0x00000000eb900000)
 ParOldGen       total 213504K, used 213500K [0x00000000c0000000, 0x00000000cd080000, 0x00000000eab00000)
  object space 213504K, 99% used [0x00000000c0000000,0x00000000cd07f000,0x00000000cd080000)
 Metaspace       used 64450K, committed 65984K, reserved 1114112K
  class space    used 6612K, committed 7296K, reserved 1048576K
GC Heap History (20 events):
Event: 39.654 GC heap before
{Heap before GC invocations=248 (full 5):
 PSYoungGen      total 11264K, used 10752K [0x00000000eab00000, 0x00000000eb900000, 0x0000000100000000)
  eden space 10752K, 100% used [0x00000000eab00000,0x00000000eb580000,0x00000000eb580000)
  from space 512K, 0% used [0x00000000eb700000,0x00000000eb700000,0x00000000eb780000)
  to   space 1536K, 0% used [0x00000000eb580000,0x00000000eb580000,0x00000000eb700000)
 ParOldGen       total 206848K, used 195068K [0x00000000c0000000, 0x00000000cca00000, 0x00000000eab00000)
  object space 206848K, 94% used [0x00000000c0000000,0x00000000cbe7f350,0x00000000cca00000)
 Metaspace       used 64030K, committed 65536K, reserved 1114112K
  class space    used 6572K, committed 7232K, reserved 1048576K
}
Event: 39.660 GC heap after
{Heap after GC invocations=248 (full 5):
 PSYoungGen      total 12288K, used 1530K [0x00000000eab00000, 0x00000000ebb00000, 0x0000000100000000)
  eden space 10752K, 0% used [0x00000000eab00000,0x00000000eab00000,0x00000000eb580000)
  from space 1536K, 99% used [0x00000000eb580000,0x00000000eb6fea48,0x00000000eb700000)
  to   space 2048K, 0% used [0x00000000eb900000,0x00000000eb900000,0x00000000ebb00000)
 ParOldGen       total 206848K, used 195150K [0x00000000c0000000, 0x00000000cca00000, 0x00000000eab00000)
  object space 206848K, 94% used [0x00000000c0000000,0x00000000cbe93890,0x00000000cca00000)
 Metaspace       used 64030K, committed 65536K, reserved 1114112K
  class space    used 6572K, committed 7232K, reserved 1048576K
}
Event: 39.764 GC heap before
{Heap before GC invocations=249 (full 5):
 PSYoungGen      total 12288K, used 12282K [0x00000000eab00000, 0x00000000ebb00000, 0x0000000100000000)
  eden space 10752K, 100% used [0x00000000eab00000,0x00000000eb580000,0x00000000eb580000)
  from space 1536K, 99% used [0x00000000eb580000,0x00000000eb6fea48,0x00000000eb700000)
  to   space 2048K, 0% used [0x00000000eb900000,0x00000000eb900000,0x00000000ebb00000)
 ParOldGen       total 206848K, used 195150K [0x00000000c0000000, 0x00000000cca00000, 0x00000000eab00000)
  object space 206848K, 94% used [0x00000000c0000000,0x00000000cbe93890,0x00000000cca00000)
 Metaspace       used 64034K, committed 65536K, reserved 1114112K
  class space    used 6572K, committed 7232K, reserved 1048576K
}
Event: 39.773 GC heap after
{Heap after GC invocations=249 (full 5):
 PSYoungGen      total 14336K, used 1919K [0x00000000eab00000, 0x00000000ebb00000, 0x0000000100000000)
  eden space 12288K, 0% used [0x00000000eab00000,0x00000000eab00000,0x00000000eb700000)
  from space 2048K, 93% used [0x00000000eb900000,0x00000000ebadfc58,0x00000000ebb00000)
  to   space 2048K, 0% used [0x00000000eb700000,0x00000000eb700000,0x00000000eb900000)
 ParOldGen       total 206848K, used 196642K [0x00000000c0000000, 0x00000000cca00000, 0x00000000eab00000)
  object space 206848K, 95% used [0x00000000c0000000,0x00000000cc008b20,0x00000000cca00000)
 Metaspace       used 64034K, committed 65536K, reserved 1114112K
  class space    used 6572K, committed 7232K, reserved 1048576K
}
Event: 39.926 GC heap before
{Heap before GC invocations=250 (full 5):
 PSYoungGen      total 14336K, used 14207K [0x00000000eab00000, 0x00000000ebb00000, 0x0000000100000000)
  eden space 12288K, 100% used [0x00000000eab00000,0x00000000eb700000,0x00000000eb700000)
  from space 2048K, 93% used [0x00000000eb900000,0x00000000ebadfc58,0x00000000ebb00000)
  to   space 2048K, 0% used [0x00000000eb700000,0x00000000eb700000,0x00000000eb900000)
 ParOldGen       total 206848K, used 196642K [0x00000000c0000000, 0x00000000cca00000, 0x00000000eab00000)
  object space 206848K, 95% used [0x00000000c0000000,0x00000000cc008b20,0x00000000cca00000)
 Metaspace       used 64034K, committed 65536K, reserved 1114112K
  class space    used 6572K, committed 7232K, reserved 1048576K
}
Event: 39.940 GC heap after
{Heap after GC invocations=250 (full 5):
 PSYoungGen      total 14336K, used 2031K [0x00000000eab00000, 0x00000000ebb00000, 0x0000000100000000)
  eden space 12288K, 0% used [0x00000000eab00000,0x00000000eab00000,0x00000000eb700000)
  from space 2048K, 99% used [0x00000000eb700000,0x00000000eb8fbcb8,0x00000000eb900000)
  to   space 2048K, 0% used [0x00000000eb900000,0x00000000eb900000,0x00000000ebb00000)
 ParOldGen       total 206848K, used 198902K [0x00000000c0000000, 0x00000000cca00000, 0x00000000eab00000)
  object space 206848K, 96% used [0x00000000c0000000,0x00000000cc23dbd0,0x00000000cca00000)
 Metaspace       used 64034K, committed 65536K, reserved 1114112K
  class space    used 6572K, committed 7232K, reserved 1048576K
}
Event: 40.098 GC heap before
{Heap before GC invocations=251 (full 5):
 PSYoungGen      total 14336K, used 14319K [0x00000000eab00000, 0x00000000ebb00000, 0x0000000100000000)
  eden space 12288K, 100% used [0x00000000eab00000,0x00000000eb700000,0x00000000eb700000)
  from space 2048K, 99% used [0x00000000eb700000,0x00000000eb8fbcb8,0x00000000eb900000)
  to   space 2048K, 0% used [0x00000000eb900000,0x00000000eb900000,0x00000000ebb00000)
 ParOldGen       total 206848K, used 198902K [0x00000000c0000000, 0x00000000cca00000, 0x00000000eab00000)
  object space 206848K, 96% used [0x00000000c0000000,0x00000000cc23dbd0,0x00000000cca00000)
 Metaspace       used 64034K, committed 65536K, reserved 1114112K
  class space    used 6572K, committed 7232K, reserved 1048576K
}
Event: 40.113 GC heap after
{Heap after GC invocations=251 (full 5):
 PSYoungGen      total 14336K, used 1739K [0x00000000eab00000, 0x00000000ebb00000, 0x0000000100000000)
  eden space 12288K, 0% used [0x00000000eab00000,0x00000000eab00000,0x00000000eb700000)
  from space 2048K, 84% used [0x00000000eb900000,0x00000000ebab2d70,0x00000000ebb00000)
  to   space 2048K, 0% used [0x00000000eb700000,0x00000000eb700000,0x00000000eb900000)
 ParOldGen       total 206848K, used 200869K [0x00000000c0000000, 0x00000000cca00000, 0x00000000eab00000)
  object space 206848K, 97% used [0x00000000c0000000,0x00000000cc4297b8,0x00000000cca00000)
 Metaspace       used 64034K, committed 65536K, reserved 1114112K
  class space    used 6572K, committed 7232K, reserved 1048576K
}
Event: 40.216 GC heap before
{Heap before GC invocations=252 (full 5):
 PSYoungGen      total 14336K, used 14027K [0x00000000eab00000, 0x00000000ebb00000, 0x0000000100000000)
  eden space 12288K, 100% used [0x00000000eab00000,0x00000000eb700000,0x00000000eb700000)
  from space 2048K, 84% used [0x00000000eb900000,0x00000000ebab2d70,0x00000000ebb00000)
  to   space 2048K, 0% used [0x00000000eb700000,0x00000000eb700000,0x00000000eb900000)
 ParOldGen       total 206848K, used 200869K [0x00000000c0000000, 0x00000000cca00000, 0x00000000eab00000)
  object space 206848K, 97% used [0x00000000c0000000,0x00000000cc4297b8,0x00000000cca00000)
 Metaspace       used 64034K, committed 65536K, reserved 1114112K
  class space    used 6572K, committed 7232K, reserved 1048576K
}
Event: 40.225 GC heap after
{Heap after GC invocations=252 (full 5):
 PSYoungGen      total 14336K, used 2027K [0x00000000eab00000, 0x00000000ebb00000, 0x0000000100000000)
  eden space 12288K, 0% used [0x00000000eab00000,0x00000000eab00000,0x00000000eb700000)
  from space 2048K, 99% used [0x00000000eb700000,0x00000000eb8fafe8,0x00000000eb900000)
  to   space 2048K, 0% used [0x00000000eb900000,0x00000000eb900000,0x00000000ebb00000)
 ParOldGen       total 206848K, used 201741K [0x00000000c0000000, 0x00000000cca00000, 0x00000000eab00000)
  object space 206848K, 97% used [0x00000000c0000000,0x00000000cc503740,0x00000000cca00000)
 Metaspace       used 64034K, committed 65536K, reserved 1114112K
  class space    used 6572K, committed 7232K, reserved 1048576K
}
Event: 40.464 GC heap before
{Heap before GC invocations=253 (full 5):
 PSYoungGen      total 14336K, used 14315K [0x00000000eab00000, 0x00000000ebb00000, 0x0000000100000000)
  eden space 12288K, 100% used [0x00000000eab00000,0x00000000eb700000,0x00000000eb700000)
  from space 2048K, 99% used [0x00000000eb700000,0x00000000eb8fafe8,0x00000000eb900000)
  to   space 2048K, 0% used [0x00000000eb900000,0x00000000eb900000,0x00000000ebb00000)
 ParOldGen       total 206848K, used 201741K [0x00000000c0000000, 0x00000000cca00000, 0x00000000eab00000)
  object space 206848K, 97% used [0x00000000c0000000,0x00000000cc503740,0x00000000cca00000)
 Metaspace       used 64043K, committed 65536K, reserved 1114112K
  class space    used 6575K, committed 7232K, reserved 1048576K
}
Event: 40.487 GC heap after
{Heap after GC invocations=253 (full 5):
 PSYoungGen      total 14336K, used 1476K [0x00000000eab00000, 0x00000000ebb00000, 0x0000000100000000)
  eden space 12288K, 0% used [0x00000000eab00000,0x00000000eab00000,0x00000000eb700000)
  from space 2048K, 72% used [0x00000000eb900000,0x00000000eba712e0,0x00000000ebb00000)
  to   space 2048K, 0% used [0x00000000eb700000,0x00000000eb700000,0x00000000eb900000)
 ParOldGen       total 206848K, used 203726K [0x00000000c0000000, 0x00000000cca00000, 0x00000000eab00000)
  object space 206848K, 98% used [0x00000000c0000000,0x00000000cc6f3960,0x00000000cca00000)
 Metaspace       used 64043K, committed 65536K, reserved 1114112K
  class space    used 6575K, committed 7232K, reserved 1048576K
}
Event: 40.718 GC heap before
{Heap before GC invocations=254 (full 5):
 PSYoungGen      total 14336K, used 13764K [0x00000000eab00000, 0x00000000ebb00000, 0x0000000100000000)
  eden space 12288K, 100% used [0x00000000eab00000,0x00000000eb700000,0x00000000eb700000)
  from space 2048K, 72% used [0x00000000eb900000,0x00000000eba712e0,0x00000000ebb00000)
  to   space 2048K, 0% used [0x00000000eb700000,0x00000000eb700000,0x00000000eb900000)
 ParOldGen       total 206848K, used 203726K [0x00000000c0000000, 0x00000000cca00000, 0x00000000eab00000)
  object space 206848K, 98% used [0x00000000c0000000,0x00000000cc6f3960,0x00000000cca00000)
 Metaspace       used 64212K, committed 65664K, reserved 1114112K
  class space    used 6600K, committed 7232K, reserved 1048576K
}
Event: 40.734 GC heap after
{Heap after GC invocations=254 (full 5):
 PSYoungGen      total 14336K, used 2022K [0x00000000eab00000, 0x00000000ebb00000, 0x0000000100000000)
  eden space 12288K, 0% used [0x00000000eab00000,0x00000000eab00000,0x00000000eb700000)
  from space 2048K, 98% used [0x00000000eb700000,0x00000000eb8f9bd0,0x00000000eb900000)
  to   space 2048K, 0% used [0x00000000eb900000,0x00000000eb900000,0x00000000ebb00000)
 ParOldGen       total 206848K, used 205743K [0x00000000c0000000, 0x00000000cca00000, 0x00000000eab00000)
  object space 206848K, 99% used [0x00000000c0000000,0x00000000cc8ebd10,0x00000000cca00000)
 Metaspace       used 64212K, committed 65664K, reserved 1114112K
  class space    used 6600K, committed 7232K, reserved 1048576K
}
Event: 41.040 GC heap before
{Heap before GC invocations=255 (full 5):
 PSYoungGen      total 14336K, used 14310K [0x00000000eab00000, 0x00000000ebb00000, 0x0000000100000000)
  eden space 12288K, 100% used [0x00000000eab00000,0x00000000eb700000,0x00000000eb700000)
  from space 2048K, 98% used [0x00000000eb700000,0x00000000eb8f9bd0,0x00000000eb900000)
  to   space 2048K, 0% used [0x00000000eb900000,0x00000000eb900000,0x00000000ebb00000)
 ParOldGen       total 206848K, used 205743K [0x00000000c0000000, 0x00000000cca00000, 0x00000000eab00000)
  object space 206848K, 99% used [0x00000000c0000000,0x00000000cc8ebd10,0x00000000cca00000)
 Metaspace       used 64249K, committed 65792K, reserved 1114112K
  class space    used 6605K, committed 7296K, reserved 1048576K
}
Event: 41.056 GC heap after
{Heap after GC invocations=255 (full 5):
 PSYoungGen      total 14336K, used 2036K [0x00000000eab00000, 0x00000000ebb00000, 0x0000000100000000)
  eden space 12288K, 0% used [0x00000000eab00000,0x00000000eab00000,0x00000000eb700000)
  from space 2048K, 99% used [0x00000000eb900000,0x00000000ebafd140,0x00000000ebb00000)
  to   space 2048K, 0% used [0x00000000eb700000,0x00000000eb700000,0x00000000eb900000)
 ParOldGen       total 208384K, used 208009K [0x00000000c0000000, 0x00000000ccb80000, 0x00000000eab00000)
  object space 208384K, 99% used [0x00000000c0000000,0x00000000ccb226e0,0x00000000ccb80000)
 Metaspace       used 64249K, committed 65792K, reserved 1114112K
  class space    used 6605K, committed 7296K, reserved 1048576K
}
Event: 41.285 GC heap before
{Heap before GC invocations=256 (full 5):
 PSYoungGen      total 14336K, used 14324K [0x00000000eab00000, 0x00000000ebb00000, 0x0000000100000000)
  eden space 12288K, 100% used [0x00000000eab00000,0x00000000eb700000,0x00000000eb700000)
  from space 2048K, 99% used [0x00000000eb900000,0x00000000ebafd140,0x00000000ebb00000)
  to   space 2048K, 0% used [0x00000000eb700000,0x00000000eb700000,0x00000000eb900000)
 ParOldGen       total 208384K, used 208009K [0x00000000c0000000, 0x00000000ccb80000, 0x00000000eab00000)
  object space 208384K, 99% used [0x00000000c0000000,0x00000000ccb226e0,0x00000000ccb80000)
 Metaspace       used 64332K, committed 65856K, reserved 1114112K
  class space    used 6607K, committed 7296K, reserved 1048576K
}
Event: 41.300 GC heap after
{Heap after GC invocations=256 (full 5):
 PSYoungGen      total 14336K, used 2033K [0x00000000eab00000, 0x00000000ebb00000, 0x0000000100000000)
  eden space 12288K, 0% used [0x00000000eab00000,0x00000000eab00000,0x00000000eb700000)
  from space 2048K, 99% used [0x00000000eb700000,0x00000000eb8fc760,0x00000000eb900000)
  to   space 2048K, 0% used [0x00000000eb900000,0x00000000eb900000,0x00000000ebb00000)
 ParOldGen       total 210432K, used 210185K [0x00000000c0000000, 0x00000000ccd80000, 0x00000000eab00000)
  object space 210432K, 99% used [0x00000000c0000000,0x00000000ccd425e8,0x00000000ccd80000)
 Metaspace       used 64332K, committed 65856K, reserved 1114112K
  class space    used 6607K, committed 7296K, reserved 1048576K
}
Event: 41.689 GC heap before
{Heap before GC invocations=257 (full 5):
 PSYoungGen      total 14336K, used 14321K [0x00000000eab00000, 0x00000000ebb00000, 0x0000000100000000)
  eden space 12288K, 100% used [0x00000000eab00000,0x00000000eb700000,0x00000000eb700000)
  from space 2048K, 99% used [0x00000000eb700000,0x00000000eb8fc760,0x00000000eb900000)
  to   space 2048K, 0% used [0x00000000eb900000,0x00000000eb900000,0x00000000ebb00000)
 ParOldGen       total 210432K, used 210185K [0x00000000c0000000, 0x00000000ccd80000, 0x00000000eab00000)
  object space 210432K, 99% used [0x00000000c0000000,0x00000000ccd425e8,0x00000000ccd80000)
 Metaspace       used 64390K, committed 65920K, reserved 1114112K
  class space    used 6611K, committed 7296K, reserved 1048576K
}
Event: 41.699 GC heap after
{Heap after GC invocations=257 (full 5):
 PSYoungGen      total 14336K, used 2039K [0x00000000eab00000, 0x00000000ebb00000, 0x0000000100000000)
  eden space 12288K, 0% used [0x00000000eab00000,0x00000000eab00000,0x00000000eb700000)
  from space 2048K, 99% used [0x00000000eb900000,0x00000000ebafdd28,0x00000000ebb00000)
  to   space 2048K, 0% used [0x00000000eb700000,0x00000000eb700000,0x00000000eb900000)
 ParOldGen       total 212480K, used 212125K [0x00000000c0000000, 0x00000000ccf80000, 0x00000000eab00000)
  object space 212480K, 99% used [0x00000000c0000000,0x00000000ccf275d8,0x00000000ccf80000)
 Metaspace       used 64390K, committed 65920K, reserved 1114112K
  class space    used 6611K, committed 7296K, reserved 1048576K
}

