# JRE version: Java(TM) SE Runtime Environment (17.0.9+11) (build 17.0.9+11-LTS-201)
# Java VM: Java HotSpot(TM) 64-Bit Server VM (17.0.9+11-LTS-201, mixed mode, sharing, tiered, compressed oops, compressed class ptrs, g1 gc, windows-amd64)
GC Precious Log:
 CPUs: 4 total, 4 available
 Memory: 8089M
 Large Page Support: Disabled
 NUMA Support: Disabled
 Compressed Oops: Enabled (32-bit)
 Heap Region Size: 1M
 Heap Min Capacity: 8M
 Heap Initial Capacity: 128M
 Heap Max Capacity: 2024M
 Pre-touch: Disabled
 Parallel Workers: 4
 Concurrent Workers: 1
 Concurrent Refinement Workers: 4
 Periodic GC: Disabled
Heap:
 garbage-first heap   total 73728K, used 44409K [0x0000000081800000, 0x0000000100000000)
  region size 1024K, 13 young (13312K), 3 survivors (3072K)
 Metaspace       used 78130K, committed 78720K, reserved 1179648K
  class space    used 10971K, committed 11264K, reserved 1048576K
GC Heap History (20 events):
Event: 45.992 GC heap before
{Heap before GC invocations=18 (full 0):
 garbage-first heap   total 58368K, used 46325K [0x0000000081800000, 0x0000000100000000)
  region size 1024K, 20 young (20480K), 1 survivors (1024K)
 Metaspace       used 60801K, committed 61376K, reserved 1114112K
  class space    used 8482K, committed 8704K, reserved 1048576K
}
Event: 45.999 GC heap after
{Heap after GC invocations=19 (full 0):
 garbage-first heap   total 58368K, used 28176K [0x0000000081800000, 0x0000000100000000)
  region size 1024K, 3 young (3072K), 3 survivors (3072K)
 Metaspace       used 60801K, committed 61376K, reserved 1114112K
  class space    used 8482K, committed 8704K, reserved 1048576K
}
Event: 46.688 GC heap before
{Heap before GC invocations=19 (full 0):
 garbage-first heap   total 58368K, used 44560K [0x0000000081800000, 0x0000000100000000)
  region size 1024K, 20 young (20480K), 3 survivors (3072K)
 Metaspace       used 62561K, committed 63104K, reserved 1114112K
  class space    used 8860K, committed 9088K, reserved 1048576K
}
Event: 46.694 GC heap after
{Heap after GC invocations=20 (full 0):
 garbage-first heap   total 58368K, used 28980K [0x0000000081800000, 0x0000000100000000)
  region size 1024K, 3 young (3072K), 3 survivors (3072K)
 Metaspace       used 62561K, committed 63104K, reserved 1114112K
  class space    used 8860K, committed 9088K, reserved 1048576K
}
Event: 47.140 GC heap before
{Heap before GC invocations=21 (full 0):
 garbage-first heap   total 73728K, used 45364K [0x0000000081800000, 0x0000000100000000)
  region size 1024K, 20 young (20480K), 3 survivors (3072K)
 Metaspace       used 63966K, committed 64576K, reserved 1114112K
  class space    used 9033K, committed 9280K, reserved 1048576K
}
Event: 47.145 GC heap after
{Heap after GC invocations=22 (full 0):
 garbage-first heap   total 73728K, used 29199K [0x0000000081800000, 0x0000000100000000)
  region size 1024K, 2 young (2048K), 2 survivors (2048K)
 Metaspace       used 63966K, committed 64576K, reserved 1114112K
  class space    used 9033K, committed 9280K, reserved 1048576K
}
Event: 47.515 GC heap before
{Heap before GC invocations=22 (full 0):
 garbage-first heap   total 73728K, used 58895K [0x0000000081800000, 0x0000000100000000)
  region size 1024K, 31 young (31744K), 2 survivors (2048K)
 Metaspace       used 64006K, committed 64576K, reserved 1114112K
  class space    used 9034K, committed 9280K, reserved 1048576K
}
Event: 47.519 GC heap after
{Heap after GC invocations=23 (full 0):
 garbage-first heap   total 73728K, used 30191K [0x0000000081800000, 0x0000000100000000)
  region size 1024K, 3 young (3072K), 3 survivors (3072K)
 Metaspace       used 64006K, committed 64576K, reserved 1114112K
  class space    used 9034K, committed 9280K, reserved 1048576K
}
Event: 52.095 GC heap before
{Heap before GC invocations=23 (full 0):
 garbage-first heap   total 73728K, used 59887K [0x0000000081800000, 0x0000000100000000)
  region size 1024K, 32 young (32768K), 3 survivors (3072K)
 Metaspace       used 66727K, committed 67328K, reserved 1114112K
  class space    used 9474K, committed 9728K, reserved 1048576K
}
Event: 52.108 GC heap after
{Heap after GC invocations=24 (full 0):
 garbage-first heap   total 73728K, used 31586K [0x0000000081800000, 0x0000000100000000)
  region size 1024K, 3 young (3072K), 3 survivors (3072K)
 Metaspace       used 66727K, committed 67328K, reserved 1114112K
  class space    used 9474K, committed 9728K, reserved 1048576K
}
Event: 81.964 GC heap before
{Heap before GC invocations=24 (full 0):
 garbage-first heap   total 73728K, used 59234K [0x0000000081800000, 0x0000000100000000)
  region size 1024K, 30 young (30720K), 3 survivors (3072K)
 Metaspace       used 70770K, committed 71360K, reserved 1114112K
  class space    used 10042K, committed 10304K, reserved 1048576K
}
Event: 81.983 GC heap after
{Heap after GC invocations=25 (full 0):
 garbage-first heap   total 73728K, used 33658K [0x0000000081800000, 0x0000000100000000)
  region size 1024K, 4 young (4096K), 4 survivors (4096K)
 Metaspace       used 70770K, committed 71360K, reserved 1114112K
  class space    used 10042K, committed 10304K, reserved 1048576K
}
Event: 447.510 GC heap before
{Heap before GC invocations=25 (full 0):
 garbage-first heap   total 73728K, used 60282K [0x0000000081800000, 0x0000000100000000)
  region size 1024K, 30 young (30720K), 4 survivors (4096K)
 Metaspace       used 73813K, committed 74368K, reserved 1114112K
  class space    used 10407K, committed 10688K, reserved 1048576K
}
Event: 447.526 GC heap after
{Heap after GC invocations=26 (full 0):
 garbage-first heap   total 73728K, used 35941K [0x0000000081800000, 0x0000000100000000)
  region size 1024K, 3 young (3072K), 3 survivors (3072K)
 Metaspace       used 73813K, committed 74368K, reserved 1114112K
  class space    used 10407K, committed 10688K, reserved 1048576K
}
Event: 572.150 GC heap before
{Heap before GC invocations=26 (full 0):
 garbage-first heap   total 73728K, used 57445K [0x0000000081800000, 0x0000000100000000)
  region size 1024K, 25 young (25600K), 3 survivors (3072K)
 Metaspace       used 77196K, committed 77824K, reserved 1179648K
  class space    used 10864K, committed 11136K, reserved 1048576K
}
Event: 572.165 GC heap after
{Heap after GC invocations=27 (full 0):
 garbage-first heap   total 73728K, used 37111K [0x0000000081800000, 0x0000000100000000)
  region size 1024K, 2 young (2048K), 2 survivors (2048K)
 Metaspace       used 77196K, committed 77824K, reserved 1179648K
  class space    used 10864K, committed 11136K, reserved 1048576K
}
Event: 1175.668 GC heap before
{Heap before GC invocations=28 (full 0):
 garbage-first heap   total 73728K, used 59639K [0x0000000081800000, 0x0000000100000000)
  region size 1024K, 24 young (24576K), 2 survivors (2048K)
 Metaspace       used 77290K, committed 77888K, reserved 1179648K
  class space    used 10879K, committed 11136K, reserved 1048576K
}
Event: 1175.679 GC heap after
{Heap after GC invocations=29 (full 0):
 garbage-first heap   total 73728K, used 36864K [0x0000000081800000, 0x0000000100000000)
  region size 1024K, 1 young (1024K), 1 survivors (1024K)
 Metaspace       used 77290K, committed 77888K, reserved 1179648K
  class space    used 10879K, committed 11136K, reserved 1048576K
}
Event: 1586.088 GC heap before
{Heap before GC invocations=29 (full 0):
 garbage-first heap   total 73728K, used 53248K [0x0000000081800000, 0x0000000100000000)
  region size 1024K, 18 young (18432K), 1 survivors (1024K)
 Metaspace       used 77660K, committed 78336K, reserved 1179648K
  class space    used 10939K, committed 11264K, reserved 1048576K
}
Event: 1586.258 GC heap after
{Heap after GC invocations=30 (full 1):
 garbage-first heap   total 73728K, used 32876K [0x0000000081800000, 0x0000000100000000)
  region size 1024K, 0 young (0K), 0 survivors (0K)
 Metaspace       used 77660K, committed 78336K, reserved 1179648K
  class space    used 10939K, committed 11264K, reserved 1048576K
}

