# JRE version: OpenJDK Runtime Environment Temurin-21.0.6+7 (21.0.6+7) (build 21.0.6+7-LTS)
# Java VM: OpenJDK 64-Bit Server VM Temurin-21.0.6+7 (21.0.6+7-LTS, mixed mode, sharing, tiered, compressed oops, compressed class ptrs, parallel gc, windows-amd64)
GC Precious Log:
 CardTable entry size: 512
 CPUs: 4 total, 4 available
 Memory: 8089M
 Large Page Support: Disabled
 NUMA Support: Disabled
 Compressed Oops: Enabled (32-bit)
 Alignments: Space 512K, Generation 512K, Heap 2M
 Heap Min Capacity: 100M
 Heap Initial Capacity: 100M
 Heap Max Capacity: 1G
 Pre-touch: Disabled
 Parallel Workers: 4
Heap:
 PSYoungGen      total 34304K, used 4893K [0x00000000eab00000, 0x00000000ed380000, 0x0000000100000000)
  eden space 29696K, 2% used [0x00000000eab00000,0x00000000eab97748,0x00000000ec800000)
  from space 4608K, 93% used [0x00000000ec800000,0x00000000ecc30000,0x00000000ecc80000)
  to   space 5120K, 0% used [0x00000000ece80000,0x00000000ece80000,0x00000000ed380000)
 ParOldGen       total 422912K, used 422902K [0x00000000c0000000, 0x00000000d9d00000, 0x00000000eab00000)
  object space 422912K, 99% used [0x00000000c0000000,0x00000000d9cfd858,0x00000000d9d00000)
 Metaspace       used 59606K, committed 60928K, reserved 1114112K
  class space    used 6194K, committed 6720K, reserved 1048576K
GC Heap History (20 events):
Event: 53.403 GC heap before
{Heap before GC invocations=280 (full 5):
 PSYoungGen      total 27136K, used 26208K [0x00000000eab00000, 0x00000000ecd00000, 0x0000000100000000)
  eden space 18944K, 99% used [0x00000000eab00000,0x00000000ebd7c8a8,0x00000000ebd80000)
  from space 8192K, 88% used [0x00000000ec500000,0x00000000ecc1b818,0x00000000ecd00000)
  to   space 7680K, 0% used [0x00000000ebd80000,0x00000000ebd80000,0x00000000ec500000)
 ParOldGen       total 408576K, used 408188K [0x00000000c0000000, 0x00000000d8f00000, 0x00000000eab00000)
  object space 408576K, 99% used [0x00000000c0000000,0x00000000d8e9f308,0x00000000d8f00000)
 Metaspace       used 59605K, committed 60928K, reserved 1114112K
  class space    used 6194K, committed 6720K, reserved 1048576K
}
Event: 53.423 GC heap after
{Heap after GC invocations=280 (full 5):
 PSYoungGen      total 26624K, used 7656K [0x00000000eab00000, 0x00000000ed200000, 0x0000000100000000)
  eden space 18944K, 0% used [0x00000000eab00000,0x00000000eab00000,0x00000000ebd80000)
  from space 7680K, 99% used [0x00000000ebd80000,0x00000000ec4fa070,0x00000000ec500000)
  to   space 9728K, 0% used [0x00000000ec880000,0x00000000ec880000,0x00000000ed200000)
 ParOldGen       total 409600K, used 409564K [0x00000000c0000000, 0x00000000d9000000, 0x00000000eab00000)
  object space 409600K, 99% used [0x00000000c0000000,0x00000000d8ff7308,0x00000000d9000000)
 Metaspace       used 59605K, committed 60928K, reserved 1114112K
  class space    used 6194K, committed 6720K, reserved 1048576K
}
Event: 54.074 GC heap before
{Heap before GC invocations=281 (full 5):
 PSYoungGen      total 26624K, used 26600K [0x00000000eab00000, 0x00000000ed200000, 0x0000000100000000)
  eden space 18944K, 100% used [0x00000000eab00000,0x00000000ebd80000,0x00000000ebd80000)
  from space 7680K, 99% used [0x00000000ebd80000,0x00000000ec4fa070,0x00000000ec500000)
  to   space 9728K, 0% used [0x00000000ec880000,0x00000000ec880000,0x00000000ed200000)
 ParOldGen       total 409600K, used 409564K [0x00000000c0000000, 0x00000000d9000000, 0x00000000eab00000)
  object space 409600K, 99% used [0x00000000c0000000,0x00000000d8ff7308,0x00000000d9000000)
 Metaspace       used 59605K, committed 60928K, reserved 1114112K
  class space    used 6194K, committed 6720K, reserved 1048576K
}
Event: 54.095 GC heap after
{Heap after GC invocations=281 (full 5):
 PSYoungGen      total 28160K, used 7245K [0x00000000eab00000, 0x00000000ed000000, 0x0000000100000000)
  eden space 20480K, 0% used [0x00000000eab00000,0x00000000eab00000,0x00000000ebf00000)
  from space 7680K, 94% used [0x00000000ec880000,0x00000000ecf93558,0x00000000ed000000)
  to   space 8192K, 0% used [0x00000000ec000000,0x00000000ec000000,0x00000000ec800000)
 ParOldGen       total 411136K, used 411052K [0x00000000c0000000, 0x00000000d9180000, 0x00000000eab00000)
  object space 411136K, 99% used [0x00000000c0000000,0x00000000d916b308,0x00000000d9180000)
 Metaspace       used 59605K, committed 60928K, reserved 1114112K
  class space    used 6194K, committed 6720K, reserved 1048576K
}
Event: 54.329 GC heap before
{Heap before GC invocations=282 (full 5):
 PSYoungGen      total 28160K, used 27725K [0x00000000eab00000, 0x00000000ed000000, 0x0000000100000000)
  eden space 20480K, 100% used [0x00000000eab00000,0x00000000ebf00000,0x00000000ebf00000)
  from space 7680K, 94% used [0x00000000ec880000,0x00000000ecf93558,0x00000000ed000000)
  to   space 8192K, 0% used [0x00000000ec000000,0x00000000ec000000,0x00000000ec800000)
 ParOldGen       total 411136K, used 411052K [0x00000000c0000000, 0x00000000d9180000, 0x00000000eab00000)
  object space 411136K, 99% used [0x00000000c0000000,0x00000000d916b308,0x00000000d9180000)
 Metaspace       used 59605K, committed 60928K, reserved 1114112K
  class space    used 6194K, committed 6720K, reserved 1048576K
}
Event: 54.350 GC heap after
{Heap after GC invocations=282 (full 5):
 PSYoungGen      total 29696K, used 8185K [0x00000000eab00000, 0x00000000ed480000, 0x0000000100000000)
  eden space 21504K, 0% used [0x00000000eab00000,0x00000000eab00000,0x00000000ec000000)
  from space 8192K, 99% used [0x00000000ec000000,0x00000000ec7fe5c8,0x00000000ec800000)
  to   space 10240K, 0% used [0x00000000eca80000,0x00000000eca80000,0x00000000ed480000)
 ParOldGen       total 412672K, used 412360K [0x00000000c0000000, 0x00000000d9300000, 0x00000000eab00000)
  object space 412672K, 99% used [0x00000000c0000000,0x00000000d92b2018,0x00000000d9300000)
 Metaspace       used 59605K, committed 60928K, reserved 1114112K
  class space    used 6194K, committed 6720K, reserved 1048576K
}
Event: 55.189 GC heap before
{Heap before GC invocations=283 (full 5):
 PSYoungGen      total 29696K, used 29689K [0x00000000eab00000, 0x00000000ed480000, 0x0000000100000000)
  eden space 21504K, 100% used [0x00000000eab00000,0x00000000ec000000,0x00000000ec000000)
  from space 8192K, 99% used [0x00000000ec000000,0x00000000ec7fe5c8,0x00000000ec800000)
  to   space 10240K, 0% used [0x00000000eca80000,0x00000000eca80000,0x00000000ed480000)
 ParOldGen       total 412672K, used 412360K [0x00000000c0000000, 0x00000000d9300000, 0x00000000eab00000)
  object space 412672K, 99% used [0x00000000c0000000,0x00000000d92b2018,0x00000000d9300000)
 Metaspace       used 59605K, committed 60928K, reserved 1114112K
  class space    used 6194K, committed 6720K, reserved 1048576K
}
Event: 55.209 GC heap after
{Heap after GC invocations=283 (full 5):
 PSYoungGen      total 29184K, used 5849K [0x00000000eab00000, 0x00000000ed080000, 0x0000000100000000)
  eden space 23040K, 0% used [0x00000000eab00000,0x00000000eab00000,0x00000000ec180000)
  from space 6144K, 95% used [0x00000000eca80000,0x00000000ed0364d0,0x00000000ed080000)
  to   space 7680K, 0% used [0x00000000ec180000,0x00000000ec180000,0x00000000ec900000)
 ParOldGen       total 414208K, used 413960K [0x00000000c0000000, 0x00000000d9480000, 0x00000000eab00000)
  object space 414208K, 99% used [0x00000000c0000000,0x00000000d9442018,0x00000000d9480000)
 Metaspace       used 59605K, committed 60928K, reserved 1114112K
  class space    used 6194K, committed 6720K, reserved 1048576K
}
Event: 55.629 GC heap before
{Heap before GC invocations=284 (full 5):
 PSYoungGen      total 29184K, used 28889K [0x00000000eab00000, 0x00000000ed080000, 0x0000000100000000)
  eden space 23040K, 100% used [0x00000000eab00000,0x00000000ec180000,0x00000000ec180000)
  from space 6144K, 95% used [0x00000000eca80000,0x00000000ed0364d0,0x00000000ed080000)
  to   space 7680K, 0% used [0x00000000ec180000,0x00000000ec180000,0x00000000ec900000)
 ParOldGen       total 414208K, used 413960K [0x00000000c0000000, 0x00000000d9480000, 0x00000000eab00000)
  object space 414208K, 99% used [0x00000000c0000000,0x00000000d9442018,0x00000000d9480000)
 Metaspace       used 59605K, committed 60928K, reserved 1114112K
  class space    used 6194K, committed 6720K, reserved 1048576K
}
Event: 55.647 GC heap after
{Heap after GC invocations=284 (full 5):
 PSYoungGen      total 30720K, used 7653K [0x00000000eab00000, 0x00000000ed500000, 0x0000000100000000)
  eden space 23040K, 0% used [0x00000000eab00000,0x00000000eab00000,0x00000000ec180000)
  from space 7680K, 99% used [0x00000000ec180000,0x00000000ec8f94d8,0x00000000ec900000)
  to   space 9216K, 0% used [0x00000000ecc00000,0x00000000ecc00000,0x00000000ed500000)
 ParOldGen       total 415232K, used 414736K [0x00000000c0000000, 0x00000000d9580000, 0x00000000eab00000)
  object space 415232K, 99% used [0x00000000c0000000,0x00000000d9504018,0x00000000d9580000)
 Metaspace       used 59605K, committed 60928K, reserved 1114112K
  class space    used 6194K, committed 6720K, reserved 1048576K
}
Event: 56.114 GC heap before
{Heap before GC invocations=285 (full 5):
 PSYoungGen      total 30720K, used 30693K [0x00000000eab00000, 0x00000000ed500000, 0x0000000100000000)
  eden space 23040K, 100% used [0x00000000eab00000,0x00000000ec180000,0x00000000ec180000)
  from space 7680K, 99% used [0x00000000ec180000,0x00000000ec8f94d8,0x00000000ec900000)
  to   space 9216K, 0% used [0x00000000ecc00000,0x00000000ecc00000,0x00000000ed500000)
 ParOldGen       total 415232K, used 414736K [0x00000000c0000000, 0x00000000d9580000, 0x00000000eab00000)
  object space 415232K, 99% used [0x00000000c0000000,0x00000000d9504018,0x00000000d9580000)
 Metaspace       used 59605K, committed 60928K, reserved 1114112K
  class space    used 6194K, committed 6720K, reserved 1048576K
}
Event: 56.138 GC heap after
{Heap after GC invocations=285 (full 5):
 PSYoungGen      total 33280K, used 8278K [0x00000000eab00000, 0x00000000ed480000, 0x0000000100000000)
  eden space 24576K, 0% used [0x00000000eab00000,0x00000000eab00000,0x00000000ec300000)
  from space 8704K, 95% used [0x00000000ecc00000,0x00000000ed415878,0x00000000ed480000)
  to   space 8704K, 0% used [0x00000000ec380000,0x00000000ec380000,0x00000000ecc00000)
 ParOldGen       total 416768K, used 416483K [0x00000000c0000000, 0x00000000d9700000, 0x00000000eab00000)
  object space 416768K, 99% used [0x00000000c0000000,0x00000000d96b8c20,0x00000000d9700000)
 Metaspace       used 59605K, committed 60928K, reserved 1114112K
  class space    used 6194K, committed 6720K, reserved 1048576K
}
Event: 56.523 GC heap before
{Heap before GC invocations=286 (full 5):
 PSYoungGen      total 33280K, used 32854K [0x00000000eab00000, 0x00000000ed480000, 0x0000000100000000)
  eden space 24576K, 100% used [0x00000000eab00000,0x00000000ec300000,0x00000000ec300000)
  from space 8704K, 95% used [0x00000000ecc00000,0x00000000ed415878,0x00000000ed480000)
  to   space 8704K, 0% used [0x00000000ec380000,0x00000000ec380000,0x00000000ecc00000)
 ParOldGen       total 416768K, used 416483K [0x00000000c0000000, 0x00000000d9700000, 0x00000000eab00000)
  object space 416768K, 99% used [0x00000000c0000000,0x00000000d96b8c20,0x00000000d9700000)
 Metaspace       used 59605K, committed 60928K, reserved 1114112K
  class space    used 6194K, committed 6720K, reserved 1048576K
}
Event: 56.546 GC heap after
{Heap after GC invocations=286 (full 5):
 PSYoungGen      total 33792K, used 8703K [0x00000000eab00000, 0x00000000eda80000, 0x0000000100000000)
  eden space 25088K, 0% used [0x00000000eab00000,0x00000000eab00000,0x00000000ec380000)
  from space 8704K, 99% used [0x00000000ec380000,0x00000000ecbffd50,0x00000000ecc00000)
  to   space 11264K, 0% used [0x00000000ecf80000,0x00000000ecf80000,0x00000000eda80000)
 ParOldGen       total 418816K, used 418462K [0x00000000c0000000, 0x00000000d9900000, 0x00000000eab00000)
  object space 418816K, 99% used [0x00000000c0000000,0x00000000d98a7850,0x00000000d9900000)
 Metaspace       used 59605K, committed 60928K, reserved 1114112K
  class space    used 6194K, committed 6720K, reserved 1048576K
}
Event: 56.877 GC heap before
{Heap before GC invocations=287 (full 5):
 PSYoungGen      total 33792K, used 33791K [0x00000000eab00000, 0x00000000eda80000, 0x0000000100000000)
  eden space 25088K, 100% used [0x00000000eab00000,0x00000000ec380000,0x00000000ec380000)
  from space 8704K, 99% used [0x00000000ec380000,0x00000000ecbffd50,0x00000000ecc00000)
  to   space 11264K, 0% used [0x00000000ecf80000,0x00000000ecf80000,0x00000000eda80000)
 ParOldGen       total 418816K, used 418462K [0x00000000c0000000, 0x00000000d9900000, 0x00000000eab00000)
  object space 418816K, 99% used [0x00000000c0000000,0x00000000d98a7850,0x00000000d9900000)
 Metaspace       used 59605K, committed 60928K, reserved 1114112K
  class space    used 6194K, committed 6720K, reserved 1048576K
}
Event: 56.897 GC heap after
{Heap after GC invocations=287 (full 5):
 PSYoungGen      total 32768K, used 5663K [0x00000000eab00000, 0x00000000ed580000, 0x0000000100000000)
  eden space 26624K, 0% used [0x00000000eab00000,0x00000000eab00000,0x00000000ec500000)
  from space 6144K, 92% used [0x00000000ecf80000,0x00000000ed507ca8,0x00000000ed580000)
  to   space 7680K, 0% used [0x00000000ec680000,0x00000000ec680000,0x00000000ece00000)
 ParOldGen       total 420864K, used 420590K [0x00000000c0000000, 0x00000000d9b00000, 0x00000000eab00000)
  object space 420864K, 99% used [0x00000000c0000000,0x00000000d9abb858,0x00000000d9b00000)
 Metaspace       used 59605K, committed 60928K, reserved 1114112K
  class space    used 6194K, committed 6720K, reserved 1048576K
}
Event: 57.195 GC heap before
{Heap before GC invocations=288 (full 5):
 PSYoungGen      total 32768K, used 32287K [0x00000000eab00000, 0x00000000ed580000, 0x0000000100000000)
  eden space 26624K, 100% used [0x00000000eab00000,0x00000000ec500000,0x00000000ec500000)
  from space 6144K, 92% used [0x00000000ecf80000,0x00000000ed507ca8,0x00000000ed580000)
  to   space 7680K, 0% used [0x00000000ec680000,0x00000000ec680000,0x00000000ece00000)
 ParOldGen       total 420864K, used 420590K [0x00000000c0000000, 0x00000000d9b00000, 0x00000000eab00000)
  object space 420864K, 99% used [0x00000000c0000000,0x00000000d9abb858,0x00000000d9b00000)
 Metaspace       used 59605K, committed 60928K, reserved 1114112K
  class space    used 6194K, committed 6720K, reserved 1048576K
}
Event: 57.217 GC heap after
{Heap after GC invocations=288 (full 5):
 PSYoungGen      total 35840K, used 7648K [0x00000000eab00000, 0x00000000ed980000, 0x0000000100000000)
  eden space 28160K, 0% used [0x00000000eab00000,0x00000000eab00000,0x00000000ec680000)
  from space 7680K, 99% used [0x00000000ec680000,0x00000000ecdf80a8,0x00000000ece00000)
  to   space 9728K, 0% used [0x00000000ed000000,0x00000000ed000000,0x00000000ed980000)
 ParOldGen       total 421888K, used 421886K [0x00000000c0000000, 0x00000000d9c00000, 0x00000000eab00000)
  object space 421888K, 99% used [0x00000000c0000000,0x00000000d9bff858,0x00000000d9c00000)
 Metaspace       used 59605K, committed 60928K, reserved 1114112K
  class space    used 6194K, committed 6720K, reserved 1048576K
}
Event: 58.594 GC heap before
{Heap before GC invocations=289 (full 5):
 PSYoungGen      total 35840K, used 35808K [0x00000000eab00000, 0x00000000ed980000, 0x0000000100000000)
  eden space 28160K, 100% used [0x00000000eab00000,0x00000000ec680000,0x00000000ec680000)
  from space 7680K, 99% used [0x00000000ec680000,0x00000000ecdf80a8,0x00000000ece00000)
  to   space 9728K, 0% used [0x00000000ed000000,0x00000000ed000000,0x00000000ed980000)
 ParOldGen       total 421888K, used 421886K [0x00000000c0000000, 0x00000000d9c00000, 0x00000000eab00000)
  object space 421888K, 99% used [0x00000000c0000000,0x00000000d9bff858,0x00000000d9c00000)
 Metaspace       used 59606K, committed 60928K, reserved 1114112K
  class space    used 6194K, committed 6720K, reserved 1048576K
}
Event: 58.627 GC heap after
{Heap after GC invocations=289 (full 5):
 PSYoungGen      total 35840K, used 5790K [0x00000000eab00000, 0x00000000ed600000, 0x0000000100000000)
  eden space 29696K, 0% used [0x00000000eab00000,0x00000000eab00000,0x00000000ec800000)
  from space 6144K, 94% used [0x00000000ed000000,0x00000000ed5a7b08,0x00000000ed600000)
  to   space 7168K, 0% used [0x00000000ec800000,0x00000000ec800000,0x00000000ecf00000)
 ParOldGen       total 422912K, used 422902K [0x00000000c0000000, 0x00000000d9d00000, 0x00000000eab00000)
  object space 422912K, 99% used [0x00000000c0000000,0x00000000d9cfd858,0x00000000d9d00000)
 Metaspace       used 59606K, committed 60928K, reserved 1114112K
  class space    used 6194K, committed 6720K, reserved 1048576K
}

