# JRE version: OpenJDK Runtime Environment Temurin-21.0.7+6 (21.0.7+6) (build 21.0.7+6-LTS)
# Java VM: OpenJDK 64-Bit Server VM Temurin-21.0.7+6 (21.0.7+6-LTS, mixed mode, sharing, tiered, compressed oops, compressed class ptrs, parallel gc, windows-amd64)
GC Precious Log:
 CardTable entry size: 512
 CPUs: 4 total, 4 available
 Memory: 8089M
 Large Page Support: Disabled
 NUMA Support: Disabled
 Compressed Oops: Enabled (32-bit)
 Alignments: Space 512K, Generation 512K, Heap 2M
 Heap Min Capacity: 100M
 Heap Initial Capacity: 100M
 Heap Max Capacity: 1G
 Pre-touch: Disabled
 Parallel Workers: 4
Heap:
 PSYoungGen      total 6656K, used 515K [0x00000000eab00000, 0x00000000eb380000, 0x0000000100000000)
  eden space 6144K, 1% used [0x00000000eab00000,0x00000000eab17a00,0x00000000eb100000)
  from space 512K, 82% used [0x00000000eb100000,0x00000000eb169208,0x00000000eb180000)
  to   space 1024K, 0% used [0x00000000eb280000,0x00000000eb280000,0x00000000eb380000)
 ParOldGen       total 356864K, used 356430K [0x00000000c0000000, 0x00000000d5c80000, 0x00000000eab00000)
  object space 356864K, 99% used [0x00000000c0000000,0x00000000d5c138b0,0x00000000d5c80000)
 Metaspace       used 65687K, committed 67264K, reserved 1114112K
  class space    used 6721K, committed 7424K, reserved 1048576K
GC Heap History (20 events):
Event: 58.768 GC heap after
{Heap after GC invocations=321 (full 3):
 PSYoungGen      total 7168K, used 258K [0x00000000eab00000, 0x00000000eb480000, 0x0000000100000000)
  eden space 6656K, 0% used [0x00000000eab00000,0x00000000eab00000,0x00000000eb180000)
  from space 512K, 50% used [0x00000000eb400000,0x00000000eb440928,0x00000000eb480000)
  to   space 512K, 0% used [0x00000000eb380000,0x00000000eb380000,0x00000000eb400000)
 ParOldGen       total 351232K, used 350947K [0x00000000c0000000, 0x00000000d5700000, 0x00000000eab00000)
  object space 351232K, 99% used [0x00000000c0000000,0x00000000d56b8fb8,0x00000000d5700000)
 Metaspace       used 65674K, committed 67264K, reserved 1114112K
  class space    used 6720K, committed 7424K, reserved 1048576K
}
Event: 58.863 GC heap before
{Heap before GC invocations=322 (full 3):
 PSYoungGen      total 7168K, used 6914K [0x00000000eab00000, 0x00000000eb480000, 0x0000000100000000)
  eden space 6656K, 100% used [0x00000000eab00000,0x00000000eb180000,0x00000000eb180000)
  from space 512K, 50% used [0x00000000eb400000,0x00000000eb440928,0x00000000eb480000)
  to   space 512K, 0% used [0x00000000eb380000,0x00000000eb380000,0x00000000eb400000)
 ParOldGen       total 351232K, used 350949K [0x00000000c0000000, 0x00000000d5700000, 0x00000000eab00000)
  object space 351232K, 99% used [0x00000000c0000000,0x00000000d56b97c0,0x00000000d5700000)
 Metaspace       used 65674K, committed 67264K, reserved 1114112K
  class space    used 6720K, committed 7424K, reserved 1048576K
}
Event: 58.866 GC heap after
{Heap after GC invocations=322 (full 3):
 PSYoungGen      total 7168K, used 221K [0x00000000eab00000, 0x00000000eb480000, 0x0000000100000000)
  eden space 6656K, 0% used [0x00000000eab00000,0x00000000eab00000,0x00000000eb180000)
  from space 512K, 43% used [0x00000000eb380000,0x00000000eb3b7538,0x00000000eb400000)
  to   space 512K, 0% used [0x00000000eb400000,0x00000000eb400000,0x00000000eb480000)
 ParOldGen       total 351232K, used 351105K [0x00000000c0000000, 0x00000000d5700000, 0x00000000eab00000)
  object space 351232K, 99% used [0x00000000c0000000,0x00000000d56e07d8,0x00000000d5700000)
 Metaspace       used 65674K, committed 67264K, reserved 1114112K
  class space    used 6720K, committed 7424K, reserved 1048576K
}
Event: 58.887 GC heap before
{Heap before GC invocations=323 (full 3):
 PSYoungGen      total 7168K, used 6877K [0x00000000eab00000, 0x00000000eb480000, 0x0000000100000000)
  eden space 6656K, 100% used [0x00000000eab00000,0x00000000eb180000,0x00000000eb180000)
  from space 512K, 43% used [0x00000000eb380000,0x00000000eb3b7538,0x00000000eb400000)
  to   space 512K, 0% used [0x00000000eb400000,0x00000000eb400000,0x00000000eb480000)
 ParOldGen       total 351232K, used 351105K [0x00000000c0000000, 0x00000000d5700000, 0x00000000eab00000)
  object space 351232K, 99% used [0x00000000c0000000,0x00000000d56e07d8,0x00000000d5700000)
 Metaspace       used 65677K, committed 67264K, reserved 1114112K
  class space    used 6720K, committed 7424K, reserved 1048576K
}
Event: 58.889 GC heap after
{Heap after GC invocations=323 (full 3):
 PSYoungGen      total 7168K, used 96K [0x00000000eab00000, 0x00000000eb480000, 0x0000000100000000)
  eden space 6656K, 0% used [0x00000000eab00000,0x00000000eab00000,0x00000000eb180000)
  from space 512K, 18% used [0x00000000eb400000,0x00000000eb418000,0x00000000eb480000)
  to   space 512K, 0% used [0x00000000eb380000,0x00000000eb380000,0x00000000eb400000)
 ParOldGen       total 351232K, used 351169K [0x00000000c0000000, 0x00000000d5700000, 0x00000000eab00000)
  object space 351232K, 99% used [0x00000000c0000000,0x00000000d56f07d8,0x00000000d5700000)
 Metaspace       used 65677K, committed 67264K, reserved 1114112K
  class space    used 6720K, committed 7424K, reserved 1048576K
}
Event: 58.992 GC heap before
{Heap before GC invocations=324 (full 3):
 PSYoungGen      total 7168K, used 6752K [0x00000000eab00000, 0x00000000eb480000, 0x0000000100000000)
  eden space 6656K, 100% used [0x00000000eab00000,0x00000000eb180000,0x00000000eb180000)
  from space 512K, 18% used [0x00000000eb400000,0x00000000eb418000,0x00000000eb480000)
  to   space 512K, 0% used [0x00000000eb380000,0x00000000eb380000,0x00000000eb400000)
 ParOldGen       total 351232K, used 351169K [0x00000000c0000000, 0x00000000d5700000, 0x00000000eab00000)
  object space 351232K, 99% used [0x00000000c0000000,0x00000000d56f07d8,0x00000000d5700000)
 Metaspace       used 65685K, committed 67264K, reserved 1114112K
  class space    used 6721K, committed 7424K, reserved 1048576K
}
Event: 58.996 GC heap after
{Heap after GC invocations=324 (full 3):
 PSYoungGen      total 7168K, used 492K [0x00000000eab00000, 0x00000000eb480000, 0x0000000100000000)
  eden space 6656K, 0% used [0x00000000eab00000,0x00000000eab00000,0x00000000eb180000)
  from space 512K, 96% used [0x00000000eb380000,0x00000000eb3fb1e8,0x00000000eb400000)
  to   space 512K, 0% used [0x00000000eb400000,0x00000000eb400000,0x00000000eb480000)
 ParOldGen       total 351744K, used 351587K [0x00000000c0000000, 0x00000000d5780000, 0x00000000eab00000)
  object space 351744K, 99% used [0x00000000c0000000,0x00000000d5758fd8,0x00000000d5780000)
 Metaspace       used 65685K, committed 67264K, reserved 1114112K
  class space    used 6721K, committed 7424K, reserved 1048576K
}
Event: 59.034 GC heap before
{Heap before GC invocations=325 (full 3):
 PSYoungGen      total 7168K, used 7148K [0x00000000eab00000, 0x00000000eb480000, 0x0000000100000000)
  eden space 6656K, 100% used [0x00000000eab00000,0x00000000eb180000,0x00000000eb180000)
  from space 512K, 96% used [0x00000000eb380000,0x00000000eb3fb1e8,0x00000000eb400000)
  to   space 512K, 0% used [0x00000000eb400000,0x00000000eb400000,0x00000000eb480000)
 ParOldGen       total 351744K, used 351587K [0x00000000c0000000, 0x00000000d5780000, 0x00000000eab00000)
  object space 351744K, 99% used [0x00000000c0000000,0x00000000d5758fd8,0x00000000d5780000)
 Metaspace       used 65685K, committed 67264K, reserved 1114112K
  class space    used 6721K, committed 7424K, reserved 1048576K
}
Event: 59.038 GC heap after
{Heap after GC invocations=325 (full 3):
 PSYoungGen      total 7168K, used 490K [0x00000000eab00000, 0x00000000eb480000, 0x0000000100000000)
  eden space 6656K, 0% used [0x00000000eab00000,0x00000000eab00000,0x00000000eb180000)
  from space 512K, 95% used [0x00000000eb400000,0x00000000eb47a800,0x00000000eb480000)
  to   space 1024K, 0% used [0x00000000eb280000,0x00000000eb280000,0x00000000eb380000)
 ParOldGen       total 352256K, used 352087K [0x00000000c0000000, 0x00000000d5800000, 0x00000000eab00000)
  object space 352256K, 99% used [0x00000000c0000000,0x00000000d57d5c20,0x00000000d5800000)
 Metaspace       used 65685K, committed 67264K, reserved 1114112K
  class space    used 6721K, committed 7424K, reserved 1048576K
}
Event: 59.063 GC heap before
{Heap before GC invocations=326 (full 3):
 PSYoungGen      total 7168K, used 7146K [0x00000000eab00000, 0x00000000eb480000, 0x0000000100000000)
  eden space 6656K, 100% used [0x00000000eab00000,0x00000000eb180000,0x00000000eb180000)
  from space 512K, 95% used [0x00000000eb400000,0x00000000eb47a800,0x00000000eb480000)
  to   space 1024K, 0% used [0x00000000eb280000,0x00000000eb280000,0x00000000eb380000)
 ParOldGen       total 352256K, used 352087K [0x00000000c0000000, 0x00000000d5800000, 0x00000000eab00000)
  object space 352256K, 99% used [0x00000000c0000000,0x00000000d57d5c20,0x00000000d5800000)
 Metaspace       used 65687K, committed 67264K, reserved 1114112K
  class space    used 6721K, committed 7424K, reserved 1048576K
}
Event: 59.065 GC heap after
{Heap after GC invocations=326 (full 3):
 PSYoungGen      total 7680K, used 844K [0x00000000eab00000, 0x00000000eb480000, 0x0000000100000000)
  eden space 6656K, 0% used [0x00000000eab00000,0x00000000eab00000,0x00000000eb180000)
  from space 1024K, 82% used [0x00000000eb280000,0x00000000eb353238,0x00000000eb380000)
  to   space 1024K, 0% used [0x00000000eb380000,0x00000000eb380000,0x00000000eb480000)
 ParOldGen       total 352768K, used 352473K [0x00000000c0000000, 0x00000000d5880000, 0x00000000eab00000)
  object space 352768K, 99% used [0x00000000c0000000,0x00000000d5836420,0x00000000d5880000)
 Metaspace       used 65687K, committed 67264K, reserved 1114112K
  class space    used 6721K, committed 7424K, reserved 1048576K
}
Event: 59.102 GC heap before
{Heap before GC invocations=327 (full 3):
 PSYoungGen      total 7680K, used 7500K [0x00000000eab00000, 0x00000000eb480000, 0x0000000100000000)
  eden space 6656K, 100% used [0x00000000eab00000,0x00000000eb180000,0x00000000eb180000)
  from space 1024K, 82% used [0x00000000eb280000,0x00000000eb353238,0x00000000eb380000)
  to   space 1024K, 0% used [0x00000000eb380000,0x00000000eb380000,0x00000000eb480000)
 ParOldGen       total 352768K, used 352473K [0x00000000c0000000, 0x00000000d5880000, 0x00000000eab00000)
  object space 352768K, 99% used [0x00000000c0000000,0x00000000d5836420,0x00000000d5880000)
 Metaspace       used 65687K, committed 67264K, reserved 1114112K
  class space    used 6721K, committed 7424K, reserved 1048576K
}
Event: 59.107 GC heap after
{Heap after GC invocations=327 (full 3):
 PSYoungGen      total 7680K, used 1014K [0x00000000eab00000, 0x00000000eb480000, 0x0000000100000000)
  eden space 6656K, 0% used [0x00000000eab00000,0x00000000eab00000,0x00000000eb180000)
  from space 1024K, 99% used [0x00000000eb380000,0x00000000eb47db88,0x00000000eb480000)
  to   space 1024K, 0% used [0x00000000eb280000,0x00000000eb280000,0x00000000eb380000)
 ParOldGen       total 353792K, used 353395K [0x00000000c0000000, 0x00000000d5980000, 0x00000000eab00000)
  object space 353792K, 99% used [0x00000000c0000000,0x00000000d591cd20,0x00000000d5980000)
 Metaspace       used 65687K, committed 67264K, reserved 1114112K
  class space    used 6721K, committed 7424K, reserved 1048576K
}
Event: 59.143 GC heap before
{Heap before GC invocations=328 (full 3):
 PSYoungGen      total 7680K, used 7670K [0x00000000eab00000, 0x00000000eb480000, 0x0000000100000000)
  eden space 6656K, 100% used [0x00000000eab00000,0x00000000eb180000,0x00000000eb180000)
  from space 1024K, 99% used [0x00000000eb380000,0x00000000eb47db88,0x00000000eb480000)
  to   space 1024K, 0% used [0x00000000eb280000,0x00000000eb280000,0x00000000eb380000)
 ParOldGen       total 353792K, used 353395K [0x00000000c0000000, 0x00000000d5980000, 0x00000000eab00000)
  object space 353792K, 99% used [0x00000000c0000000,0x00000000d591cd20,0x00000000d5980000)
 Metaspace       used 65687K, committed 67264K, reserved 1114112K
  class space    used 6721K, committed 7424K, reserved 1048576K
}
Event: 59.145 GC heap after
{Heap after GC invocations=328 (full 3):
 PSYoungGen      total 7168K, used 128K [0x00000000eab00000, 0x00000000eb400000, 0x0000000100000000)
  eden space 6656K, 0% used [0x00000000eab00000,0x00000000eab00000,0x00000000eb180000)
  from space 512K, 25% used [0x00000000eb280000,0x00000000eb2a0000,0x00000000eb300000)
  to   space 1024K, 0% used [0x00000000eb300000,0x00000000eb300000,0x00000000eb400000)
 ParOldGen       total 354816K, used 354412K [0x00000000c0000000, 0x00000000d5a80000, 0x00000000eab00000)
  object space 354816K, 99% used [0x00000000c0000000,0x00000000d5a1b3f8,0x00000000d5a80000)
 Metaspace       used 65687K, committed 67264K, reserved 1114112K
  class space    used 6721K, committed 7424K, reserved 1048576K
}
Event: 59.165 GC heap before
{Heap before GC invocations=329 (full 3):
 PSYoungGen      total 7168K, used 6784K [0x00000000eab00000, 0x00000000eb400000, 0x0000000100000000)
  eden space 6656K, 100% used [0x00000000eab00000,0x00000000eb180000,0x00000000eb180000)
  from space 512K, 25% used [0x00000000eb280000,0x00000000eb2a0000,0x00000000eb300000)
  to   space 1024K, 0% used [0x00000000eb300000,0x00000000eb300000,0x00000000eb400000)
 ParOldGen       total 354816K, used 354412K [0x00000000c0000000, 0x00000000d5a80000, 0x00000000eab00000)
  object space 354816K, 99% used [0x00000000c0000000,0x00000000d5a1b3f8,0x00000000d5a80000)
 Metaspace       used 65687K, committed 67264K, reserved 1114112K
  class space    used 6721K, committed 7424K, reserved 1048576K
}
Event: 59.168 GC heap after
{Heap after GC invocations=329 (full 3):
 PSYoungGen      total 7168K, used 293K [0x00000000eab00000, 0x00000000eb380000, 0x0000000100000000)
  eden space 6656K, 0% used [0x00000000eab00000,0x00000000eab00000,0x00000000eb180000)
  from space 512K, 57% used [0x00000000eb300000,0x00000000eb3496d0,0x00000000eb380000)
  to   space 512K, 0% used [0x00000000eb280000,0x00000000eb280000,0x00000000eb300000)
 ParOldGen       total 354816K, used 354444K [0x00000000c0000000, 0x00000000d5a80000, 0x00000000eab00000)
  object space 354816K, 99% used [0x00000000c0000000,0x00000000d5a233f8,0x00000000d5a80000)
 Metaspace       used 65687K, committed 67264K, reserved 1114112K
  class space    used 6721K, committed 7424K, reserved 1048576K
}
Event: 59.213 GC heap before
{Heap before GC invocations=330 (full 3):
 PSYoungGen      total 7168K, used 6904K [0x00000000eab00000, 0x00000000eb380000, 0x0000000100000000)
  eden space 6656K, 99% used [0x00000000eab00000,0x00000000eb174a80,0x00000000eb180000)
  from space 512K, 57% used [0x00000000eb300000,0x00000000eb3496d0,0x00000000eb380000)
  to   space 512K, 0% used [0x00000000eb280000,0x00000000eb280000,0x00000000eb300000)
 ParOldGen       total 354816K, used 354444K [0x00000000c0000000, 0x00000000d5a80000, 0x00000000eab00000)
  object space 354816K, 99% used [0x00000000c0000000,0x00000000d5a233f8,0x00000000d5a80000)
 Metaspace       used 65687K, committed 67264K, reserved 1114112K
  class space    used 6721K, committed 7424K, reserved 1048576K
}
Event: 59.215 GC heap after
{Heap after GC invocations=330 (full 3):
 PSYoungGen      total 7168K, used 488K [0x00000000eab00000, 0x00000000eb380000, 0x0000000100000000)
  eden space 6656K, 0% used [0x00000000eab00000,0x00000000eab00000,0x00000000eb180000)
  from space 512K, 95% used [0x00000000eb280000,0x00000000eb2fa000,0x00000000eb300000)
  to   space 512K, 0% used [0x00000000eb300000,0x00000000eb300000,0x00000000eb380000)
 ParOldGen       total 354816K, used 354761K [0x00000000c0000000, 0x00000000d5a80000, 0x00000000eab00000)
  object space 354816K, 99% used [0x00000000c0000000,0x00000000d5a72680,0x00000000d5a80000)
 Metaspace       used 65687K, committed 67264K, reserved 1114112K
  class space    used 6721K, committed 7424K, reserved 1048576K
}
Event: 59.236 GC heap before
{Heap before GC invocations=331 (full 3):
 PSYoungGen      total 7168K, used 7144K [0x00000000eab00000, 0x00000000eb380000, 0x0000000100000000)
  eden space 6656K, 100% used [0x00000000eab00000,0x00000000eb180000,0x00000000eb180000)
  from space 512K, 95% used [0x00000000eb280000,0x00000000eb2fa000,0x00000000eb300000)
  to   space 512K, 0% used [0x00000000eb300000,0x00000000eb300000,0x00000000eb380000)
 ParOldGen       total 354816K, used 354761K [0x00000000c0000000, 0x00000000d5a80000, 0x00000000eab00000)
  object space 354816K, 99% used [0x00000000c0000000,0x00000000d5a72680,0x00000000d5a80000)
 Metaspace       used 65687K, committed 67264K, reserved 1114112K
  class space    used 6721K, committed 7424K, reserved 1048576K
}

