# JRE version: Java(TM) SE Runtime Environment (17.0.9+11) (build 17.0.9+11-LTS-201)
# Java VM: Java HotSpot(TM) 64-Bit Server VM (17.0.9+11-LTS-201, mixed mode, sharing, tiered, compressed oops, compressed class ptrs, g1 gc, windows-amd64)
GC Precious Log:
 CPUs: 4 total, 4 available
 Memory: 8089M
 Large Page Support: Disabled
 NUMA Support: Disabled
 Compressed Oops: Enabled (32-bit)
 Heap Region Size: 1M
 Heap Min Capacity: 8M
 Heap Initial Capacity: 128M
 Heap Max Capacity: 2024M
 Pre-touch: Disabled
 Parallel Workers: 4
 Concurrent Workers: 1
 Concurrent Refinement Workers: 4
 Periodic GC: Disabled
Heap:
 garbage-first heap   total 79872K, used 56696K [0x0000000081800000, 0x0000000100000000)
  region size 1024K, 22 young (22528K), 1 survivors (1024K)
 Metaspace       used 29608K, committed 29952K, reserved 1114112K
  class space    used 3404K, committed 3520K, reserved 1048576K
GC Heap History (18 events):
Event: 2.239 GC heap before
{Heap before GC invocations=0 (full 0):
 garbage-first heap   total 131072K, used 13312K [0x0000000081800000, 0x0000000100000000)
  region size 1024K, 13 young (13312K), 0 survivors (0K)
 Metaspace       used 3574K, committed 3712K, reserved 1114112K
  class space    used 379K, committed 448K, reserved 1048576K
}
Event: 2.260 GC heap after
{Heap after GC invocations=1 (full 0):
 garbage-first heap   total 131072K, used 3131K [0x0000000081800000, 0x0000000100000000)
  region size 1024K, 2 young (2048K), 2 survivors (2048K)
 Metaspace       used 3574K, committed 3712K, reserved 1114112K
  class space    used 379K, committed 448K, reserved 1048576K
}
Event: 3.062 GC heap before
{Heap before GC invocations=1 (full 0):
 garbage-first heap   total 131072K, used 16443K [0x0000000081800000, 0x0000000100000000)
  region size 1024K, 15 young (15360K), 2 survivors (2048K)
 Metaspace       used 5595K, committed 5760K, reserved 1114112K
  class space    used 682K, committed 768K, reserved 1048576K
}
Event: 3.067 GC heap after
{Heap after GC invocations=2 (full 0):
 garbage-first heap   total 131072K, used 4002K [0x0000000081800000, 0x0000000100000000)
  region size 1024K, 1 young (1024K), 1 survivors (1024K)
 Metaspace       used 5595K, committed 5760K, reserved 1114112K
  class space    used 682K, committed 768K, reserved 1048576K
}
Event: 5.168 GC heap before
{Heap before GC invocations=2 (full 0):
 garbage-first heap   total 131072K, used 33698K [0x0000000081800000, 0x0000000100000000)
  region size 1024K, 30 young (30720K), 1 survivors (1024K)
 Metaspace       used 10039K, committed 10240K, reserved 1114112K
  class space    used 1224K, committed 1280K, reserved 1048576K
}
Event: 5.173 GC heap after
{Heap after GC invocations=3 (full 0):
 garbage-first heap   total 131072K, used 5471K [0x0000000081800000, 0x0000000100000000)
  region size 1024K, 3 young (3072K), 3 survivors (3072K)
 Metaspace       used 10039K, committed 10240K, reserved 1114112K
  class space    used 1224K, committed 1280K, reserved 1048576K
}
Event: 15.768 GC heap before
{Heap before GC invocations=3 (full 0):
 garbage-first heap   total 131072K, used 80223K [0x0000000081800000, 0x0000000100000000)
  region size 1024K, 76 young (77824K), 3 survivors (3072K)
 Metaspace       used 15760K, committed 15936K, reserved 1114112K
  class space    used 1865K, committed 1920K, reserved 1048576K
}
Event: 15.787 GC heap after
{Heap after GC invocations=4 (full 0):
 garbage-first heap   total 131072K, used 13404K [0x0000000081800000, 0x0000000100000000)
  region size 1024K, 10 young (10240K), 10 survivors (10240K)
 Metaspace       used 15760K, committed 15936K, reserved 1114112K
  class space    used 1865K, committed 1920K, reserved 1048576K
}
Event: 27.921 GC heap before
{Heap before GC invocations=4 (full 0):
 garbage-first heap   total 131072K, used 111708K [0x0000000081800000, 0x0000000100000000)
  region size 1024K, 71 young (72704K), 10 survivors (10240K)
 Metaspace       used 20123K, committed 20416K, reserved 1114112K
  class space    used 2329K, committed 2496K, reserved 1048576K
}
Event: 27.961 GC heap after
{Heap after GC invocations=5 (full 0):
 garbage-first heap   total 131072K, used 22581K [0x0000000081800000, 0x0000000100000000)
  region size 1024K, 6 young (6144K), 6 survivors (6144K)
 Metaspace       used 20123K, committed 20416K, reserved 1114112K
  class space    used 2329K, committed 2496K, reserved 1048576K
}
Event: 28.227 GC heap before
{Heap before GC invocations=5 (full 0):
 garbage-first heap   total 131072K, used 23605K [0x0000000081800000, 0x0000000100000000)
  region size 1024K, 8 young (8192K), 6 survivors (6144K)
 Metaspace       used 21276K, committed 21504K, reserved 1114112K
  class space    used 2498K, committed 2624K, reserved 1048576K
}
Event: 28.235 GC heap after
{Heap after GC invocations=6 (full 0):
 garbage-first heap   total 131072K, used 21761K [0x0000000081800000, 0x0000000100000000)
  region size 1024K, 2 young (2048K), 2 survivors (2048K)
 Metaspace       used 21276K, committed 21504K, reserved 1114112K
  class space    used 2498K, committed 2624K, reserved 1048576K
}
Event: 29.904 GC heap before
{Heap before GC invocations=7 (full 0):
 garbage-first heap   total 78848K, used 64769K [0x0000000081800000, 0x0000000100000000)
  region size 1024K, 44 young (45056K), 2 survivors (2048K)
 Metaspace       used 26160K, committed 26368K, reserved 1114112K
  class space    used 3041K, committed 3136K, reserved 1048576K
}
Event: 29.933 GC heap after
{Heap after GC invocations=8 (full 0):
 garbage-first heap   total 79872K, used 34663K [0x0000000081800000, 0x0000000100000000)
  region size 1024K, 9 young (9216K), 9 survivors (9216K)
 Metaspace       used 26160K, committed 26368K, reserved 1114112K
  class space    used 3041K, committed 3136K, reserved 1048576K
}
Event: 35.335 GC heap before
{Heap before GC invocations=9 (full 0):
 garbage-first heap   total 79872K, used 57191K [0x0000000081800000, 0x0000000100000000)
  region size 1024K, 32 young (32768K), 9 survivors (9216K)
 Metaspace       used 27660K, committed 27968K, reserved 1114112K
  class space    used 3193K, committed 3328K, reserved 1048576K
}
Event: 35.363 GC heap after
{Heap after GC invocations=10 (full 0):
 garbage-first heap   total 79872K, used 37115K [0x0000000081800000, 0x0000000100000000)
  region size 1024K, 2 young (2048K), 2 survivors (2048K)
 Metaspace       used 27660K, committed 27968K, reserved 1114112K
  class space    used 3193K, committed 3328K, reserved 1048576K
}
Event: 35.420 GC heap before
{Heap before GC invocations=10 (full 0):
 garbage-first heap   total 79872K, used 37115K [0x0000000081800000, 0x0000000100000000)
  region size 1024K, 3 young (3072K), 2 survivors (2048K)
 Metaspace       used 27681K, committed 27968K, reserved 1114112K
  class space    used 3199K, committed 3328K, reserved 1048576K
}
Event: 35.435 GC heap after
{Heap after GC invocations=11 (full 0):
 garbage-first heap   total 79872K, used 36849K [0x0000000081800000, 0x0000000100000000)
  region size 1024K, 1 young (1024K), 1 survivors (1024K)
 Metaspace       used 27681K, committed 27968K, reserved 1114112K
  class space    used 3199K, committed 3328K, reserved 1048576K
}

