# JRE version: OpenJDK Runtime Environment Temurin-21.0.6+7 (21.0.6+7) (build 21.0.6+7-LTS)
# Java VM: OpenJDK 64-Bit Server VM Temurin-21.0.6+7 (21.0.6+7-LTS, mixed mode, sharing, tiered, compressed oops, compressed class ptrs, parallel gc, windows-amd64)
GC Precious Log:
 CardTable entry size: 512
 CPUs: 4 total, 4 available
 Memory: 8089M
 Large Page Support: Disabled
 NUMA Support: Disabled
 Compressed Oops: Enabled (32-bit)
 Alignments: Space 512K, Generation 512K, Heap 2M
 Heap Min Capacity: 100M
 Heap Initial Capacity: 100M
 Heap Max Capacity: 1G
 Pre-touch: Disabled
 Parallel Workers: 4
Heap:
 PSYoungGen      total 8704K, used 8676K [0x00000000eab00000, 0x00000000eb680000, 0x0000000100000000)
  eden space 5632K, 100% used [0x00000000eab00000,0x00000000eb080000,0x00000000eb080000)
  from space 3072K, 99% used [0x00000000eb380000,0x00000000eb679040,0x00000000eb680000)
  to   space 1024K, 99% used [0x00000000eb080000,0x00000000eb17e600,0x00000000eb180000)
 ParOldGen       total 406528K, used 406526K [0x00000000c0000000, 0x00000000d8d00000, 0x00000000eab00000)
  object space 406528K, 99% used [0x00000000c0000000,0x00000000d8cff9e0,0x00000000d8d00000)
 Metaspace       used 60850K, committed 62336K, reserved 1114112K
  class space    used 6325K, committed 6976K, reserved 1048576K
GC Heap History (20 events):
Event: 63.125 GC heap after
{Heap after GC invocations=427 (full 4):
 PSYoungGen      total 6656K, used 704K [0x00000000eab00000, 0x00000000eb280000, 0x0000000100000000)
  eden space 5632K, 0% used [0x00000000eab00000,0x00000000eab00000,0x00000000eb080000)
  from space 1024K, 68% used [0x00000000eb180000,0x00000000eb230000,0x00000000eb280000)
  to   space 1024K, 0% used [0x00000000eb080000,0x00000000eb080000,0x00000000eb180000)
 ParOldGen       total 394240K, used 393920K [0x00000000c0000000, 0x00000000d8100000, 0x00000000eab00000)
  object space 394240K, 99% used [0x00000000c0000000,0x00000000d80b0110,0x00000000d8100000)
 Metaspace       used 60850K, committed 62336K, reserved 1114112K
  class space    used 6325K, committed 6976K, reserved 1048576K
}
Event: 63.149 GC heap before
{Heap before GC invocations=428 (full 4):
 PSYoungGen      total 6656K, used 6335K [0x00000000eab00000, 0x00000000eb280000, 0x0000000100000000)
  eden space 5632K, 99% used [0x00000000eab00000,0x00000000eb07ff48,0x00000000eb080000)
  from space 1024K, 68% used [0x00000000eb180000,0x00000000eb230000,0x00000000eb280000)
  to   space 1024K, 0% used [0x00000000eb080000,0x00000000eb080000,0x00000000eb180000)
 ParOldGen       total 394240K, used 393920K [0x00000000c0000000, 0x00000000d8100000, 0x00000000eab00000)
  object space 394240K, 99% used [0x00000000c0000000,0x00000000d80b0110,0x00000000d8100000)
 Metaspace       used 60850K, committed 62336K, reserved 1114112K
  class space    used 6325K, committed 6976K, reserved 1048576K
}
Event: 63.151 GC heap after
{Heap after GC invocations=428 (full 4):
 PSYoungGen      total 6656K, used 672K [0x00000000eab00000, 0x00000000eb280000, 0x0000000100000000)
  eden space 5632K, 0% used [0x00000000eab00000,0x00000000eab00000,0x00000000eb080000)
  from space 1024K, 65% used [0x00000000eb080000,0x00000000eb128000,0x00000000eb180000)
  to   space 1024K, 0% used [0x00000000eb180000,0x00000000eb180000,0x00000000eb280000)
 ParOldGen       total 394752K, used 394560K [0x00000000c0000000, 0x00000000d8180000, 0x00000000eab00000)
  object space 394752K, 99% used [0x00000000c0000000,0x00000000d8150110,0x00000000d8180000)
 Metaspace       used 60850K, committed 62336K, reserved 1114112K
  class space    used 6325K, committed 6976K, reserved 1048576K
}
Event: 63.174 GC heap before
{Heap before GC invocations=429 (full 4):
 PSYoungGen      total 6656K, used 6304K [0x00000000eab00000, 0x00000000eb280000, 0x0000000100000000)
  eden space 5632K, 100% used [0x00000000eab00000,0x00000000eb080000,0x00000000eb080000)
  from space 1024K, 65% used [0x00000000eb080000,0x00000000eb128000,0x00000000eb180000)
  to   space 1024K, 0% used [0x00000000eb180000,0x00000000eb180000,0x00000000eb280000)
 ParOldGen       total 394752K, used 394560K [0x00000000c0000000, 0x00000000d8180000, 0x00000000eab00000)
  object space 394752K, 99% used [0x00000000c0000000,0x00000000d8150110,0x00000000d8180000)
 Metaspace       used 60850K, committed 62336K, reserved 1114112K
  class space    used 6325K, committed 6976K, reserved 1048576K
}
Event: 63.176 GC heap after
{Heap after GC invocations=429 (full 4):
 PSYoungGen      total 6656K, used 672K [0x00000000eab00000, 0x00000000eb280000, 0x0000000100000000)
  eden space 5632K, 0% used [0x00000000eab00000,0x00000000eab00000,0x00000000eb080000)
  from space 1024K, 65% used [0x00000000eb180000,0x00000000eb228000,0x00000000eb280000)
  to   space 1024K, 0% used [0x00000000eb080000,0x00000000eb080000,0x00000000eb180000)
 ParOldGen       total 395264K, used 395160K [0x00000000c0000000, 0x00000000d8200000, 0x00000000eab00000)
  object space 395264K, 99% used [0x00000000c0000000,0x00000000d81e6110,0x00000000d8200000)
 Metaspace       used 60850K, committed 62336K, reserved 1114112K
  class space    used 6325K, committed 6976K, reserved 1048576K
}
Event: 63.198 GC heap before
{Heap before GC invocations=430 (full 4):
 PSYoungGen      total 6656K, used 6304K [0x00000000eab00000, 0x00000000eb280000, 0x0000000100000000)
  eden space 5632K, 100% used [0x00000000eab00000,0x00000000eb080000,0x00000000eb080000)
  from space 1024K, 65% used [0x00000000eb180000,0x00000000eb228000,0x00000000eb280000)
  to   space 1024K, 0% used [0x00000000eb080000,0x00000000eb080000,0x00000000eb180000)
 ParOldGen       total 395264K, used 395160K [0x00000000c0000000, 0x00000000d8200000, 0x00000000eab00000)
  object space 395264K, 99% used [0x00000000c0000000,0x00000000d81e6110,0x00000000d8200000)
 Metaspace       used 60850K, committed 62336K, reserved 1114112K
  class space    used 6325K, committed 6976K, reserved 1048576K
}
Event: 63.201 GC heap after
{Heap after GC invocations=430 (full 4):
 PSYoungGen      total 6656K, used 736K [0x00000000eab00000, 0x00000000eb280000, 0x0000000100000000)
  eden space 5632K, 0% used [0x00000000eab00000,0x00000000eab00000,0x00000000eb080000)
  from space 1024K, 71% used [0x00000000eb080000,0x00000000eb138000,0x00000000eb180000)
  to   space 1024K, 0% used [0x00000000eb180000,0x00000000eb180000,0x00000000eb280000)
 ParOldGen       total 396288K, used 395784K [0x00000000c0000000, 0x00000000d8300000, 0x00000000eab00000)
  object space 396288K, 99% used [0x00000000c0000000,0x00000000d8282110,0x00000000d8300000)
 Metaspace       used 60850K, committed 62336K, reserved 1114112K
  class space    used 6325K, committed 6976K, reserved 1048576K
}
Event: 63.221 GC heap before
{Heap before GC invocations=431 (full 4):
 PSYoungGen      total 6656K, used 6368K [0x00000000eab00000, 0x00000000eb280000, 0x0000000100000000)
  eden space 5632K, 100% used [0x00000000eab00000,0x00000000eb080000,0x00000000eb080000)
  from space 1024K, 71% used [0x00000000eb080000,0x00000000eb138000,0x00000000eb180000)
  to   space 1024K, 0% used [0x00000000eb180000,0x00000000eb180000,0x00000000eb280000)
 ParOldGen       total 396288K, used 395784K [0x00000000c0000000, 0x00000000d8300000, 0x00000000eab00000)
  object space 396288K, 99% used [0x00000000c0000000,0x00000000d8282110,0x00000000d8300000)
 Metaspace       used 60850K, committed 62336K, reserved 1114112K
  class space    used 6325K, committed 6976K, reserved 1048576K
}
Event: 63.223 GC heap after
{Heap after GC invocations=431 (full 4):
 PSYoungGen      total 6656K, used 704K [0x00000000eab00000, 0x00000000eb280000, 0x0000000100000000)
  eden space 5632K, 0% used [0x00000000eab00000,0x00000000eab00000,0x00000000eb080000)
  from space 1024K, 68% used [0x00000000eb180000,0x00000000eb230000,0x00000000eb280000)
  to   space 1024K, 0% used [0x00000000eb080000,0x00000000eb080000,0x00000000eb180000)
 ParOldGen       total 396800K, used 396432K [0x00000000c0000000, 0x00000000d8380000, 0x00000000eab00000)
  object space 396800K, 99% used [0x00000000c0000000,0x00000000d8324110,0x00000000d8380000)
 Metaspace       used 60850K, committed 62336K, reserved 1114112K
  class space    used 6325K, committed 6976K, reserved 1048576K
}
Event: 63.239 GC heap before
{Heap before GC invocations=432 (full 4):
 PSYoungGen      total 6656K, used 6335K [0x00000000eab00000, 0x00000000eb280000, 0x0000000100000000)
  eden space 5632K, 99% used [0x00000000eab00000,0x00000000eb07fc50,0x00000000eb080000)
  from space 1024K, 68% used [0x00000000eb180000,0x00000000eb230000,0x00000000eb280000)
  to   space 1024K, 0% used [0x00000000eb080000,0x00000000eb080000,0x00000000eb180000)
 ParOldGen       total 396800K, used 396432K [0x00000000c0000000, 0x00000000d8380000, 0x00000000eab00000)
  object space 396800K, 99% used [0x00000000c0000000,0x00000000d8324110,0x00000000d8380000)
 Metaspace       used 60850K, committed 62336K, reserved 1114112K
  class space    used 6325K, committed 6976K, reserved 1048576K
}
Event: 63.241 GC heap after
{Heap after GC invocations=432 (full 4):
 PSYoungGen      total 6656K, used 544K [0x00000000eab00000, 0x00000000eb280000, 0x0000000100000000)
  eden space 5632K, 0% used [0x00000000eab00000,0x00000000eab00000,0x00000000eb080000)
  from space 1024K, 53% used [0x00000000eb080000,0x00000000eb108000,0x00000000eb180000)
  to   space 1024K, 0% used [0x00000000eb180000,0x00000000eb180000,0x00000000eb280000)
 ParOldGen       total 397312K, used 397048K [0x00000000c0000000, 0x00000000d8400000, 0x00000000eab00000)
  object space 397312K, 99% used [0x00000000c0000000,0x00000000d83be110,0x00000000d8400000)
 Metaspace       used 60850K, committed 62336K, reserved 1114112K
  class space    used 6325K, committed 6976K, reserved 1048576K
}
Event: 63.267 GC heap before
{Heap before GC invocations=433 (full 4):
 PSYoungGen      total 6656K, used 6176K [0x00000000eab00000, 0x00000000eb280000, 0x0000000100000000)
  eden space 5632K, 100% used [0x00000000eab00000,0x00000000eb080000,0x00000000eb080000)
  from space 1024K, 53% used [0x00000000eb080000,0x00000000eb108000,0x00000000eb180000)
  to   space 1024K, 0% used [0x00000000eb180000,0x00000000eb180000,0x00000000eb280000)
 ParOldGen       total 397312K, used 397048K [0x00000000c0000000, 0x00000000d8400000, 0x00000000eab00000)
  object space 397312K, 99% used [0x00000000c0000000,0x00000000d83be110,0x00000000d8400000)
 Metaspace       used 60850K, committed 62336K, reserved 1114112K
  class space    used 6325K, committed 6976K, reserved 1048576K
}
Event: 63.270 GC heap after
{Heap after GC invocations=433 (full 4):
 PSYoungGen      total 6656K, used 640K [0x00000000eab00000, 0x00000000eb280000, 0x0000000100000000)
  eden space 5632K, 0% used [0x00000000eab00000,0x00000000eab00000,0x00000000eb080000)
  from space 1024K, 62% used [0x00000000eb180000,0x00000000eb220000,0x00000000eb280000)
  to   space 1024K, 0% used [0x00000000eb080000,0x00000000eb080000,0x00000000eb180000)
 ParOldGen       total 397824K, used 397480K [0x00000000c0000000, 0x00000000d8480000, 0x00000000eab00000)
  object space 397824K, 99% used [0x00000000c0000000,0x00000000d842a110,0x00000000d8480000)
 Metaspace       used 60850K, committed 62336K, reserved 1114112K
  class space    used 6325K, committed 6976K, reserved 1048576K
}
Event: 63.334 GC heap before
{Heap before GC invocations=434 (full 4):
 PSYoungGen      total 6656K, used 6261K [0x00000000eab00000, 0x00000000eb280000, 0x0000000100000000)
  eden space 5632K, 99% used [0x00000000eab00000,0x00000000eb07d448,0x00000000eb080000)
  from space 1024K, 62% used [0x00000000eb180000,0x00000000eb220000,0x00000000eb280000)
  to   space 1024K, 0% used [0x00000000eb080000,0x00000000eb080000,0x00000000eb180000)
 ParOldGen       total 397824K, used 397480K [0x00000000c0000000, 0x00000000d8480000, 0x00000000eab00000)
  object space 397824K, 99% used [0x00000000c0000000,0x00000000d842a110,0x00000000d8480000)
 Metaspace       used 60850K, committed 62336K, reserved 1114112K
  class space    used 6325K, committed 6976K, reserved 1048576K
}
Event: 63.339 GC heap after
{Heap after GC invocations=434 (full 4):
 PSYoungGen      total 6656K, used 1007K [0x00000000eab00000, 0x00000000eb680000, 0x0000000100000000)
  eden space 5632K, 0% used [0x00000000eab00000,0x00000000eab00000,0x00000000eb080000)
  from space 1024K, 98% used [0x00000000eb080000,0x00000000eb17bd10,0x00000000eb180000)
  to   space 3072K, 0% used [0x00000000eb380000,0x00000000eb380000,0x00000000eb680000)
 ParOldGen       total 399360K, used 399127K [0x00000000c0000000, 0x00000000d8600000, 0x00000000eab00000)
  object space 399360K, 99% used [0x00000000c0000000,0x00000000d85c5f08,0x00000000d8600000)
 Metaspace       used 60850K, committed 62336K, reserved 1114112K
  class space    used 6325K, committed 6976K, reserved 1048576K
}
Event: 63.491 GC heap before
{Heap before GC invocations=435 (full 4):
 PSYoungGen      total 6656K, used 6639K [0x00000000eab00000, 0x00000000eb680000, 0x0000000100000000)
  eden space 5632K, 100% used [0x00000000eab00000,0x00000000eb080000,0x00000000eb080000)
  from space 1024K, 98% used [0x00000000eb080000,0x00000000eb17bd10,0x00000000eb180000)
  to   space 3072K, 0% used [0x00000000eb380000,0x00000000eb380000,0x00000000eb680000)
 ParOldGen       total 399360K, used 399127K [0x00000000c0000000, 0x00000000d8600000, 0x00000000eab00000)
  object space 399360K, 99% used [0x00000000c0000000,0x00000000d85c5f08,0x00000000d8600000)
 Metaspace       used 60850K, committed 62336K, reserved 1114112K
  class space    used 6325K, committed 6976K, reserved 1048576K
}
Event: 63.507 GC heap after
{Heap after GC invocations=435 (full 4):
 PSYoungGen      total 8704K, used 3044K [0x00000000eab00000, 0x00000000eb680000, 0x0000000100000000)
  eden space 5632K, 0% used [0x00000000eab00000,0x00000000eab00000,0x00000000eb080000)
  from space 3072K, 99% used [0x00000000eb380000,0x00000000eb679040,0x00000000eb680000)
  to   space 1024K, 0% used [0x00000000eb080000,0x00000000eb080000,0x00000000eb180000)
 ParOldGen       total 401920K, used 401486K [0x00000000c0000000, 0x00000000d8880000, 0x00000000eab00000)
  object space 401920K, 99% used [0x00000000c0000000,0x00000000d8813aa0,0x00000000d8880000)
 Metaspace       used 60850K, committed 62336K, reserved 1114112K
  class space    used 6325K, committed 6976K, reserved 1048576K
}
Event: 63.594 GC heap before
{Heap before GC invocations=436 (full 4):
 PSYoungGen      total 8704K, used 8676K [0x00000000eab00000, 0x00000000eb680000, 0x0000000100000000)
  eden space 5632K, 100% used [0x00000000eab00000,0x00000000eb080000,0x00000000eb080000)
  from space 3072K, 99% used [0x00000000eb380000,0x00000000eb679040,0x00000000eb680000)
  to   space 1024K, 0% used [0x00000000eb080000,0x00000000eb080000,0x00000000eb180000)
 ParOldGen       total 401920K, used 401486K [0x00000000c0000000, 0x00000000d8880000, 0x00000000eab00000)
  object space 401920K, 99% used [0x00000000c0000000,0x00000000d8813aa0,0x00000000d8880000)
 Metaspace       used 60850K, committed 62336K, reserved 1114112K
  class space    used 6325K, committed 6976K, reserved 1048576K
}
Event: 63.604 GC heap after
{Heap after GC invocations=436 (full 4):
 PSYoungGen      total 8704K, used 8676K [0x00000000eab00000, 0x00000000eb680000, 0x0000000100000000)
  eden space 5632K, 100% used [0x00000000eab00000,0x00000000eb080000,0x00000000eb080000)
  from space 3072K, 99% used [0x00000000eb380000,0x00000000eb679040,0x00000000eb680000)
  to   space 1024K, 99% used [0x00000000eb080000,0x00000000eb17e600,0x00000000eb180000)
 ParOldGen       total 406528K, used 406526K [0x00000000c0000000, 0x00000000d8d00000, 0x00000000eab00000)
  object space 406528K, 99% used [0x00000000c0000000,0x00000000d8cff9e0,0x00000000d8d00000)
 Metaspace       used 60850K, committed 62336K, reserved 1114112K
  class space    used 6325K, committed 6976K, reserved 1048576K
}
Event: 63.604 GC heap before
{Heap before GC invocations=437 (full 5):
 PSYoungGen      total 8704K, used 8676K [0x00000000eab00000, 0x00000000eb680000, 0x0000000100000000)
  eden space 5632K, 100% used [0x00000000eab00000,0x00000000eb080000,0x00000000eb080000)
  from space 3072K, 99% used [0x00000000eb380000,0x00000000eb679040,0x00000000eb680000)
  to   space 1024K, 99% used [0x00000000eb080000,0x00000000eb17e600,0x00000000eb180000)
 ParOldGen       total 406528K, used 406526K [0x00000000c0000000, 0x00000000d8d00000, 0x00000000eab00000)
  object space 406528K, 99% used [0x00000000c0000000,0x00000000d8cff9e0,0x00000000d8d00000)
 Metaspace       used 60850K, committed 62336K, reserved 1114112K
  class space    used 6325K, committed 6976K, reserved 1048576K
}

