# JRE version: OpenJDK Runtime Environment Temurin-21.0.7+6 (21.0.7+6) (build 21.0.7+6-LTS)
# Java VM: OpenJDK 64-Bit Server VM Temurin-21.0.7+6 (21.0.7+6-LTS, mixed mode, sharing, tiered, compressed oops, compressed class ptrs, parallel gc, windows-amd64)
GC Precious Log:
 CardTable entry size: 512
 CPUs: 4 total, 4 available
 Memory: 8089M
 Large Page Support: Disabled
 NUMA Support: Disabled
 Compressed Oops: Enabled (32-bit)
 Alignments: Space 512K, Generation 512K, Heap 2M
 Heap Min Capacity: 100M
 Heap Initial Capacity: 100M
 Heap Max Capacity: 1G
 Pre-touch: Disabled
 Parallel Workers: 4
Heap:
 PSYoungGen      total 3584K, used 3232K [0x00000000eab00000, 0x00000000eaf80000, 0x0000000100000000)
  eden space 2560K, 100% used [0x00000000eab00000,0x00000000ead80000,0x00000000ead80000)
  from space 1024K, 65% used [0x00000000ead80000,0x00000000eae28000,0x00000000eae80000)
  to   space 1024K, 0% used [0x00000000eae80000,0x00000000eae80000,0x00000000eaf80000)
 ParOldGen       total 321024K, used 320583K [0x00000000c0000000, 0x00000000d3980000, 0x00000000eab00000)
  object space 321024K, 99% used [0x00000000c0000000,0x00000000d3911f88,0x00000000d3980000)
 Metaspace       used 56806K, committed 58176K, reserved 1114112K
  class space    used 5897K, committed 6528K, reserved 1048576K
GC Heap History (20 events):
Event: 275.536 GC heap before
{Heap before GC invocations=268 (full 2):
 PSYoungGen      total 2048K, used 1640K [0x00000000eab00000, 0x00000000eaf00000, 0x0000000100000000)
  eden space 1024K, 100% used [0x00000000eab00000,0x00000000eac00000,0x00000000eac00000)
  from space 1024K, 60% used [0x00000000eac00000,0x00000000eac9a368,0x00000000ead00000)
  to   space 1536K, 0% used [0x00000000ead80000,0x00000000ead80000,0x00000000eaf00000)
 ParOldGen       total 316928K, used 316899K [0x00000000c0000000, 0x00000000d3580000, 0x00000000eab00000)
  object space 316928K, 99% used [0x00000000c0000000,0x00000000d3578ce0,0x00000000d3580000)
 Metaspace       used 56486K, committed 57920K, reserved 1114112K
  class space    used 5881K, committed 6528K, reserved 1048576K
}
Event: 275.539 GC heap after
{Heap after GC invocations=268 (full 2):
 PSYoungGen      total 2048K, used 932K [0x00000000eab00000, 0x00000000eae80000, 0x0000000100000000)
  eden space 1024K, 0% used [0x00000000eab00000,0x00000000eab00000,0x00000000eac00000)
  from space 1024K, 91% used [0x00000000ead80000,0x00000000eae69318,0x00000000eae80000)
  to   space 1024K, 0% used [0x00000000eac00000,0x00000000eac00000,0x00000000ead00000)
 ParOldGen       total 317952K, used 317470K [0x00000000c0000000, 0x00000000d3680000, 0x00000000eab00000)
  object space 317952K, 99% used [0x00000000c0000000,0x00000000d3607998,0x00000000d3680000)
 Metaspace       used 56486K, committed 57920K, reserved 1114112K
  class space    used 5881K, committed 6528K, reserved 1048576K
}
Event: 275.542 GC heap before
{Heap before GC invocations=269 (full 2):
 PSYoungGen      total 2048K, used 1956K [0x00000000eab00000, 0x00000000eae80000, 0x0000000100000000)
  eden space 1024K, 100% used [0x00000000eab00000,0x00000000eac00000,0x00000000eac00000)
  from space 1024K, 91% used [0x00000000ead80000,0x00000000eae69318,0x00000000eae80000)
  to   space 1024K, 0% used [0x00000000eac00000,0x00000000eac00000,0x00000000ead00000)
 ParOldGen       total 317952K, used 317470K [0x00000000c0000000, 0x00000000d3680000, 0x00000000eab00000)
  object space 317952K, 99% used [0x00000000c0000000,0x00000000d3607998,0x00000000d3680000)
 Metaspace       used 56487K, committed 57920K, reserved 1114112K
  class space    used 5881K, committed 6528K, reserved 1048576K
}
Event: 275.544 GC heap after
{Heap after GC invocations=269 (full 2):
 PSYoungGen      total 2048K, used 741K [0x00000000eab00000, 0x00000000eae00000, 0x0000000100000000)
  eden space 1024K, 0% used [0x00000000eab00000,0x00000000eab00000,0x00000000eac00000)
  from space 1024K, 72% used [0x00000000eac00000,0x00000000eacb9450,0x00000000ead00000)
  to   space 1024K, 0% used [0x00000000ead00000,0x00000000ead00000,0x00000000eae00000)
 ParOldGen       total 317952K, used 317478K [0x00000000c0000000, 0x00000000d3680000, 0x00000000eab00000)
  object space 317952K, 99% used [0x00000000c0000000,0x00000000d3609998,0x00000000d3680000)
 Metaspace       used 56487K, committed 57920K, reserved 1114112K
  class space    used 5881K, committed 6528K, reserved 1048576K
}
Event: 275.547 GC heap before
{Heap before GC invocations=270 (full 2):
 PSYoungGen      total 2048K, used 1765K [0x00000000eab00000, 0x00000000eae00000, 0x0000000100000000)
  eden space 1024K, 100% used [0x00000000eab00000,0x00000000eac00000,0x00000000eac00000)
  from space 1024K, 72% used [0x00000000eac00000,0x00000000eacb9450,0x00000000ead00000)
  to   space 1024K, 0% used [0x00000000ead00000,0x00000000ead00000,0x00000000eae00000)
 ParOldGen       total 317952K, used 317478K [0x00000000c0000000, 0x00000000d3680000, 0x00000000eab00000)
  object space 317952K, 99% used [0x00000000c0000000,0x00000000d3609998,0x00000000d3680000)
 Metaspace       used 56487K, committed 57920K, reserved 1114112K
  class space    used 5881K, committed 6528K, reserved 1048576K
}
Event: 275.549 GC heap after
{Heap after GC invocations=270 (full 2):
 PSYoungGen      total 2048K, used 530K [0x00000000eab00000, 0x00000000eae80000, 0x0000000100000000)
  eden space 1024K, 0% used [0x00000000eab00000,0x00000000eab00000,0x00000000eac00000)
  from space 1024K, 51% used [0x00000000ead00000,0x00000000ead84900,0x00000000eae00000)
  to   space 1024K, 0% used [0x00000000eac00000,0x00000000eac00000,0x00000000ead00000)
 ParOldGen       total 317952K, used 317478K [0x00000000c0000000, 0x00000000d3680000, 0x00000000eab00000)
  object space 317952K, 99% used [0x00000000c0000000,0x00000000d3609998,0x00000000d3680000)
 Metaspace       used 56487K, committed 57920K, reserved 1114112K
  class space    used 5881K, committed 6528K, reserved 1048576K
}
Event: 275.553 GC heap before
{Heap before GC invocations=271 (full 2):
 PSYoungGen      total 2048K, used 1437K [0x00000000eab00000, 0x00000000eae80000, 0x0000000100000000)
  eden space 1024K, 88% used [0x00000000eab00000,0x00000000eabe2d48,0x00000000eac00000)
  from space 1024K, 51% used [0x00000000ead00000,0x00000000ead84900,0x00000000eae00000)
  to   space 1024K, 0% used [0x00000000eac00000,0x00000000eac00000,0x00000000ead00000)
 ParOldGen       total 317952K, used 317478K [0x00000000c0000000, 0x00000000d3680000, 0x00000000eab00000)
  object space 317952K, 99% used [0x00000000c0000000,0x00000000d3609998,0x00000000d3680000)
 Metaspace       used 56488K, committed 57920K, reserved 1114112K
  class space    used 5881K, committed 6528K, reserved 1048576K
}
Event: 275.555 GC heap after
{Heap after GC invocations=271 (full 2):
 PSYoungGen      total 2048K, used 753K [0x00000000eab00000, 0x00000000eae80000, 0x0000000100000000)
  eden space 1024K, 0% used [0x00000000eab00000,0x00000000eab00000,0x00000000eac00000)
  from space 1024K, 73% used [0x00000000eac00000,0x00000000eacbc680,0x00000000ead00000)
  to   space 1024K, 0% used [0x00000000ead80000,0x00000000ead80000,0x00000000eae80000)
 ParOldGen       total 318464K, used 318097K [0x00000000c0000000, 0x00000000d3700000, 0x00000000eab00000)
  object space 318464K, 99% used [0x00000000c0000000,0x00000000d36a4518,0x00000000d3700000)
 Metaspace       used 56488K, committed 57920K, reserved 1114112K
  class space    used 5881K, committed 6528K, reserved 1048576K
}
Event: 275.559 GC heap before
{Heap before GC invocations=272 (full 2):
 PSYoungGen      total 2048K, used 1777K [0x00000000eab00000, 0x00000000eae80000, 0x0000000100000000)
  eden space 1024K, 100% used [0x00000000eab00000,0x00000000eac00000,0x00000000eac00000)
  from space 1024K, 73% used [0x00000000eac00000,0x00000000eacbc680,0x00000000ead00000)
  to   space 1024K, 0% used [0x00000000ead80000,0x00000000ead80000,0x00000000eae80000)
 ParOldGen       total 318464K, used 318097K [0x00000000c0000000, 0x00000000d3700000, 0x00000000eab00000)
  object space 318464K, 99% used [0x00000000c0000000,0x00000000d36a4518,0x00000000d3700000)
 Metaspace       used 56491K, committed 57920K, reserved 1114112K
  class space    used 5881K, committed 6528K, reserved 1048576K
}
Event: 275.561 GC heap after
{Heap after GC invocations=272 (full 2):
 PSYoungGen      total 2560K, used 901K [0x00000000eab00000, 0x00000000eae80000, 0x0000000100000000)
  eden space 1536K, 0% used [0x00000000eab00000,0x00000000eab00000,0x00000000eac80000)
  from space 1024K, 88% used [0x00000000ead80000,0x00000000eae61620,0x00000000eae80000)
  to   space 1024K, 0% used [0x00000000eac80000,0x00000000eac80000,0x00000000ead80000)
 ParOldGen       total 318976K, used 318826K [0x00000000c0000000, 0x00000000d3780000, 0x00000000eab00000)
  object space 318976K, 99% used [0x00000000c0000000,0x00000000d375ab98,0x00000000d3780000)
 Metaspace       used 56491K, committed 57920K, reserved 1114112K
  class space    used 5881K, committed 6528K, reserved 1048576K
}
Event: 275.584 GC heap before
{Heap before GC invocations=273 (full 2):
 PSYoungGen      total 2560K, used 2282K [0x00000000eab00000, 0x00000000eae80000, 0x0000000100000000)
  eden space 1536K, 89% used [0x00000000eab00000,0x00000000eac59380,0x00000000eac80000)
  from space 1024K, 88% used [0x00000000ead80000,0x00000000eae61620,0x00000000eae80000)
  to   space 1024K, 0% used [0x00000000eac80000,0x00000000eac80000,0x00000000ead80000)
 ParOldGen       total 318976K, used 318826K [0x00000000c0000000, 0x00000000d3780000, 0x00000000eab00000)
  object space 318976K, 99% used [0x00000000c0000000,0x00000000d375ab98,0x00000000d3780000)
 Metaspace       used 56492K, committed 57920K, reserved 1114112K
  class space    used 5881K, committed 6528K, reserved 1048576K
}
Event: 275.588 GC heap after
{Heap after GC invocations=273 (full 2):
 PSYoungGen      total 2560K, used 1018K [0x00000000eab00000, 0x00000000eb000000, 0x0000000100000000)
  eden space 1536K, 0% used [0x00000000eab00000,0x00000000eab00000,0x00000000eac80000)
  from space 1024K, 99% used [0x00000000eac80000,0x00000000ead7e980,0x00000000ead80000)
  to   space 1536K, 0% used [0x00000000eae80000,0x00000000eae80000,0x00000000eb000000)
 ParOldGen       total 318976K, used 318890K [0x00000000c0000000, 0x00000000d3780000, 0x00000000eab00000)
  object space 318976K, 99% used [0x00000000c0000000,0x00000000d376ab98,0x00000000d3780000)
 Metaspace       used 56492K, committed 57920K, reserved 1114112K
  class space    used 5881K, committed 6528K, reserved 1048576K
}
Event: 275.591 GC heap before
{Heap before GC invocations=274 (full 2):
 PSYoungGen      total 2560K, used 2554K [0x00000000eab00000, 0x00000000eb000000, 0x0000000100000000)
  eden space 1536K, 100% used [0x00000000eab00000,0x00000000eac80000,0x00000000eac80000)
  from space 1024K, 99% used [0x00000000eac80000,0x00000000ead7e980,0x00000000ead80000)
  to   space 1536K, 0% used [0x00000000eae80000,0x00000000eae80000,0x00000000eb000000)
 ParOldGen       total 318976K, used 318890K [0x00000000c0000000, 0x00000000d3780000, 0x00000000eab00000)
  object space 318976K, 99% used [0x00000000c0000000,0x00000000d376ab98,0x00000000d3780000)
 Metaspace       used 56492K, committed 57920K, reserved 1114112K
  class space    used 5881K, committed 6528K, reserved 1048576K
}
Event: 275.594 GC heap after
{Heap after GC invocations=274 (full 2):
 PSYoungGen      total 3072K, used 678K [0x00000000eab00000, 0x00000000eaf80000, 0x0000000100000000)
  eden space 2048K, 0% used [0x00000000eab00000,0x00000000eab00000,0x00000000ead00000)
  from space 1024K, 66% used [0x00000000eae80000,0x00000000eaf29880,0x00000000eaf80000)
  to   space 1024K, 0% used [0x00000000ead80000,0x00000000ead80000,0x00000000eae80000)
 ParOldGen       total 318976K, used 318914K [0x00000000c0000000, 0x00000000d3780000, 0x00000000eab00000)
  object space 318976K, 99% used [0x00000000c0000000,0x00000000d3770b98,0x00000000d3780000)
 Metaspace       used 56492K, committed 57920K, reserved 1114112K
  class space    used 5881K, committed 6528K, reserved 1048576K
}
Event: 275.631 GC heap before
{Heap before GC invocations=275 (full 2):
 PSYoungGen      total 3072K, used 2726K [0x00000000eab00000, 0x00000000eaf80000, 0x0000000100000000)
  eden space 2048K, 99% used [0x00000000eab00000,0x00000000eacfffe8,0x00000000ead00000)
  from space 1024K, 66% used [0x00000000eae80000,0x00000000eaf29880,0x00000000eaf80000)
  to   space 1024K, 0% used [0x00000000ead80000,0x00000000ead80000,0x00000000eae80000)
 ParOldGen       total 318976K, used 318914K [0x00000000c0000000, 0x00000000d3780000, 0x00000000eab00000)
  object space 318976K, 99% used [0x00000000c0000000,0x00000000d3770b98,0x00000000d3780000)
 Metaspace       used 56494K, committed 57920K, reserved 1114112K
  class space    used 5881K, committed 6528K, reserved 1048576K
}
Event: 275.637 GC heap after
{Heap after GC invocations=275 (full 2):
 PSYoungGen      total 3584K, used 1009K [0x00000000eab00000, 0x00000000eb080000, 0x0000000100000000)
  eden space 2560K, 0% used [0x00000000eab00000,0x00000000eab00000,0x00000000ead80000)
  from space 1024K, 98% used [0x00000000ead80000,0x00000000eae7c5d0,0x00000000eae80000)
  to   space 1536K, 0% used [0x00000000eaf00000,0x00000000eaf00000,0x00000000eb080000)
 ParOldGen       total 319488K, used 319309K [0x00000000c0000000, 0x00000000d3800000, 0x00000000eab00000)
  object space 319488K, 99% used [0x00000000c0000000,0x00000000d37d3640,0x00000000d3800000)
 Metaspace       used 56494K, committed 57920K, reserved 1114112K
  class space    used 5881K, committed 6528K, reserved 1048576K
}
Event: 275.688 GC heap before
{Heap before GC invocations=276 (full 2):
 PSYoungGen      total 3584K, used 3562K [0x00000000eab00000, 0x00000000eb080000, 0x0000000100000000)
  eden space 2560K, 99% used [0x00000000eab00000,0x00000000ead7e578,0x00000000ead80000)
  from space 1024K, 98% used [0x00000000ead80000,0x00000000eae7c5d0,0x00000000eae80000)
  to   space 1536K, 0% used [0x00000000eaf00000,0x00000000eaf00000,0x00000000eb080000)
 ParOldGen       total 319488K, used 319309K [0x00000000c0000000, 0x00000000d3800000, 0x00000000eab00000)
  object space 319488K, 99% used [0x00000000c0000000,0x00000000d37d3640,0x00000000d3800000)
 Metaspace       used 56505K, committed 57920K, reserved 1114112K
  class space    used 5881K, committed 6528K, reserved 1048576K
}
Event: 275.692 GC heap after
{Heap after GC invocations=276 (full 2):
 PSYoungGen      total 4096K, used 904K [0x00000000eab00000, 0x00000000eb100000, 0x0000000100000000)
  eden space 2560K, 0% used [0x00000000eab00000,0x00000000eab00000,0x00000000ead80000)
  from space 1536K, 58% used [0x00000000eaf00000,0x00000000eafe21c0,0x00000000eb080000)
  to   space 1536K, 0% used [0x00000000ead80000,0x00000000ead80000,0x00000000eaf00000)
 ParOldGen       total 320000K, used 319573K [0x00000000c0000000, 0x00000000d3880000, 0x00000000eab00000)
  object space 320000K, 99% used [0x00000000c0000000,0x00000000d3815640,0x00000000d3880000)
 Metaspace       used 56505K, committed 57920K, reserved 1114112K
  class space    used 5881K, committed 6528K, reserved 1048576K
}
Event: 275.725 GC heap before
{Heap before GC invocations=277 (full 2):
 PSYoungGen      total 4096K, used 3402K [0x00000000eab00000, 0x00000000eb100000, 0x0000000100000000)
  eden space 2560K, 97% used [0x00000000eab00000,0x00000000ead70978,0x00000000ead80000)
  from space 1536K, 58% used [0x00000000eaf00000,0x00000000eafe21c0,0x00000000eb080000)
  to   space 1536K, 0% used [0x00000000ead80000,0x00000000ead80000,0x00000000eaf00000)
 ParOldGen       total 320000K, used 319573K [0x00000000c0000000, 0x00000000d3880000, 0x00000000eab00000)
  object space 320000K, 99% used [0x00000000c0000000,0x00000000d3815640,0x00000000d3880000)
 Metaspace       used 56509K, committed 57920K, reserved 1114112K
  class space    used 5881K, committed 6528K, reserved 1048576K
}
Event: 275.730 GC heap after
{Heap after GC invocations=277 (full 2):
 PSYoungGen      total 4096K, used 1147K [0x00000000eab00000, 0x00000000eb080000, 0x0000000100000000)
  eden space 2560K, 0% used [0x00000000eab00000,0x00000000eab00000,0x00000000ead80000)
  from space 1536K, 74% used [0x00000000ead80000,0x00000000eae9ec78,0x00000000eaf00000)
  to   space 1536K, 0% used [0x00000000eaf00000,0x00000000eaf00000,0x00000000eb080000)
 ParOldGen       total 320000K, used 319597K [0x00000000c0000000, 0x00000000d3880000, 0x00000000eab00000)
  object space 320000K, 99% used [0x00000000c0000000,0x00000000d381b640,0x00000000d3880000)
 Metaspace       used 56509K, committed 57920K, reserved 1114112K
  class space    used 5881K, committed 6528K, reserved 1048576K
}

