# JRE version: OpenJDK Runtime Environment Temurin-21.0.7+6 (21.0.7+6) (build 21.0.7+6-LTS)
# Java VM: OpenJDK 64-Bit Server VM Temurin-21.0.7+6 (21.0.7+6-LTS, mixed mode, sharing, tiered, compressed oops, compressed class ptrs, parallel gc, windows-amd64)
GC Precious Log:
 CardTable entry size: 512
 CPUs: 4 total, 4 available
 Memory: 8089M
 Large Page Support: Disabled
 NUMA Support: Disabled
 Compressed Oops: Enabled (32-bit)
 Alignments: Space 512K, Generation 512K, Heap 2M
 Heap Min Capacity: 100M
 Heap Initial Capacity: 100M
 Heap Max Capacity: 1G
 Pre-touch: Disabled
 Parallel Workers: 4
Heap:
 PSYoungGen      total 9728K, used 4483K [0x00000000eab00000, 0x00000000eb680000, 0x0000000100000000)
  eden space 7680K, 32% used [0x00000000eab00000,0x00000000ead6c868,0x00000000eb280000)
  from space 2048K, 97% used [0x00000000eb300000,0x00000000eb4f45f0,0x00000000eb500000)
  to   space 1536K, 0% used [0x00000000eb500000,0x00000000eb500000,0x00000000eb680000)
 ParOldGen       total 239104K, used 235180K [0x00000000c0000000, 0x00000000ce980000, 0x00000000eab00000)
  object space 239104K, 98% used [0x00000000c0000000,0x00000000ce5ab108,0x00000000ce980000)
 Metaspace       used 64564K, committed 66176K, reserved 1114112K
  class space    used 6603K, committed 7296K, reserved 1048576K
GC Heap History (20 events):
Event: 51.257 GC heap before
{Heap before GC invocations=266 (full 3):
 PSYoungGen      total 2048K, used 1664K [0x00000000eab00000, 0x00000000eae00000, 0x0000000100000000)
  eden space 1536K, 100% used [0x00000000eab00000,0x00000000eac80000,0x00000000eac80000)
  from space 512K, 25% used [0x00000000ead80000,0x00000000eada0000,0x00000000eae00000)
  to   space 512K, 0% used [0x00000000eac80000,0x00000000eac80000,0x00000000ead00000)
 ParOldGen       total 245248K, used 245118K [0x00000000c0000000, 0x00000000cef80000, 0x00000000eab00000)
  object space 245248K, 99% used [0x00000000c0000000,0x00000000cef5f9e0,0x00000000cef80000)
 Metaspace       used 64554K, committed 66112K, reserved 1114112K
  class space    used 6605K, committed 7296K, reserved 1048576K
}
Event: 51.258 GC heap after
{Heap after GC invocations=266 (full 3):
 PSYoungGen      total 2048K, used 128K [0x00000000eab00000, 0x00000000eae00000, 0x0000000100000000)
  eden space 1536K, 0% used [0x00000000eab00000,0x00000000eab00000,0x00000000eac80000)
  from space 512K, 25% used [0x00000000eac80000,0x00000000eaca0000,0x00000000ead00000)
  to   space 512K, 0% used [0x00000000ead80000,0x00000000ead80000,0x00000000eae00000)
 ParOldGen       total 245248K, used 245158K [0x00000000c0000000, 0x00000000cef80000, 0x00000000eab00000)
  object space 245248K, 99% used [0x00000000c0000000,0x00000000cef699e0,0x00000000cef80000)
 Metaspace       used 64554K, committed 66112K, reserved 1114112K
  class space    used 6605K, committed 7296K, reserved 1048576K
}
Event: 51.266 GC heap before
{Heap before GC invocations=267 (full 3):
 PSYoungGen      total 2048K, used 1664K [0x00000000eab00000, 0x00000000eae00000, 0x0000000100000000)
  eden space 1536K, 100% used [0x00000000eab00000,0x00000000eac80000,0x00000000eac80000)
  from space 512K, 25% used [0x00000000eac80000,0x00000000eaca0000,0x00000000ead00000)
  to   space 512K, 0% used [0x00000000ead80000,0x00000000ead80000,0x00000000eae00000)
 ParOldGen       total 245248K, used 245158K [0x00000000c0000000, 0x00000000cef80000, 0x00000000eab00000)
  object space 245248K, 99% used [0x00000000c0000000,0x00000000cef699e0,0x00000000cef80000)
 Metaspace       used 64554K, committed 66112K, reserved 1114112K
  class space    used 6605K, committed 7296K, reserved 1048576K
}
Event: 51.268 GC heap after
{Heap after GC invocations=267 (full 3):
 PSYoungGen      total 2048K, used 128K [0x00000000eab00000, 0x00000000eae00000, 0x0000000100000000)
  eden space 1536K, 0% used [0x00000000eab00000,0x00000000eab00000,0x00000000eac80000)
  from space 512K, 25% used [0x00000000ead80000,0x00000000eada0000,0x00000000eae00000)
  to   space 512K, 0% used [0x00000000eac80000,0x00000000eac80000,0x00000000ead00000)
 ParOldGen       total 245248K, used 245206K [0x00000000c0000000, 0x00000000cef80000, 0x00000000eab00000)
  object space 245248K, 99% used [0x00000000c0000000,0x00000000cef759e0,0x00000000cef80000)
 Metaspace       used 64554K, committed 66112K, reserved 1114112K
  class space    used 6605K, committed 7296K, reserved 1048576K
}
Event: 51.273 GC heap before
{Heap before GC invocations=268 (full 3):
 PSYoungGen      total 2048K, used 1664K [0x00000000eab00000, 0x00000000eae00000, 0x0000000100000000)
  eden space 1536K, 100% used [0x00000000eab00000,0x00000000eac80000,0x00000000eac80000)
  from space 512K, 25% used [0x00000000ead80000,0x00000000eada0000,0x00000000eae00000)
  to   space 512K, 0% used [0x00000000eac80000,0x00000000eac80000,0x00000000ead00000)
 ParOldGen       total 245248K, used 245206K [0x00000000c0000000, 0x00000000cef80000, 0x00000000eab00000)
  object space 245248K, 99% used [0x00000000c0000000,0x00000000cef759e0,0x00000000cef80000)
 Metaspace       used 64554K, committed 66112K, reserved 1114112K
  class space    used 6605K, committed 7296K, reserved 1048576K
}
Event: 51.275 GC heap after
{Heap after GC invocations=268 (full 3):
 PSYoungGen      total 2048K, used 96K [0x00000000eab00000, 0x00000000eae00000, 0x0000000100000000)
  eden space 1536K, 0% used [0x00000000eab00000,0x00000000eab00000,0x00000000eac80000)
  from space 512K, 18% used [0x00000000eac80000,0x00000000eac98000,0x00000000ead00000)
  to   space 512K, 0% used [0x00000000ead80000,0x00000000ead80000,0x00000000eae00000)
 ParOldGen       total 245248K, used 245246K [0x00000000c0000000, 0x00000000cef80000, 0x00000000eab00000)
  object space 245248K, 99% used [0x00000000c0000000,0x00000000cef7f9e0,0x00000000cef80000)
 Metaspace       used 64554K, committed 66112K, reserved 1114112K
  class space    used 6605K, committed 7296K, reserved 1048576K
}
Event: 51.278 GC heap before
{Heap before GC invocations=269 (full 3):
 PSYoungGen      total 2048K, used 1632K [0x00000000eab00000, 0x00000000eae00000, 0x0000000100000000)
  eden space 1536K, 100% used [0x00000000eab00000,0x00000000eac80000,0x00000000eac80000)
  from space 512K, 18% used [0x00000000eac80000,0x00000000eac98000,0x00000000ead00000)
  to   space 512K, 0% used [0x00000000ead80000,0x00000000ead80000,0x00000000eae00000)
 ParOldGen       total 245248K, used 245246K [0x00000000c0000000, 0x00000000cef80000, 0x00000000eab00000)
  object space 245248K, 99% used [0x00000000c0000000,0x00000000cef7f9e0,0x00000000cef80000)
 Metaspace       used 64554K, committed 66112K, reserved 1114112K
  class space    used 6605K, committed 7296K, reserved 1048576K
}
Event: 51.280 GC heap after
{Heap after GC invocations=269 (full 3):
 PSYoungGen      total 2048K, used 160K [0x00000000eab00000, 0x00000000eae00000, 0x0000000100000000)
  eden space 1536K, 0% used [0x00000000eab00000,0x00000000eab00000,0x00000000eac80000)
  from space 512K, 31% used [0x00000000ead80000,0x00000000eada8000,0x00000000eae00000)
  to   space 512K, 0% used [0x00000000eac80000,0x00000000eac80000,0x00000000ead00000)
 ParOldGen       total 245760K, used 245331K [0x00000000c0000000, 0x00000000cf000000, 0x00000000eab00000)
  object space 245760K, 99% used [0x00000000c0000000,0x00000000cef94d40,0x00000000cf000000)
 Metaspace       used 64554K, committed 66112K, reserved 1114112K
  class space    used 6605K, committed 7296K, reserved 1048576K
}
Event: 51.283 GC heap before
{Heap before GC invocations=270 (full 3):
 PSYoungGen      total 2048K, used 1696K [0x00000000eab00000, 0x00000000eae00000, 0x0000000100000000)
  eden space 1536K, 100% used [0x00000000eab00000,0x00000000eac80000,0x00000000eac80000)
  from space 512K, 31% used [0x00000000ead80000,0x00000000eada8000,0x00000000eae00000)
  to   space 512K, 0% used [0x00000000eac80000,0x00000000eac80000,0x00000000ead00000)
 ParOldGen       total 245760K, used 245331K [0x00000000c0000000, 0x00000000cf000000, 0x00000000eab00000)
  object space 245760K, 99% used [0x00000000c0000000,0x00000000cef94d40,0x00000000cf000000)
 Metaspace       used 64554K, committed 66112K, reserved 1114112K
  class space    used 6605K, committed 7296K, reserved 1048576K
}
Event: 51.284 GC heap after
{Heap after GC invocations=270 (full 3):
 PSYoungGen      total 2048K, used 160K [0x00000000eab00000, 0x00000000eae00000, 0x0000000100000000)
  eden space 1536K, 0% used [0x00000000eab00000,0x00000000eab00000,0x00000000eac80000)
  from space 512K, 31% used [0x00000000eac80000,0x00000000eaca8000,0x00000000ead00000)
  to   space 512K, 0% used [0x00000000ead80000,0x00000000ead80000,0x00000000eae00000)
 ParOldGen       total 245760K, used 245438K [0x00000000c0000000, 0x00000000cf000000, 0x00000000eab00000)
  object space 245760K, 99% used [0x00000000c0000000,0x00000000cefaf808,0x00000000cf000000)
 Metaspace       used 64554K, committed 66112K, reserved 1114112K
  class space    used 6605K, committed 7296K, reserved 1048576K
}
Event: 51.287 GC heap before
{Heap before GC invocations=271 (full 3):
 PSYoungGen      total 2048K, used 1696K [0x00000000eab00000, 0x00000000eae00000, 0x0000000100000000)
  eden space 1536K, 100% used [0x00000000eab00000,0x00000000eac80000,0x00000000eac80000)
  from space 512K, 31% used [0x00000000eac80000,0x00000000eaca8000,0x00000000ead00000)
  to   space 512K, 0% used [0x00000000ead80000,0x00000000ead80000,0x00000000eae00000)
 ParOldGen       total 245760K, used 245438K [0x00000000c0000000, 0x00000000cf000000, 0x00000000eab00000)
  object space 245760K, 99% used [0x00000000c0000000,0x00000000cefaf808,0x00000000cf000000)
 Metaspace       used 64554K, committed 66112K, reserved 1114112K
  class space    used 6605K, committed 7296K, reserved 1048576K
}
Event: 51.289 GC heap after
{Heap after GC invocations=271 (full 3):
 PSYoungGen      total 2560K, used 192K [0x00000000eab00000, 0x00000000eae00000, 0x0000000100000000)
  eden space 2048K, 0% used [0x00000000eab00000,0x00000000eab00000,0x00000000ead00000)
  from space 512K, 37% used [0x00000000ead80000,0x00000000eadb0000,0x00000000eae00000)
  to   space 512K, 0% used [0x00000000ead00000,0x00000000ead00000,0x00000000ead80000)
 ParOldGen       total 245760K, used 245517K [0x00000000c0000000, 0x00000000cf000000, 0x00000000eab00000)
  object space 245760K, 99% used [0x00000000c0000000,0x00000000cefc35d0,0x00000000cf000000)
 Metaspace       used 64554K, committed 66112K, reserved 1114112K
  class space    used 6605K, committed 7296K, reserved 1048576K
}
Event: 51.297 GC heap before
{Heap before GC invocations=272 (full 3):
 PSYoungGen      total 2560K, used 2239K [0x00000000eab00000, 0x00000000eae00000, 0x0000000100000000)
  eden space 2048K, 99% used [0x00000000eab00000,0x00000000eacfffe8,0x00000000ead00000)
  from space 512K, 37% used [0x00000000ead80000,0x00000000eadb0000,0x00000000eae00000)
  to   space 512K, 0% used [0x00000000ead00000,0x00000000ead00000,0x00000000ead80000)
 ParOldGen       total 245760K, used 245517K [0x00000000c0000000, 0x00000000cf000000, 0x00000000eab00000)
  object space 245760K, 99% used [0x00000000c0000000,0x00000000cefc35d0,0x00000000cf000000)
 Metaspace       used 64554K, committed 66112K, reserved 1114112K
  class space    used 6605K, committed 7296K, reserved 1048576K
}
Event: 51.301 GC heap after
{Heap after GC invocations=272 (full 3):
 PSYoungGen      total 2560K, used 128K [0x00000000eab00000, 0x00000000eae80000, 0x0000000100000000)
  eden space 2048K, 0% used [0x00000000eab00000,0x00000000eab00000,0x00000000ead00000)
  from space 512K, 25% used [0x00000000ead00000,0x00000000ead20000,0x00000000ead80000)
  to   space 512K, 0% used [0x00000000eae00000,0x00000000eae00000,0x00000000eae80000)
 ParOldGen       total 245760K, used 245617K [0x00000000c0000000, 0x00000000cf000000, 0x00000000eab00000)
  object space 245760K, 99% used [0x00000000c0000000,0x00000000cefdc7f8,0x00000000cf000000)
 Metaspace       used 64554K, committed 66112K, reserved 1114112K
  class space    used 6605K, committed 7296K, reserved 1048576K
}
Event: 51.336 GC heap before
{Heap before GC invocations=273 (full 3):
 PSYoungGen      total 2560K, used 2176K [0x00000000eab00000, 0x00000000eae80000, 0x0000000100000000)
  eden space 2048K, 100% used [0x00000000eab00000,0x00000000ead00000,0x00000000ead00000)
  from space 512K, 25% used [0x00000000ead00000,0x00000000ead20000,0x00000000ead80000)
  to   space 512K, 0% used [0x00000000eae00000,0x00000000eae00000,0x00000000eae80000)
 ParOldGen       total 245760K, used 245617K [0x00000000c0000000, 0x00000000cf000000, 0x00000000eab00000)
  object space 245760K, 99% used [0x00000000c0000000,0x00000000cefdc7f8,0x00000000cf000000)
 Metaspace       used 64554K, committed 66112K, reserved 1114112K
  class space    used 6605K, committed 7296K, reserved 1048576K
}
Event: 51.338 GC heap after
{Heap after GC invocations=273 (full 3):
 PSYoungGen      total 3072K, used 128K [0x00000000eab00000, 0x00000000eae80000, 0x0000000100000000)
  eden space 2560K, 0% used [0x00000000eab00000,0x00000000eab00000,0x00000000ead80000)
  from space 512K, 25% used [0x00000000eae00000,0x00000000eae20000,0x00000000eae80000)
  to   space 512K, 0% used [0x00000000ead80000,0x00000000ead80000,0x00000000eae00000)
 ParOldGen       total 245760K, used 245711K [0x00000000c0000000, 0x00000000cf000000, 0x00000000eab00000)
  object space 245760K, 99% used [0x00000000c0000000,0x00000000ceff3f18,0x00000000cf000000)
 Metaspace       used 64554K, committed 66112K, reserved 1114112K
  class space    used 6605K, committed 7296K, reserved 1048576K
}
Event: 51.351 GC heap before
{Heap before GC invocations=274 (full 3):
 PSYoungGen      total 3072K, used 2688K [0x00000000eab00000, 0x00000000eae80000, 0x0000000100000000)
  eden space 2560K, 100% used [0x00000000eab00000,0x00000000ead80000,0x00000000ead80000)
  from space 512K, 25% used [0x00000000eae00000,0x00000000eae20000,0x00000000eae80000)
  to   space 512K, 0% used [0x00000000ead80000,0x00000000ead80000,0x00000000eae00000)
 ParOldGen       total 245760K, used 245711K [0x00000000c0000000, 0x00000000cf000000, 0x00000000eab00000)
  object space 245760K, 99% used [0x00000000c0000000,0x00000000ceff3f18,0x00000000cf000000)
 Metaspace       used 64554K, committed 66112K, reserved 1114112K
  class space    used 6605K, committed 7296K, reserved 1048576K
}
Event: 51.354 GC heap after
{Heap after GC invocations=274 (full 3):
 PSYoungGen      total 3072K, used 160K [0x00000000eab00000, 0x00000000eae80000, 0x0000000100000000)
  eden space 2560K, 0% used [0x00000000eab00000,0x00000000eab00000,0x00000000ead80000)
  from space 512K, 31% used [0x00000000ead80000,0x00000000eada8000,0x00000000eae00000)
  to   space 512K, 0% used [0x00000000eae00000,0x00000000eae00000,0x00000000eae80000)
 ParOldGen       total 246272K, used 245775K [0x00000000c0000000, 0x00000000cf080000, 0x00000000eab00000)
  object space 246272K, 99% used [0x00000000c0000000,0x00000000cf003f18,0x00000000cf080000)
 Metaspace       used 64554K, committed 66112K, reserved 1114112K
  class space    used 6605K, committed 7296K, reserved 1048576K
}
Event: 51.381 GC heap before
{Heap before GC invocations=275 (full 3):
 PSYoungGen      total 3072K, used 2720K [0x00000000eab00000, 0x00000000eae80000, 0x0000000100000000)
  eden space 2560K, 100% used [0x00000000eab00000,0x00000000ead80000,0x00000000ead80000)
  from space 512K, 31% used [0x00000000ead80000,0x00000000eada8000,0x00000000eae00000)
  to   space 512K, 0% used [0x00000000eae00000,0x00000000eae00000,0x00000000eae80000)
 ParOldGen       total 246272K, used 245775K [0x00000000c0000000, 0x00000000cf080000, 0x00000000eab00000)
  object space 246272K, 99% used [0x00000000c0000000,0x00000000cf003f18,0x00000000cf080000)
 Metaspace       used 64554K, committed 66112K, reserved 1114112K
  class space    used 6605K, committed 7296K, reserved 1048576K
}
Event: 51.383 GC heap after
{Heap after GC invocations=275 (full 3):
 PSYoungGen      total 3072K, used 288K [0x00000000eab00000, 0x00000000eae80000, 0x0000000100000000)
  eden space 2560K, 0% used [0x00000000eab00000,0x00000000eab00000,0x00000000ead80000)
  from space 512K, 56% used [0x00000000eae00000,0x00000000eae48000,0x00000000eae80000)
  to   space 512K, 0% used [0x00000000ead80000,0x00000000ead80000,0x00000000eae00000)
 ParOldGen       total 246272K, used 245839K [0x00000000c0000000, 0x00000000cf080000, 0x00000000eab00000)
  object space 246272K, 99% used [0x00000000c0000000,0x00000000cf013f18,0x00000000cf080000)
 Metaspace       used 64554K, committed 66112K, reserved 1114112K
  class space    used 6605K, committed 7296K, reserved 1048576K
}

