# JRE version: OpenJDK Runtime Environment Temurin-21.0.7+6 (21.0.7+6) (build 21.0.7+6-LTS)
# Java VM: OpenJDK 64-Bit Server VM Temurin-21.0.7+6 (21.0.7+6-LTS, mixed mode, sharing, tiered, compressed oops, compressed class ptrs, parallel gc, windows-amd64)
GC Precious Log:
 CardTable entry size: 512
 CPUs: 4 total, 4 available
 Memory: 8089M
 Large Page Support: Disabled
 NUMA Support: Disabled
 Compressed Oops: Enabled (32-bit)
 Alignments: Space 512K, Generation 512K, Heap 2M
 Heap Min Capacity: 100M
 Heap Initial Capacity: 100M
 Heap Max Capacity: 1G
 Pre-touch: Disabled
 Parallel Workers: 4
Heap:
 PSYoungGen      total 9728K, used 9600K [0x00000000eab00000, 0x00000000eb680000, 0x0000000100000000)
  eden space 8704K, 100% used [0x00000000eab00000,0x00000000eb380000,0x00000000eb380000)
  from space 1024K, 87% used [0x00000000eb380000,0x00000000eb460000,0x00000000eb480000)
  to   space 1536K, 50% used [0x00000000eb500000,0x00000000eb5c0000,0x00000000eb680000)
 ParOldGen       total 319488K, used 319487K [0x00000000c0000000, 0x00000000d3800000, 0x00000000eab00000)
  object space 319488K, 99% used [0x00000000c0000000,0x00000000d37ffe68,0x00000000d3800000)
 Metaspace       used 66643K, committed 68096K, reserved 1114112K
  class space    used 6790K, committed 7424K, reserved 1048576K
GC Heap History (20 events):
Event: 74.868 GC heap after
{Heap after GC invocations=695 (full 5):
 PSYoungGen      total 10240K, used 1528K [0x00000000eab00000, 0x00000000eb880000, 0x0000000100000000)
  eden space 8704K, 0% used [0x00000000eab00000,0x00000000eab00000,0x00000000eb380000)
  from space 1536K, 99% used [0x00000000eb380000,0x00000000eb4fe008,0x00000000eb500000)
  to   space 2560K, 0% used [0x00000000eb600000,0x00000000eb600000,0x00000000eb880000)
 ParOldGen       total 310784K, used 310552K [0x00000000c0000000, 0x00000000d2f80000, 0x00000000eab00000)
  object space 310784K, 99% used [0x00000000c0000000,0x00000000d2f463a8,0x00000000d2f80000)
 Metaspace       used 66130K, committed 67712K, reserved 1114112K
  class space    used 6741K, committed 7424K, reserved 1048576K
}
Event: 76.409 GC heap before
{Heap before GC invocations=696 (full 5):
 PSYoungGen      total 10240K, used 10232K [0x00000000eab00000, 0x00000000eb880000, 0x0000000100000000)
  eden space 8704K, 100% used [0x00000000eab00000,0x00000000eb380000,0x00000000eb380000)
  from space 1536K, 99% used [0x00000000eb380000,0x00000000eb4fe008,0x00000000eb500000)
  to   space 2560K, 0% used [0x00000000eb600000,0x00000000eb600000,0x00000000eb880000)
 ParOldGen       total 310784K, used 310552K [0x00000000c0000000, 0x00000000d2f80000, 0x00000000eab00000)
  object space 310784K, 99% used [0x00000000c0000000,0x00000000d2f463a8,0x00000000d2f80000)
 Metaspace       used 66130K, committed 67712K, reserved 1114112K
  class space    used 6741K, committed 7424K, reserved 1048576K
}
Event: 76.418 GC heap after
{Heap after GC invocations=696 (full 5):
 PSYoungGen      total 9728K, used 1024K [0x00000000eab00000, 0x00000000eb700000, 0x0000000100000000)
  eden space 8704K, 0% used [0x00000000eab00000,0x00000000eab00000,0x00000000eb380000)
  from space 1024K, 100% used [0x00000000eb600000,0x00000000eb700000,0x00000000eb700000)
  to   space 1536K, 0% used [0x00000000eb400000,0x00000000eb400000,0x00000000eb580000)
 ParOldGen       total 312320K, used 312016K [0x00000000c0000000, 0x00000000d3100000, 0x00000000eab00000)
  object space 312320K, 99% used [0x00000000c0000000,0x00000000d30b43b0,0x00000000d3100000)
 Metaspace       used 66130K, committed 67712K, reserved 1114112K
  class space    used 6741K, committed 7424K, reserved 1048576K
}
Event: 76.897 GC heap before
{Heap before GC invocations=697 (full 5):
 PSYoungGen      total 9728K, used 9728K [0x00000000eab00000, 0x00000000eb700000, 0x0000000100000000)
  eden space 8704K, 100% used [0x00000000eab00000,0x00000000eb380000,0x00000000eb380000)
  from space 1024K, 100% used [0x00000000eb600000,0x00000000eb700000,0x00000000eb700000)
  to   space 1536K, 0% used [0x00000000eb400000,0x00000000eb400000,0x00000000eb580000)
 ParOldGen       total 312320K, used 312016K [0x00000000c0000000, 0x00000000d3100000, 0x00000000eab00000)
  object space 312320K, 99% used [0x00000000c0000000,0x00000000d30b43b0,0x00000000d3100000)
 Metaspace       used 66130K, committed 67712K, reserved 1114112K
  class space    used 6741K, committed 7424K, reserved 1048576K
}
Event: 76.909 GC heap after
{Heap after GC invocations=697 (full 5):
 PSYoungGen      total 10240K, used 1533K [0x00000000eab00000, 0x00000000eb780000, 0x0000000100000000)
  eden space 8704K, 0% used [0x00000000eab00000,0x00000000eab00000,0x00000000eb380000)
  from space 1536K, 99% used [0x00000000eb400000,0x00000000eb57f638,0x00000000eb580000)
  to   space 2048K, 0% used [0x00000000eb580000,0x00000000eb580000,0x00000000eb780000)
 ParOldGen       total 312320K, used 312032K [0x00000000c0000000, 0x00000000d3100000, 0x00000000eab00000)
  object space 312320K, 99% used [0x00000000c0000000,0x00000000d30b83b0,0x00000000d3100000)
 Metaspace       used 66130K, committed 67712K, reserved 1114112K
  class space    used 6741K, committed 7424K, reserved 1048576K
}
Event: 77.153 GC heap before
{Heap before GC invocations=698 (full 5):
 PSYoungGen      total 10240K, used 10237K [0x00000000eab00000, 0x00000000eb780000, 0x0000000100000000)
  eden space 8704K, 100% used [0x00000000eab00000,0x00000000eb380000,0x00000000eb380000)
  from space 1536K, 99% used [0x00000000eb400000,0x00000000eb57f638,0x00000000eb580000)
  to   space 2048K, 0% used [0x00000000eb580000,0x00000000eb580000,0x00000000eb780000)
 ParOldGen       total 312320K, used 312032K [0x00000000c0000000, 0x00000000d3100000, 0x00000000eab00000)
  object space 312320K, 99% used [0x00000000c0000000,0x00000000d30b83b0,0x00000000d3100000)
 Metaspace       used 66130K, committed 67712K, reserved 1114112K
  class space    used 6741K, committed 7424K, reserved 1048576K
}
Event: 77.161 GC heap after
{Heap after GC invocations=698 (full 5):
 PSYoungGen      total 10240K, used 1430K [0x00000000eab00000, 0x00000000eb700000, 0x0000000100000000)
  eden space 8704K, 0% used [0x00000000eab00000,0x00000000eab00000,0x00000000eb380000)
  from space 1536K, 93% used [0x00000000eb580000,0x00000000eb6e5808,0x00000000eb700000)
  to   space 1536K, 0% used [0x00000000eb400000,0x00000000eb400000,0x00000000eb580000)
 ParOldGen       total 313856K, used 313507K [0x00000000c0000000, 0x00000000d3280000, 0x00000000eab00000)
  object space 313856K, 99% used [0x00000000c0000000,0x00000000d3228de0,0x00000000d3280000)
 Metaspace       used 66130K, committed 67712K, reserved 1114112K
  class space    used 6741K, committed 7424K, reserved 1048576K
}
Event: 77.508 GC heap before
{Heap before GC invocations=699 (full 5):
 PSYoungGen      total 10240K, used 10134K [0x00000000eab00000, 0x00000000eb700000, 0x0000000100000000)
  eden space 8704K, 100% used [0x00000000eab00000,0x00000000eb380000,0x00000000eb380000)
  from space 1536K, 93% used [0x00000000eb580000,0x00000000eb6e5808,0x00000000eb700000)
  to   space 1536K, 0% used [0x00000000eb400000,0x00000000eb400000,0x00000000eb580000)
 ParOldGen       total 313856K, used 313507K [0x00000000c0000000, 0x00000000d3280000, 0x00000000eab00000)
  object space 313856K, 99% used [0x00000000c0000000,0x00000000d3228de0,0x00000000d3280000)
 Metaspace       used 66130K, committed 67712K, reserved 1114112K
  class space    used 6741K, committed 7424K, reserved 1048576K
}
Event: 77.525 GC heap after
{Heap after GC invocations=699 (full 5):
 PSYoungGen      total 10240K, used 1526K [0x00000000eab00000, 0x00000000eb880000, 0x0000000100000000)
  eden space 8704K, 0% used [0x00000000eab00000,0x00000000eab00000,0x00000000eb380000)
  from space 1536K, 99% used [0x00000000eb400000,0x00000000eb57d958,0x00000000eb580000)
  to   space 2560K, 0% used [0x00000000eb600000,0x00000000eb600000,0x00000000eb880000)
 ParOldGen       total 314368K, used 314363K [0x00000000c0000000, 0x00000000d3300000, 0x00000000eab00000)
  object space 314368K, 99% used [0x00000000c0000000,0x00000000d32fede0,0x00000000d3300000)
 Metaspace       used 66130K, committed 67712K, reserved 1114112K
  class space    used 6741K, committed 7424K, reserved 1048576K
}
Event: 83.398 GC heap before
{Heap before GC invocations=700 (full 5):
 PSYoungGen      total 10240K, used 10230K [0x00000000eab00000, 0x00000000eb880000, 0x0000000100000000)
  eden space 8704K, 100% used [0x00000000eab00000,0x00000000eb380000,0x00000000eb380000)
  from space 1536K, 99% used [0x00000000eb400000,0x00000000eb57d958,0x00000000eb580000)
  to   space 2560K, 0% used [0x00000000eb600000,0x00000000eb600000,0x00000000eb880000)
 ParOldGen       total 314880K, used 314385K [0x00000000c0000000, 0x00000000d3380000, 0x00000000eab00000)
  object space 314880K, 99% used [0x00000000c0000000,0x00000000d3304530,0x00000000d3380000)
 Metaspace       used 66407K, committed 67968K, reserved 1114112K
  class space    used 6762K, committed 7424K, reserved 1048576K
}
Event: 83.404 GC heap after
{Heap after GC invocations=700 (full 5):
 PSYoungGen      total 10240K, used 1235K [0x00000000eab00000, 0x00000000eb780000, 0x0000000100000000)
  eden space 8704K, 0% used [0x00000000eab00000,0x00000000eab00000,0x00000000eb380000)
  from space 1536K, 80% used [0x00000000eb600000,0x00000000eb734d98,0x00000000eb780000)
  to   space 2048K, 0% used [0x00000000eb380000,0x00000000eb380000,0x00000000eb580000)
 ParOldGen       total 315904K, used 315813K [0x00000000c0000000, 0x00000000d3480000, 0x00000000eab00000)
  object space 315904K, 99% used [0x00000000c0000000,0x00000000d3469610,0x00000000d3480000)
 Metaspace       used 66407K, committed 67968K, reserved 1114112K
  class space    used 6762K, committed 7424K, reserved 1048576K
}
Event: 83.537 GC heap before
{Heap before GC invocations=701 (full 5):
 PSYoungGen      total 10240K, used 9939K [0x00000000eab00000, 0x00000000eb780000, 0x0000000100000000)
  eden space 8704K, 100% used [0x00000000eab00000,0x00000000eb380000,0x00000000eb380000)
  from space 1536K, 80% used [0x00000000eb600000,0x00000000eb734d98,0x00000000eb780000)
  to   space 2048K, 0% used [0x00000000eb380000,0x00000000eb380000,0x00000000eb580000)
 ParOldGen       total 316416K, used 315977K [0x00000000c0000000, 0x00000000d3500000, 0x00000000eab00000)
  object space 316416K, 99% used [0x00000000c0000000,0x00000000d3492710,0x00000000d3500000)
 Metaspace       used 66642K, committed 68096K, reserved 1114112K
  class space    used 6790K, committed 7424K, reserved 1048576K
}
Event: 83.544 GC heap after
{Heap after GC invocations=701 (full 5):
 PSYoungGen      total 10752K, used 2035K [0x00000000eab00000, 0x00000000eb880000, 0x0000000100000000)
  eden space 8704K, 0% used [0x00000000eab00000,0x00000000eab00000,0x00000000eb380000)
  from space 2048K, 99% used [0x00000000eb380000,0x00000000eb57cdb8,0x00000000eb580000)
  to   space 2560K, 0% used [0x00000000eb600000,0x00000000eb600000,0x00000000eb880000)
 ParOldGen       total 316416K, used 316201K [0x00000000c0000000, 0x00000000d3500000, 0x00000000eab00000)
  object space 316416K, 99% used [0x00000000c0000000,0x00000000d34ca710,0x00000000d3500000)
 Metaspace       used 66642K, committed 68096K, reserved 1114112K
  class space    used 6790K, committed 7424K, reserved 1048576K
}
Event: 83.649 GC heap before
{Heap before GC invocations=702 (full 5):
 PSYoungGen      total 10752K, used 10737K [0x00000000eab00000, 0x00000000eb880000, 0x0000000100000000)
  eden space 8704K, 99% used [0x00000000eab00000,0x00000000eb37f8a8,0x00000000eb380000)
  from space 2048K, 99% used [0x00000000eb380000,0x00000000eb57cdb8,0x00000000eb580000)
  to   space 2560K, 0% used [0x00000000eb600000,0x00000000eb600000,0x00000000eb880000)
 ParOldGen       total 316416K, used 316201K [0x00000000c0000000, 0x00000000d3500000, 0x00000000eab00000)
  object space 316416K, 99% used [0x00000000c0000000,0x00000000d34ca710,0x00000000d3500000)
 Metaspace       used 66642K, committed 68096K, reserved 1114112K
  class space    used 6790K, committed 7424K, reserved 1048576K
}
Event: 83.657 GC heap after
{Heap after GC invocations=702 (full 5):
 PSYoungGen      total 10752K, used 1603K [0x00000000eab00000, 0x00000000eb800000, 0x0000000100000000)
  eden space 8704K, 0% used [0x00000000eab00000,0x00000000eab00000,0x00000000eb380000)
  from space 2048K, 78% used [0x00000000eb600000,0x00000000eb790c28,0x00000000eb800000)
  to   space 2048K, 0% used [0x00000000eb380000,0x00000000eb380000,0x00000000eb580000)
 ParOldGen       total 318464K, used 318107K [0x00000000c0000000, 0x00000000d3700000, 0x00000000eab00000)
  object space 318464K, 99% used [0x00000000c0000000,0x00000000d36a6e60,0x00000000d3700000)
 Metaspace       used 66642K, committed 68096K, reserved 1114112K
  class space    used 6790K, committed 7424K, reserved 1048576K
}
Event: 83.736 GC heap before
{Heap before GC invocations=703 (full 5):
 PSYoungGen      total 10752K, used 10307K [0x00000000eab00000, 0x00000000eb800000, 0x0000000100000000)
  eden space 8704K, 100% used [0x00000000eab00000,0x00000000eb380000,0x00000000eb380000)
  from space 2048K, 78% used [0x00000000eb600000,0x00000000eb790c28,0x00000000eb800000)
  to   space 2048K, 0% used [0x00000000eb380000,0x00000000eb380000,0x00000000eb580000)
 ParOldGen       total 318464K, used 318107K [0x00000000c0000000, 0x00000000d3700000, 0x00000000eab00000)
  object space 318464K, 99% used [0x00000000c0000000,0x00000000d36a6e60,0x00000000d3700000)
 Metaspace       used 66643K, committed 68096K, reserved 1114112K
  class space    used 6790K, committed 7424K, reserved 1048576K
}
Event: 83.740 GC heap after
{Heap after GC invocations=703 (full 5):
 PSYoungGen      total 9728K, used 896K [0x00000000eab00000, 0x00000000eb680000, 0x0000000100000000)
  eden space 8704K, 0% used [0x00000000eab00000,0x00000000eab00000,0x00000000eb380000)
  from space 1024K, 87% used [0x00000000eb380000,0x00000000eb460000,0x00000000eb480000)
  to   space 1536K, 0% used [0x00000000eb500000,0x00000000eb500000,0x00000000eb680000)
 ParOldGen       total 318976K, used 318823K [0x00000000c0000000, 0x00000000d3780000, 0x00000000eab00000)
  object space 318976K, 99% used [0x00000000c0000000,0x00000000d3759e68,0x00000000d3780000)
 Metaspace       used 66643K, committed 68096K, reserved 1114112K
  class space    used 6790K, committed 7424K, reserved 1048576K
}
Event: 83.797 GC heap before
{Heap before GC invocations=704 (full 5):
 PSYoungGen      total 9728K, used 9600K [0x00000000eab00000, 0x00000000eb680000, 0x0000000100000000)
  eden space 8704K, 100% used [0x00000000eab00000,0x00000000eb380000,0x00000000eb380000)
  from space 1024K, 87% used [0x00000000eb380000,0x00000000eb460000,0x00000000eb480000)
  to   space 1536K, 0% used [0x00000000eb500000,0x00000000eb500000,0x00000000eb680000)
 ParOldGen       total 318976K, used 318823K [0x00000000c0000000, 0x00000000d3780000, 0x00000000eab00000)
  object space 318976K, 99% used [0x00000000c0000000,0x00000000d3759e68,0x00000000d3780000)
 Metaspace       used 66643K, committed 68096K, reserved 1114112K
  class space    used 6790K, committed 7424K, reserved 1048576K
}
Event: 83.803 GC heap after
{Heap after GC invocations=704 (full 5):
 PSYoungGen      total 9728K, used 9600K [0x00000000eab00000, 0x00000000eb680000, 0x0000000100000000)
  eden space 8704K, 100% used [0x00000000eab00000,0x00000000eb380000,0x00000000eb380000)
  from space 1024K, 87% used [0x00000000eb380000,0x00000000eb460000,0x00000000eb480000)
  to   space 1536K, 50% used [0x00000000eb500000,0x00000000eb5c0000,0x00000000eb680000)
 ParOldGen       total 319488K, used 319487K [0x00000000c0000000, 0x00000000d3800000, 0x00000000eab00000)
  object space 319488K, 99% used [0x00000000c0000000,0x00000000d37ffe68,0x00000000d3800000)
 Metaspace       used 66643K, committed 68096K, reserved 1114112K
  class space    used 6790K, committed 7424K, reserved 1048576K
}
Event: 83.803 GC heap before
{Heap before GC invocations=705 (full 6):
 PSYoungGen      total 9728K, used 9600K [0x00000000eab00000, 0x00000000eb680000, 0x0000000100000000)
  eden space 8704K, 100% used [0x00000000eab00000,0x00000000eb380000,0x00000000eb380000)
  from space 1024K, 87% used [0x00000000eb380000,0x00000000eb460000,0x00000000eb480000)
  to   space 1536K, 50% used [0x00000000eb500000,0x00000000eb5c0000,0x00000000eb680000)
 ParOldGen       total 319488K, used 319487K [0x00000000c0000000, 0x00000000d3800000, 0x00000000eab00000)
  object space 319488K, 99% used [0x00000000c0000000,0x00000000d37ffe68,0x00000000d3800000)
 Metaspace       used 66643K, committed 68096K, reserved 1114112K
  class space    used 6790K, committed 7424K, reserved 1048576K
}

