# JRE version: OpenJDK Runtime Environment Temurin-21.0.7+6 (21.0.7+6) (build 21.0.7+6-LTS)
# Java VM: OpenJDK 64-Bit Server VM Temurin-21.0.7+6 (21.0.7+6-LTS, mixed mode, sharing, tiered, compressed oops, compressed class ptrs, parallel gc, windows-amd64)
GC Precious Log:
 CardTable entry size: 512
 CPUs: 4 total, 4 available
 Memory: 8089M
 Large Page Support: Disabled
 NUMA Support: Disabled
 Compressed Oops: Enabled (32-bit)
 Alignments: Space 512K, Generation 512K, Heap 2M
 Heap Min Capacity: 100M
 Heap Initial Capacity: 100M
 Heap Max Capacity: 1G
 Pre-touch: Disabled
 Parallel Workers: 4
Heap:
 PSYoungGen      total 13312K, used 9557K [0x00000000eab00000, 0x00000000ebe00000, 0x0000000100000000)
  eden space 7168K, 99% used [0x00000000eab00000,0x00000000eb1f8510,0x00000000eb200000)
  from space 6144K, 39% used [0x00000000eb800000,0x00000000eba5d080,0x00000000ebe00000)
  to   space 2560K, 95% used [0x00000000eb200000,0x00000000eb463ea8,0x00000000eb480000)
 ParOldGen       total 274432K, used 274417K [0x00000000c0000000, 0x00000000d0c00000, 0x00000000eab00000)
  object space 274432K, 99% used [0x00000000c0000000,0x00000000d0bfc540,0x00000000d0c00000)
 Metaspace       used 63174K, committed 64704K, reserved 1114112K
  class space    used 6462K, committed 7168K, reserved 1048576K
GC Heap History (20 events):
Event: 34.196 GC heap before
{Heap before GC invocations=274 (full 4):
 PSYoungGen      total 8192K, used 8185K [0x00000000eab00000, 0x00000000eb580000, 0x0000000100000000)
  eden space 6144K, 100% used [0x00000000eab00000,0x00000000eb100000,0x00000000eb100000)
  from space 2048K, 99% used [0x00000000eb100000,0x00000000eb2fe660,0x00000000eb300000)
  to   space 2048K, 0% used [0x00000000eb380000,0x00000000eb380000,0x00000000eb580000)
 ParOldGen       total 263680K, used 263251K [0x00000000c0000000, 0x00000000d0180000, 0x00000000eab00000)
  object space 263680K, 99% used [0x00000000c0000000,0x00000000d0114d80,0x00000000d0180000)
 Metaspace       used 63132K, committed 64704K, reserved 1114112K
  class space    used 6462K, committed 7168K, reserved 1048576K
}
Event: 34.204 GC heap after
{Heap after GC invocations=274 (full 4):
 PSYoungGen      total 8192K, used 2025K [0x00000000eab00000, 0x00000000eb580000, 0x0000000100000000)
  eden space 6144K, 0% used [0x00000000eab00000,0x00000000eab00000,0x00000000eb100000)
  from space 2048K, 98% used [0x00000000eb380000,0x00000000eb57a458,0x00000000eb580000)
  to   space 2048K, 0% used [0x00000000eb100000,0x00000000eb100000,0x00000000eb300000)
 ParOldGen       total 265728K, used 265492K [0x00000000c0000000, 0x00000000d0380000, 0x00000000eab00000)
  object space 265728K, 99% used [0x00000000c0000000,0x00000000d0345028,0x00000000d0380000)
 Metaspace       used 63132K, committed 64704K, reserved 1114112K
  class space    used 6462K, committed 7168K, reserved 1048576K
}
Event: 34.221 GC heap before
{Heap before GC invocations=275 (full 4):
 PSYoungGen      total 8192K, used 8169K [0x00000000eab00000, 0x00000000eb580000, 0x0000000100000000)
  eden space 6144K, 100% used [0x00000000eab00000,0x00000000eb100000,0x00000000eb100000)
  from space 2048K, 98% used [0x00000000eb380000,0x00000000eb57a458,0x00000000eb580000)
  to   space 2048K, 0% used [0x00000000eb100000,0x00000000eb100000,0x00000000eb300000)
 ParOldGen       total 265728K, used 265492K [0x00000000c0000000, 0x00000000d0380000, 0x00000000eab00000)
  object space 265728K, 99% used [0x00000000c0000000,0x00000000d0345028,0x00000000d0380000)
 Metaspace       used 63132K, committed 64704K, reserved 1114112K
  class space    used 6462K, committed 7168K, reserved 1048576K
}
Event: 34.226 GC heap after
{Heap after GC invocations=275 (full 4):
 PSYoungGen      total 8192K, used 8169K [0x00000000eab00000, 0x00000000eb580000, 0x0000000100000000)
  eden space 6144K, 100% used [0x00000000eab00000,0x00000000eb100000,0x00000000eb100000)
  from space 2048K, 98% used [0x00000000eb380000,0x00000000eb57a458,0x00000000eb580000)
  to   space 2048K, 99% used [0x00000000eb100000,0x00000000eb2ff168,0x00000000eb300000)
 ParOldGen       total 266752K, used 266720K [0x00000000c0000000, 0x00000000d0480000, 0x00000000eab00000)
  object space 266752K, 99% used [0x00000000c0000000,0x00000000d04783e0,0x00000000d0480000)
 Metaspace       used 63132K, committed 64704K, reserved 1114112K
  class space    used 6462K, committed 7168K, reserved 1048576K
}
Event: 34.226 GC heap before
{Heap before GC invocations=276 (full 5):
 PSYoungGen      total 8192K, used 8169K [0x00000000eab00000, 0x00000000eb580000, 0x0000000100000000)
  eden space 6144K, 100% used [0x00000000eab00000,0x00000000eb100000,0x00000000eb100000)
  from space 2048K, 98% used [0x00000000eb380000,0x00000000eb57a458,0x00000000eb580000)
  to   space 2048K, 99% used [0x00000000eb100000,0x00000000eb2ff168,0x00000000eb300000)
 ParOldGen       total 266752K, used 266720K [0x00000000c0000000, 0x00000000d0480000, 0x00000000eab00000)
  object space 266752K, 99% used [0x00000000c0000000,0x00000000d04783e0,0x00000000d0480000)
 Metaspace       used 63132K, committed 64704K, reserved 1114112K
  class space    used 6462K, committed 7168K, reserved 1048576K
}
Event: 35.454 GC heap after
{Heap after GC invocations=276 (full 5):
 PSYoungGen      total 8192K, used 0K [0x00000000eab00000, 0x00000000eb580000, 0x0000000100000000)
  eden space 6144K, 0% used [0x00000000eab00000,0x00000000eab00000,0x00000000eb100000)
  from space 2048K, 0% used [0x00000000eb100000,0x00000000eb100000,0x00000000eb300000)
  to   space 2048K, 0% used [0x00000000eb380000,0x00000000eb380000,0x00000000eb580000)
 ParOldGen       total 266752K, used 264534K [0x00000000c0000000, 0x00000000d0480000, 0x00000000eab00000)
  object space 266752K, 99% used [0x00000000c0000000,0x00000000d0255a20,0x00000000d0480000)
 Metaspace       used 63132K, committed 64704K, reserved 1114112K
  class space    used 6462K, committed 7168K, reserved 1048576K
}
Event: 35.527 GC heap before
{Heap before GC invocations=277 (full 5):
 PSYoungGen      total 8192K, used 6143K [0x00000000eab00000, 0x00000000eb580000, 0x0000000100000000)
  eden space 6144K, 99% used [0x00000000eab00000,0x00000000eb0ffdc0,0x00000000eb100000)
  from space 2048K, 0% used [0x00000000eb100000,0x00000000eb100000,0x00000000eb300000)
  to   space 2048K, 0% used [0x00000000eb380000,0x00000000eb380000,0x00000000eb580000)
 ParOldGen       total 266752K, used 264534K [0x00000000c0000000, 0x00000000d0480000, 0x00000000eab00000)
  object space 266752K, 99% used [0x00000000c0000000,0x00000000d0255a20,0x00000000d0480000)
 Metaspace       used 63142K, committed 64704K, reserved 1114112K
  class space    used 6462K, committed 7168K, reserved 1048576K
}
Event: 35.532 GC heap after
{Heap after GC invocations=277 (full 5):
 PSYoungGen      total 8192K, used 2040K [0x00000000eab00000, 0x00000000eb580000, 0x0000000100000000)
  eden space 6144K, 0% used [0x00000000eab00000,0x00000000eab00000,0x00000000eb100000)
  from space 2048K, 99% used [0x00000000eb380000,0x00000000eb57e380,0x00000000eb580000)
  to   space 2048K, 0% used [0x00000000eb100000,0x00000000eb100000,0x00000000eb300000)
 ParOldGen       total 266752K, used 264783K [0x00000000c0000000, 0x00000000d0480000, 0x00000000eab00000)
  object space 266752K, 99% used [0x00000000c0000000,0x00000000d0293eb0,0x00000000d0480000)
 Metaspace       used 63142K, committed 64704K, reserved 1114112K
  class space    used 6462K, committed 7168K, reserved 1048576K
}
Event: 35.572 GC heap before
{Heap before GC invocations=278 (full 5):
 PSYoungGen      total 8192K, used 8184K [0x00000000eab00000, 0x00000000eb580000, 0x0000000100000000)
  eden space 6144K, 100% used [0x00000000eab00000,0x00000000eb100000,0x00000000eb100000)
  from space 2048K, 99% used [0x00000000eb380000,0x00000000eb57e380,0x00000000eb580000)
  to   space 2048K, 0% used [0x00000000eb100000,0x00000000eb100000,0x00000000eb300000)
 ParOldGen       total 266752K, used 264783K [0x00000000c0000000, 0x00000000d0480000, 0x00000000eab00000)
  object space 266752K, 99% used [0x00000000c0000000,0x00000000d0293eb0,0x00000000d0480000)
 Metaspace       used 63153K, committed 64704K, reserved 1114112K
  class space    used 6462K, committed 7168K, reserved 1048576K
}
Event: 35.577 GC heap after
{Heap after GC invocations=278 (full 5):
 PSYoungGen      total 8192K, used 8184K [0x00000000eab00000, 0x00000000eb580000, 0x0000000100000000)
  eden space 6144K, 100% used [0x00000000eab00000,0x00000000eb100000,0x00000000eb100000)
  from space 2048K, 99% used [0x00000000eb380000,0x00000000eb57e380,0x00000000eb580000)
  to   space 2048K, 99% used [0x00000000eb100000,0x00000000eb2fd4f8,0x00000000eb300000)
 ParOldGen       total 266752K, used 266729K [0x00000000c0000000, 0x00000000d0480000, 0x00000000eab00000)
  object space 266752K, 99% used [0x00000000c0000000,0x00000000d047a7e0,0x00000000d0480000)
 Metaspace       used 63153K, committed 64704K, reserved 1114112K
  class space    used 6462K, committed 7168K, reserved 1048576K
}
Event: 35.577 GC heap before
{Heap before GC invocations=279 (full 6):
 PSYoungGen      total 8192K, used 8184K [0x00000000eab00000, 0x00000000eb580000, 0x0000000100000000)
  eden space 6144K, 100% used [0x00000000eab00000,0x00000000eb100000,0x00000000eb100000)
  from space 2048K, 99% used [0x00000000eb380000,0x00000000eb57e380,0x00000000eb580000)
  to   space 2048K, 99% used [0x00000000eb100000,0x00000000eb2fd4f8,0x00000000eb300000)
 ParOldGen       total 266752K, used 266729K [0x00000000c0000000, 0x00000000d0480000, 0x00000000eab00000)
  object space 266752K, 99% used [0x00000000c0000000,0x00000000d047a7e0,0x00000000d0480000)
 Metaspace       used 63153K, committed 64704K, reserved 1114112K
  class space    used 6462K, committed 7168K, reserved 1048576K
}
Event: 44.567 GC heap after
{Heap after GC invocations=279 (full 6):
 PSYoungGen      total 8192K, used 1981K [0x00000000eab00000, 0x00000000eb780000, 0x0000000100000000)
  eden space 6144K, 0% used [0x00000000eab00000,0x00000000eab00000,0x00000000eb100000)
  from space 2048K, 96% used [0x00000000eb100000,0x00000000eb2ef620,0x00000000eb300000)
  to   space 3072K, 0% used [0x00000000eb480000,0x00000000eb480000,0x00000000eb780000)
 ParOldGen       total 266752K, used 266363K [0x00000000c0000000, 0x00000000d0480000, 0x00000000eab00000)
  object space 266752K, 99% used [0x00000000c0000000,0x00000000d041efe0,0x00000000d0480000)
 Metaspace       used 63153K, committed 64704K, reserved 1114112K
  class space    used 6462K, committed 7168K, reserved 1048576K
}
Event: 44.623 GC heap before
{Heap before GC invocations=280 (full 6):
 PSYoungGen      total 8192K, used 8125K [0x00000000eab00000, 0x00000000eb780000, 0x0000000100000000)
  eden space 6144K, 100% used [0x00000000eab00000,0x00000000eb100000,0x00000000eb100000)
  from space 2048K, 96% used [0x00000000eb100000,0x00000000eb2ef620,0x00000000eb300000)
  to   space 3072K, 0% used [0x00000000eb480000,0x00000000eb480000,0x00000000eb780000)
 ParOldGen       total 266752K, used 266363K [0x00000000c0000000, 0x00000000d0480000, 0x00000000eab00000)
  object space 266752K, 99% used [0x00000000c0000000,0x00000000d041efe0,0x00000000d0480000)
 Metaspace       used 63162K, committed 64704K, reserved 1114112K
  class space    used 6462K, committed 7168K, reserved 1048576K
}
Event: 44.771 GC heap after
{Heap after GC invocations=280 (full 6):
 PSYoungGen      total 9216K, used 2447K [0x00000000eab00000, 0x00000000eb700000, 0x0000000100000000)
  eden space 6656K, 0% used [0x00000000eab00000,0x00000000eab00000,0x00000000eb180000)
  from space 2560K, 95% used [0x00000000eb480000,0x00000000eb6e3e50,0x00000000eb700000)
  to   space 2560K, 0% used [0x00000000eb200000,0x00000000eb200000,0x00000000eb480000)
 ParOldGen       total 268800K, used 268359K [0x00000000c0000000, 0x00000000d0680000, 0x00000000eab00000)
  object space 268800K, 99% used [0x00000000c0000000,0x00000000d0611e50,0x00000000d0680000)
 Metaspace       used 63162K, committed 64704K, reserved 1114112K
  class space    used 6462K, committed 7168K, reserved 1048576K
}
Event: 44.810 GC heap before
{Heap before GC invocations=281 (full 6):
 PSYoungGen      total 9216K, used 9073K [0x00000000eab00000, 0x00000000eb700000, 0x0000000100000000)
  eden space 6656K, 99% used [0x00000000eab00000,0x00000000eb178890,0x00000000eb180000)
  from space 2560K, 95% used [0x00000000eb480000,0x00000000eb6e3e50,0x00000000eb700000)
  to   space 2560K, 0% used [0x00000000eb200000,0x00000000eb200000,0x00000000eb480000)
 ParOldGen       total 268800K, used 268359K [0x00000000c0000000, 0x00000000d0680000, 0x00000000eab00000)
  object space 268800K, 99% used [0x00000000c0000000,0x00000000d0611e50,0x00000000d0680000)
 Metaspace       used 63165K, committed 64704K, reserved 1114112K
  class space    used 6462K, committed 7168K, reserved 1048576K
}
Event: 44.827 GC heap after
{Heap after GC invocations=281 (full 6):
 PSYoungGen      total 9728K, used 2552K [0x00000000eab00000, 0x00000000ebe00000, 0x0000000100000000)
  eden space 7168K, 0% used [0x00000000eab00000,0x00000000eab00000,0x00000000eb200000)
  from space 2560K, 99% used [0x00000000eb200000,0x00000000eb47e360,0x00000000eb480000)
  to   space 6144K, 0% used [0x00000000eb800000,0x00000000eb800000,0x00000000ebe00000)
 ParOldGen       total 271360K, used 270979K [0x00000000c0000000, 0x00000000d0900000, 0x00000000eab00000)
  object space 271360K, 99% used [0x00000000c0000000,0x00000000d08a0da0,0x00000000d0900000)
 Metaspace       used 63165K, committed 64704K, reserved 1114112K
  class space    used 6462K, committed 7168K, reserved 1048576K
}
Event: 44.966 GC heap before
{Heap before GC invocations=282 (full 6):
 PSYoungGen      total 9728K, used 9720K [0x00000000eab00000, 0x00000000ebe00000, 0x0000000100000000)
  eden space 7168K, 100% used [0x00000000eab00000,0x00000000eb200000,0x00000000eb200000)
  from space 2560K, 99% used [0x00000000eb200000,0x00000000eb47e360,0x00000000eb480000)
  to   space 6144K, 0% used [0x00000000eb800000,0x00000000eb800000,0x00000000ebe00000)
 ParOldGen       total 271360K, used 270979K [0x00000000c0000000, 0x00000000d0900000, 0x00000000eab00000)
  object space 271360K, 99% used [0x00000000c0000000,0x00000000d08a0da0,0x00000000d0900000)
 Metaspace       used 63165K, committed 64704K, reserved 1114112K
  class space    used 6462K, committed 7168K, reserved 1048576K
}
Event: 44.976 GC heap after
{Heap after GC invocations=282 (full 6):
 PSYoungGen      total 9728K, used 9720K [0x00000000eab00000, 0x00000000ebe00000, 0x0000000100000000)
  eden space 7168K, 100% used [0x00000000eab00000,0x00000000eb200000,0x00000000eb200000)
  from space 2560K, 99% used [0x00000000eb200000,0x00000000eb47e360,0x00000000eb480000)
  to   space 6144K, 48% used [0x00000000eb800000,0x00000000ebaedae8,0x00000000ebe00000)
 ParOldGen       total 273920K, used 273438K [0x00000000c0000000, 0x00000000d0b80000, 0x00000000eab00000)
  object space 273920K, 99% used [0x00000000c0000000,0x00000000d0b07910,0x00000000d0b80000)
 Metaspace       used 63165K, committed 64704K, reserved 1114112K
  class space    used 6462K, committed 7168K, reserved 1048576K
}
Event: 44.976 GC heap before
{Heap before GC invocations=283 (full 7):
 PSYoungGen      total 9728K, used 9720K [0x00000000eab00000, 0x00000000ebe00000, 0x0000000100000000)
  eden space 7168K, 100% used [0x00000000eab00000,0x00000000eb200000,0x00000000eb200000)
  from space 2560K, 99% used [0x00000000eb200000,0x00000000eb47e360,0x00000000eb480000)
  to   space 6144K, 48% used [0x00000000eb800000,0x00000000ebaedae8,0x00000000ebe00000)
 ParOldGen       total 273920K, used 273438K [0x00000000c0000000, 0x00000000d0b80000, 0x00000000eab00000)
  object space 273920K, 99% used [0x00000000c0000000,0x00000000d0b07910,0x00000000d0b80000)
 Metaspace       used 63165K, committed 64704K, reserved 1114112K
  class space    used 6462K, committed 7168K, reserved 1048576K
}
Event: 45.576 GC heap after
{Heap after GC invocations=283 (full 7):
 PSYoungGen      total 13312K, used 2420K [0x00000000eab00000, 0x00000000ebe00000, 0x0000000100000000)
  eden space 7168K, 0% used [0x00000000eab00000,0x00000000eab00000,0x00000000eb200000)
  from space 6144K, 39% used [0x00000000eb800000,0x00000000eba5d080,0x00000000ebe00000)
  to   space 2560K, 0% used [0x00000000eb200000,0x00000000eb200000,0x00000000eb480000)
 ParOldGen       total 273920K, used 273918K [0x00000000c0000000, 0x00000000d0b80000, 0x00000000eab00000)
  object space 273920K, 99% used [0x00000000c0000000,0x00000000d0b7faa0,0x00000000d0b80000)
 Metaspace       used 63165K, committed 64704K, reserved 1114112K
  class space    used 6462K, committed 7168K, reserved 1048576K
}

