# JRE version: OpenJDK Runtime Environment Temurin-21.0.6+7 (21.0.6+7) (build 21.0.6+7-LTS)
# Java VM: OpenJDK 64-Bit Server VM Temurin-21.0.6+7 (21.0.6+7-LTS, mixed mode, sharing, tiered, compressed oops, compressed class ptrs, parallel gc, windows-amd64)
GC Precious Log:
 CardTable entry size: 512
 CPUs: 4 total, 4 available
 Memory: 8089M
 Large Page Support: Disabled
 NUMA Support: Disabled
 Compressed Oops: Enabled (32-bit)
 Alignments: Space 512K, Generation 512K, Heap 2M
 Heap Min Capacity: 100M
 Heap Initial Capacity: 100M
 Heap Max Capacity: 1G
 Pre-touch: Disabled
 Parallel Workers: 4
Heap:
 PSYoungGen      total 22528K, used 660K [0x00000000eab00000, 0x00000000ec400000, 0x0000000100000000)
  eden space 21504K, 0% used [0x00000000eab00000,0x00000000eab00000,0x00000000ec000000)
  from space 1024K, 64% used [0x00000000ec300000,0x00000000ec3a53c8,0x00000000ec400000)
  to   space 1536K, 0% used [0x00000000ec100000,0x00000000ec100000,0x00000000ec280000)
 ParOldGen       total 68608K, used 28598K [0x00000000c0000000, 0x00000000c4300000, 0x00000000eab00000)
  object space 68608K, 41% used [0x00000000c0000000,0x00000000c1bedbc8,0x00000000c4300000)
 Metaspace       used 34951K, committed 35840K, reserved 1114112K
  class space    used 3434K, committed 3840K, reserved 1048576K
GC Heap History (20 events):
Event: 12.020 GC heap after
{Heap after GC invocations=8 (full 1):
 PSYoungGen      total 27648K, used 2615K [0x00000000eab00000, 0x00000000eca00000, 0x0000000100000000)
  eden space 24576K, 0% used [0x00000000eab00000,0x00000000eab00000,0x00000000ec300000)
  from space 3072K, 85% used [0x00000000ec480000,0x00000000ec70de50,0x00000000ec780000)
  to   space 2560K, 0% used [0x00000000ec780000,0x00000000ec780000,0x00000000eca00000)
 ParOldGen       total 68608K, used 8386K [0x00000000c0000000, 0x00000000c4300000, 0x00000000eab00000)
  object space 68608K, 12% used [0x00000000c0000000,0x00000000c0830898,0x00000000c4300000)
 Metaspace       used 22852K, committed 23552K, reserved 1114112K
  class space    used 2126K, committed 2432K, reserved 1048576K
}
Event: 12.908 GC heap before
{Heap before GC invocations=9 (full 1):
 PSYoungGen      total 27648K, used 27191K [0x00000000eab00000, 0x00000000eca00000, 0x0000000100000000)
  eden space 24576K, 100% used [0x00000000eab00000,0x00000000ec300000,0x00000000ec300000)
  from space 3072K, 85% used [0x00000000ec480000,0x00000000ec70de50,0x00000000ec780000)
  to   space 2560K, 0% used [0x00000000ec780000,0x00000000ec780000,0x00000000eca00000)
 ParOldGen       total 68608K, used 8386K [0x00000000c0000000, 0x00000000c4300000, 0x00000000eab00000)
  object space 68608K, 12% used [0x00000000c0000000,0x00000000c0830898,0x00000000c4300000)
 Metaspace       used 26597K, committed 27392K, reserved 1114112K
  class space    used 2549K, committed 2880K, reserved 1048576K
}
Event: 12.912 GC heap after
{Heap after GC invocations=9 (full 1):
 PSYoungGen      total 26624K, used 2532K [0x00000000eab00000, 0x00000000ecc80000, 0x0000000100000000)
  eden space 24064K, 0% used [0x00000000eab00000,0x00000000eab00000,0x00000000ec280000)
  from space 2560K, 98% used [0x00000000ec780000,0x00000000ec9f92f0,0x00000000eca00000)
  to   space 5120K, 0% used [0x00000000ec280000,0x00000000ec280000,0x00000000ec780000)
 ParOldGen       total 68608K, used 10323K [0x00000000c0000000, 0x00000000c4300000, 0x00000000eab00000)
  object space 68608K, 15% used [0x00000000c0000000,0x00000000c0a14e88,0x00000000c4300000)
 Metaspace       used 26597K, committed 27392K, reserved 1114112K
  class space    used 2549K, committed 2880K, reserved 1048576K
}
Event: 19.166 GC heap before
{Heap before GC invocations=10 (full 1):
 PSYoungGen      total 26624K, used 26596K [0x00000000eab00000, 0x00000000ecc80000, 0x0000000100000000)
  eden space 24064K, 100% used [0x00000000eab00000,0x00000000ec280000,0x00000000ec280000)
  from space 2560K, 98% used [0x00000000ec780000,0x00000000ec9f92f0,0x00000000eca00000)
  to   space 5120K, 0% used [0x00000000ec280000,0x00000000ec280000,0x00000000ec780000)
 ParOldGen       total 68608K, used 10323K [0x00000000c0000000, 0x00000000c4300000, 0x00000000eab00000)
  object space 68608K, 15% used [0x00000000c0000000,0x00000000c0a14e88,0x00000000c4300000)
 Metaspace       used 30421K, committed 31232K, reserved 1114112K
  class space    used 2957K, committed 3328K, reserved 1048576K
}
Event: 19.172 GC heap after
{Heap after GC invocations=10 (full 1):
 PSYoungGen      total 28160K, used 4251K [0x00000000eab00000, 0x00000000ecb00000, 0x0000000100000000)
  eden space 23552K, 0% used [0x00000000eab00000,0x00000000eab00000,0x00000000ec200000)
  from space 4608K, 92% used [0x00000000ec280000,0x00000000ec6a6f00,0x00000000ec700000)
  to   space 4096K, 0% used [0x00000000ec700000,0x00000000ec700000,0x00000000ecb00000)
 ParOldGen       total 68608K, used 10331K [0x00000000c0000000, 0x00000000c4300000, 0x00000000eab00000)
  object space 68608K, 15% used [0x00000000c0000000,0x00000000c0a16e88,0x00000000c4300000)
 Metaspace       used 30421K, committed 31232K, reserved 1114112K
  class space    used 2957K, committed 3328K, reserved 1048576K
}
Event: 20.171 GC heap before
{Heap before GC invocations=11 (full 1):
 PSYoungGen      total 28160K, used 27803K [0x00000000eab00000, 0x00000000ecb00000, 0x0000000100000000)
  eden space 23552K, 100% used [0x00000000eab00000,0x00000000ec200000,0x00000000ec200000)
  from space 4608K, 92% used [0x00000000ec280000,0x00000000ec6a6f00,0x00000000ec700000)
  to   space 4096K, 0% used [0x00000000ec700000,0x00000000ec700000,0x00000000ecb00000)
 ParOldGen       total 68608K, used 10331K [0x00000000c0000000, 0x00000000c4300000, 0x00000000eab00000)
  object space 68608K, 15% used [0x00000000c0000000,0x00000000c0a16e88,0x00000000c4300000)
 Metaspace       used 31956K, committed 32896K, reserved 1114112K
  class space    used 3109K, committed 3520K, reserved 1048576K
}
Event: 20.181 GC heap after
{Heap after GC invocations=11 (full 1):
 PSYoungGen      total 27136K, used 3827K [0x00000000eab00000, 0x00000000ecb00000, 0x0000000100000000)
  eden space 23040K, 0% used [0x00000000eab00000,0x00000000eab00000,0x00000000ec180000)
  from space 4096K, 93% used [0x00000000ec700000,0x00000000ecabcf58,0x00000000ecb00000)
  to   space 4096K, 0% used [0x00000000ec300000,0x00000000ec300000,0x00000000ec700000)
 ParOldGen       total 68608K, used 12853K [0x00000000c0000000, 0x00000000c4300000, 0x00000000eab00000)
  object space 68608K, 18% used [0x00000000c0000000,0x00000000c0c8d798,0x00000000c4300000)
 Metaspace       used 31956K, committed 32896K, reserved 1114112K
  class space    used 3109K, committed 3520K, reserved 1048576K
}
Event: 20.792 GC heap before
{Heap before GC invocations=12 (full 1):
 PSYoungGen      total 27136K, used 26867K [0x00000000eab00000, 0x00000000ecb00000, 0x0000000100000000)
  eden space 23040K, 99% used [0x00000000eab00000,0x00000000ec17fff8,0x00000000ec180000)
  from space 4096K, 93% used [0x00000000ec700000,0x00000000ecabcf58,0x00000000ecb00000)
  to   space 4096K, 0% used [0x00000000ec300000,0x00000000ec300000,0x00000000ec700000)
 ParOldGen       total 68608K, used 12853K [0x00000000c0000000, 0x00000000c4300000, 0x00000000eab00000)
  object space 68608K, 18% used [0x00000000c0000000,0x00000000c0c8d798,0x00000000c4300000)
 Metaspace       used 32408K, committed 33344K, reserved 1114112K
  class space    used 3184K, committed 3648K, reserved 1048576K
}
Event: 20.799 GC heap after
{Heap after GC invocations=12 (full 1):
 PSYoungGen      total 25600K, used 2897K [0x00000000eab00000, 0x00000000ec800000, 0x0000000100000000)
  eden space 22528K, 0% used [0x00000000eab00000,0x00000000eab00000,0x00000000ec100000)
  from space 3072K, 94% used [0x00000000ec300000,0x00000000ec5d44a0,0x00000000ec600000)
  to   space 2048K, 0% used [0x00000000ec600000,0x00000000ec600000,0x00000000ec800000)
 ParOldGen       total 68608K, used 16549K [0x00000000c0000000, 0x00000000c4300000, 0x00000000eab00000)
  object space 68608K, 24% used [0x00000000c0000000,0x00000000c1029680,0x00000000c4300000)
 Metaspace       used 32408K, committed 33344K, reserved 1114112K
  class space    used 3184K, committed 3648K, reserved 1048576K
}
Event: 21.007 GC heap before
{Heap before GC invocations=13 (full 1):
 PSYoungGen      total 25600K, used 25425K [0x00000000eab00000, 0x00000000ec800000, 0x0000000100000000)
  eden space 22528K, 100% used [0x00000000eab00000,0x00000000ec100000,0x00000000ec100000)
  from space 3072K, 94% used [0x00000000ec300000,0x00000000ec5d44a0,0x00000000ec600000)
  to   space 2048K, 0% used [0x00000000ec600000,0x00000000ec600000,0x00000000ec800000)
 ParOldGen       total 68608K, used 16549K [0x00000000c0000000, 0x00000000c4300000, 0x00000000eab00000)
  object space 68608K, 24% used [0x00000000c0000000,0x00000000c1029680,0x00000000c4300000)
 Metaspace       used 32448K, committed 33408K, reserved 1114112K
  class space    used 3184K, committed 3648K, reserved 1048576K
}
Event: 21.017 GC heap after
{Heap after GC invocations=13 (full 1):
 PSYoungGen      total 23552K, used 2018K [0x00000000eab00000, 0x00000000ecc80000, 0x0000000100000000)
  eden space 21504K, 0% used [0x00000000eab00000,0x00000000eab00000,0x00000000ec000000)
  from space 2048K, 98% used [0x00000000ec600000,0x00000000ec7f8810,0x00000000ec800000)
  to   space 6144K, 0% used [0x00000000ec000000,0x00000000ec000000,0x00000000ec600000)
 ParOldGen       total 68608K, used 19920K [0x00000000c0000000, 0x00000000c4300000, 0x00000000eab00000)
  object space 68608K, 29% used [0x00000000c0000000,0x00000000c13743f8,0x00000000c4300000)
 Metaspace       used 32448K, committed 33408K, reserved 1114112K
  class space    used 3184K, committed 3648K, reserved 1048576K
}
Event: 21.161 GC heap before
{Heap before GC invocations=14 (full 1):
 PSYoungGen      total 23552K, used 23522K [0x00000000eab00000, 0x00000000ecc80000, 0x0000000100000000)
  eden space 21504K, 100% used [0x00000000eab00000,0x00000000ec000000,0x00000000ec000000)
  from space 2048K, 98% used [0x00000000ec600000,0x00000000ec7f8810,0x00000000ec800000)
  to   space 6144K, 0% used [0x00000000ec000000,0x00000000ec000000,0x00000000ec600000)
 ParOldGen       total 68608K, used 19920K [0x00000000c0000000, 0x00000000c4300000, 0x00000000eab00000)
  object space 68608K, 29% used [0x00000000c0000000,0x00000000c13743f8,0x00000000c4300000)
 Metaspace       used 32468K, committed 33472K, reserved 1114112K
  class space    used 3185K, committed 3648K, reserved 1048576K
}
Event: 21.170 GC heap after
{Heap after GC invocations=14 (full 1):
 PSYoungGen      total 24064K, used 2372K [0x00000000eab00000, 0x00000000ec700000, 0x0000000100000000)
  eden space 21504K, 0% used [0x00000000eab00000,0x00000000eab00000,0x00000000ec000000)
  from space 2560K, 92% used [0x00000000ec000000,0x00000000ec251000,0x00000000ec280000)
  to   space 3584K, 0% used [0x00000000ec380000,0x00000000ec380000,0x00000000ec700000)
 ParOldGen       total 68608K, used 21815K [0x00000000c0000000, 0x00000000c4300000, 0x00000000eab00000)
  object space 68608K, 31% used [0x00000000c0000000,0x00000000c154ddb8,0x00000000c4300000)
 Metaspace       used 32468K, committed 33472K, reserved 1114112K
  class space    used 3185K, committed 3648K, reserved 1048576K
}
Event: 21.399 GC heap before
{Heap before GC invocations=15 (full 1):
 PSYoungGen      total 24064K, used 23876K [0x00000000eab00000, 0x00000000ec700000, 0x0000000100000000)
  eden space 21504K, 100% used [0x00000000eab00000,0x00000000ec000000,0x00000000ec000000)
  from space 2560K, 92% used [0x00000000ec000000,0x00000000ec251000,0x00000000ec280000)
  to   space 3584K, 0% used [0x00000000ec380000,0x00000000ec380000,0x00000000ec700000)
 ParOldGen       total 68608K, used 21815K [0x00000000c0000000, 0x00000000c4300000, 0x00000000eab00000)
  object space 68608K, 31% used [0x00000000c0000000,0x00000000c154ddb8,0x00000000c4300000)
 Metaspace       used 32602K, committed 33536K, reserved 1114112K
  class space    used 3185K, committed 3648K, reserved 1048576K
}
Event: 21.405 GC heap after
{Heap after GC invocations=15 (full 1):
 PSYoungGen      total 24576K, used 2560K [0x00000000eab00000, 0x00000000ec680000, 0x0000000100000000)
  eden space 21504K, 0% used [0x00000000eab00000,0x00000000eab00000,0x00000000ec000000)
  from space 3072K, 83% used [0x00000000ec380000,0x00000000ec600010,0x00000000ec680000)
  to   space 3072K, 0% used [0x00000000ec080000,0x00000000ec080000,0x00000000ec380000)
 ParOldGen       total 68608K, used 24100K [0x00000000c0000000, 0x00000000c4300000, 0x00000000eab00000)
  object space 68608K, 35% used [0x00000000c0000000,0x00000000c17893e0,0x00000000c4300000)
 Metaspace       used 32602K, committed 33536K, reserved 1114112K
  class space    used 3185K, committed 3648K, reserved 1048576K
}
Event: 21.684 GC heap before
{Heap before GC invocations=16 (full 1):
 PSYoungGen      total 24576K, used 24064K [0x00000000eab00000, 0x00000000ec680000, 0x0000000100000000)
  eden space 21504K, 100% used [0x00000000eab00000,0x00000000ec000000,0x00000000ec000000)
  from space 3072K, 83% used [0x00000000ec380000,0x00000000ec600010,0x00000000ec680000)
  to   space 3072K, 0% used [0x00000000ec080000,0x00000000ec080000,0x00000000ec380000)
 ParOldGen       total 68608K, used 24100K [0x00000000c0000000, 0x00000000c4300000, 0x00000000eab00000)
  object space 68608K, 35% used [0x00000000c0000000,0x00000000c17893e0,0x00000000c4300000)
 Metaspace       used 32814K, committed 33792K, reserved 1114112K
  class space    used 3204K, committed 3648K, reserved 1048576K
}
Event: 21.690 GC heap after
{Heap after GC invocations=16 (full 1):
 PSYoungGen      total 24064K, used 2256K [0x00000000eab00000, 0x00000000ec500000, 0x0000000100000000)
  eden space 21504K, 0% used [0x00000000eab00000,0x00000000eab00000,0x00000000ec000000)
  from space 2560K, 88% used [0x00000000ec080000,0x00000000ec2b4038,0x00000000ec300000)
  to   space 2048K, 0% used [0x00000000ec300000,0x00000000ec300000,0x00000000ec500000)
 ParOldGen       total 68608K, used 26540K [0x00000000c0000000, 0x00000000c4300000, 0x00000000eab00000)
  object space 68608K, 38% used [0x00000000c0000000,0x00000000c19eb3f0,0x00000000c4300000)
 Metaspace       used 32814K, committed 33792K, reserved 1114112K
  class space    used 3204K, committed 3648K, reserved 1048576K
}
Event: 22.216 GC heap before
{Heap before GC invocations=17 (full 1):
 PSYoungGen      total 24064K, used 17643K [0x00000000eab00000, 0x00000000ec500000, 0x0000000100000000)
  eden space 21504K, 71% used [0x00000000eab00000,0x00000000eba06fc0,0x00000000ec000000)
  from space 2560K, 88% used [0x00000000ec080000,0x00000000ec2b4038,0x00000000ec300000)
  to   space 2048K, 0% used [0x00000000ec300000,0x00000000ec300000,0x00000000ec500000)
 ParOldGen       total 68608K, used 26540K [0x00000000c0000000, 0x00000000c4300000, 0x00000000eab00000)
  object space 68608K, 38% used [0x00000000c0000000,0x00000000c19eb3f0,0x00000000c4300000)
 Metaspace       used 34951K, committed 35840K, reserved 1114112K
  class space    used 3434K, committed 3840K, reserved 1048576K
}
Event: 22.225 GC heap after
{Heap after GC invocations=17 (full 1):
 PSYoungGen      total 22528K, used 660K [0x00000000eab00000, 0x00000000ec400000, 0x0000000100000000)
  eden space 21504K, 0% used [0x00000000eab00000,0x00000000eab00000,0x00000000ec000000)
  from space 1024K, 64% used [0x00000000ec300000,0x00000000ec3a53c8,0x00000000ec400000)
  to   space 1536K, 0% used [0x00000000ec100000,0x00000000ec100000,0x00000000ec280000)
 ParOldGen       total 68608K, used 28598K [0x00000000c0000000, 0x00000000c4300000, 0x00000000eab00000)
  object space 68608K, 41% used [0x00000000c0000000,0x00000000c1bedbc8,0x00000000c4300000)
 Metaspace       used 34951K, committed 35840K, reserved 1114112K
  class space    used 3434K, committed 3840K, reserved 1048576K
}
Event: 22.225 GC heap before
{Heap before GC invocations=18 (full 2):
 PSYoungGen      total 22528K, used 660K [0x00000000eab00000, 0x00000000ec400000, 0x0000000100000000)
  eden space 21504K, 0% used [0x00000000eab00000,0x00000000eab00000,0x00000000ec000000)
  from space 1024K, 64% used [0x00000000ec300000,0x00000000ec3a53c8,0x00000000ec400000)
  to   space 1536K, 0% used [0x00000000ec100000,0x00000000ec100000,0x00000000ec280000)
 ParOldGen       total 68608K, used 28598K [0x00000000c0000000, 0x00000000c4300000, 0x00000000eab00000)
  object space 68608K, 41% used [0x00000000c0000000,0x00000000c1bedbc8,0x00000000c4300000)
 Metaspace       used 34951K, committed 35840K, reserved 1114112K
  class space    used 3434K, committed 3840K, reserved 1048576K
}

