# JRE version: Java(TM) SE Runtime Environment (17.0.9+11) (build 17.0.9+11-LTS-201)
# Java VM: Java HotSpot(TM) 64-Bit Server VM (17.0.9+11-LTS-201, mixed mode, sharing, tiered, compressed oops, compressed class ptrs, g1 gc, windows-amd64)
GC Precious Log:
 CPUs: 4 total, 4 available
 Memory: 8089M
 Large Page Support: Disabled
 NUMA Support: Disabled
 Compressed Oops: Enabled (32-bit)
 Heap Region Size: 1M
 Heap Min Capacity: 8M
 Heap Initial Capacity: 128M
 Heap Max Capacity: 2024M
 Pre-touch: Disabled
 Parallel Workers: 4
 Concurrent Workers: 1
 Concurrent Refinement Workers: 4
 Periodic GC: Disabled
Heap:
 garbage-first heap   total 81920K, used 46398K [0x0000000081800000, 0x0000000100000000)
  region size 1024K, 13 young (13312K), 3 survivors (3072K)
 Metaspace       used 83555K, committed 84160K, reserved 1179648K
  class space    used 11254K, committed 11520K, reserved 1048576K
GC Heap History (20 events):
Event: 3987.550 GC heap before
{Heap before GC invocations=64 (full 1):
 garbage-first heap   total 81920K, used 40332K [0x0000000081800000, 0x0000000100000000)
  region size 1024K, 4 young (4096K), 1 survivors (1024K)
 Metaspace       used 81676K, committed 82560K, reserved 1179648K
  class space    used 11144K, committed 11520K, reserved 1048576K
}
Event: 3987.575 GC heap after
{Heap after GC invocations=65 (full 1):
 garbage-first heap   total 81920K, used 36729K [0x0000000081800000, 0x0000000100000000)
  region size 1024K, 1 young (1024K), 1 survivors (1024K)
 Metaspace       used 81676K, committed 82560K, reserved 1179648K
  class space    used 11144K, committed 11520K, reserved 1048576K
}
Event: 4298.108 GC heap before
{Heap before GC invocations=65 (full 1):
 garbage-first heap   total 81920K, used 70521K [0x0000000081800000, 0x0000000100000000)
  region size 1024K, 34 young (34816K), 1 survivors (1024K)
 Metaspace       used 81682K, committed 82560K, reserved 1179648K
  class space    used 11144K, committed 11520K, reserved 1048576K
}
Event: 4298.114 GC heap after
{Heap after GC invocations=66 (full 1):
 garbage-first heap   total 81920K, used 36735K [0x0000000081800000, 0x0000000100000000)
  region size 1024K, 1 young (1024K), 1 survivors (1024K)
 Metaspace       used 81682K, committed 82560K, reserved 1179648K
  class space    used 11144K, committed 11520K, reserved 1048576K
}
Event: 4523.447 GC heap before
{Heap before GC invocations=67 (full 1):
 garbage-first heap   total 81920K, used 61311K [0x0000000081800000, 0x0000000100000000)
  region size 1024K, 26 young (26624K), 1 survivors (1024K)
 Metaspace       used 81646K, committed 82560K, reserved 1179648K
  class space    used 11134K, committed 11520K, reserved 1048576K
}
Event: 4523.559 GC heap after
{Heap after GC invocations=68 (full 2):
 garbage-first heap   total 81920K, used 29484K [0x0000000081800000, 0x0000000100000000)
  region size 1024K, 0 young (0K), 0 survivors (0K)
 Metaspace       used 81646K, committed 82560K, reserved 1179648K
  class space    used 11134K, committed 11520K, reserved 1048576K
}
Event: 4526.418 GC heap before
{Heap before GC invocations=68 (full 2):
 garbage-first heap   total 81920K, used 68396K [0x0000000081800000, 0x0000000100000000)
  region size 1024K, 39 young (39936K), 0 survivors (0K)
 Metaspace       used 81882K, committed 82560K, reserved 1179648K
  class space    used 11156K, committed 11520K, reserved 1048576K
}
Event: 4526.436 GC heap after
{Heap after GC invocations=69 (full 2):
 garbage-first heap   total 81920K, used 33582K [0x0000000081800000, 0x0000000100000000)
  region size 1024K, 5 young (5120K), 5 survivors (5120K)
 Metaspace       used 81882K, committed 82560K, reserved 1179648K
  class space    used 11156K, committed 11520K, reserved 1048576K
}
Event: 4528.992 GC heap before
{Heap before GC invocations=70 (full 2):
 garbage-first heap   total 81920K, used 65326K [0x0000000081800000, 0x0000000100000000)
  region size 1024K, 36 young (36864K), 5 survivors (5120K)
 Metaspace       used 82483K, committed 83136K, reserved 1179648K
  class space    used 11185K, committed 11520K, reserved 1048576K
}
Event: 4529.002 GC heap after
{Heap after GC invocations=71 (full 2):
 garbage-first heap   total 81920K, used 36652K [0x0000000081800000, 0x0000000100000000)
  region size 1024K, 4 young (4096K), 4 survivors (4096K)
 Metaspace       used 82483K, committed 83136K, reserved 1179648K
  class space    used 11185K, committed 11520K, reserved 1048576K
}
Event: 4563.143 GC heap before
{Heap before GC invocations=71 (full 2):
 garbage-first heap   total 81920K, used 56108K [0x0000000081800000, 0x0000000100000000)
  region size 1024K, 24 young (24576K), 4 survivors (4096K)
 Metaspace       used 82518K, committed 83200K, reserved 1179648K
  class space    used 11187K, committed 11520K, reserved 1048576K
}
Event: 4563.239 GC heap after
{Heap after GC invocations=72 (full 3):
 garbage-first heap   total 81920K, used 30721K [0x0000000081800000, 0x0000000100000000)
  region size 1024K, 0 young (0K), 0 survivors (0K)
 Metaspace       used 82505K, committed 83200K, reserved 1179648K
  class space    used 11185K, committed 11520K, reserved 1048576K
}
Event: 4566.463 GC heap before
{Heap before GC invocations=72 (full 3):
 garbage-first heap   total 81920K, used 63489K [0x0000000081800000, 0x0000000100000000)
  region size 1024K, 33 young (33792K), 0 survivors (0K)
 Metaspace       used 82588K, committed 83264K, reserved 1179648K
  class space    used 11188K, committed 11520K, reserved 1048576K
}
Event: 4566.472 GC heap after
{Heap after GC invocations=73 (full 3):
 garbage-first heap   total 81920K, used 33677K [0x0000000081800000, 0x0000000100000000)
  region size 1024K, 3 young (3072K), 3 survivors (3072K)
 Metaspace       used 82588K, committed 83264K, reserved 1179648K
  class space    used 11188K, committed 11520K, reserved 1048576K
}
Event: 4570.102 GC heap before
{Heap before GC invocations=74 (full 3):
 garbage-first heap   total 81920K, used 64397K [0x0000000081800000, 0x0000000100000000)
  region size 1024K, 33 young (33792K), 3 survivors (3072K)
 Metaspace       used 82726K, committed 83392K, reserved 1179648K
  class space    used 11203K, committed 11520K, reserved 1048576K
}
Event: 4570.109 GC heap after
{Heap after GC invocations=75 (full 3):
 garbage-first heap   total 81920K, used 33790K [0x0000000081800000, 0x0000000100000000)
  region size 1024K, 3 young (3072K), 3 survivors (3072K)
 Metaspace       used 82726K, committed 83392K, reserved 1179648K
  class space    used 11203K, committed 11520K, reserved 1048576K
}
Event: 4579.046 GC heap before
{Heap before GC invocations=75 (full 3):
 garbage-first heap   total 81920K, used 62462K [0x0000000081800000, 0x0000000100000000)
  region size 1024K, 32 young (32768K), 3 survivors (3072K)
 Metaspace       used 82859K, committed 83520K, reserved 1179648K
  class space    used 11215K, committed 11520K, reserved 1048576K
}
Event: 4579.052 GC heap after
{Heap after GC invocations=76 (full 3):
 garbage-first heap   total 81920K, used 33620K [0x0000000081800000, 0x0000000100000000)
  region size 1024K, 3 young (3072K), 3 survivors (3072K)
 Metaspace       used 82859K, committed 83520K, reserved 1179648K
  class space    used 11215K, committed 11520K, reserved 1048576K
}
Event: 4581.755 GC heap before
{Heap before GC invocations=77 (full 3):
 garbage-first heap   total 81920K, used 63316K [0x0000000081800000, 0x0000000100000000)
  region size 1024K, 32 young (32768K), 3 survivors (3072K)
 Metaspace       used 83065K, committed 83712K, reserved 1179648K
  class space    used 11228K, committed 11520K, reserved 1048576K
}
Event: 4581.760 GC heap after
{Heap after GC invocations=78 (full 3):
 garbage-first heap   total 81920K, used 35214K [0x0000000081800000, 0x0000000100000000)
  region size 1024K, 3 young (3072K), 3 survivors (3072K)
 Metaspace       used 83065K, committed 83712K, reserved 1179648K
  class space    used 11228K, committed 11520K, reserved 1048576K
}

