# JRE version: OpenJDK Runtime Environment Temurin-21.0.7+6 (21.0.7+6) (build 21.0.7+6-LTS)
# Java VM: OpenJDK 64-Bit Server VM Temurin-21.0.7+6 (21.0.7+6-LTS, mixed mode, sharing, tiered, compressed oops, compressed class ptrs, parallel gc, windows-amd64)
GC Precious Log:
 CardTable entry size: 512
 CPUs: 4 total, 4 available
 Memory: 8089M
 Large Page Support: Disabled
 NUMA Support: Disabled
 Compressed Oops: Enabled (32-bit)
 Alignments: Space 512K, Generation 512K, Heap 2M
 Heap Min Capacity: 100M
 Heap Initial Capacity: 100M
 Heap Max Capacity: 1G
 Pre-touch: Disabled
 Parallel Workers: 4
Heap:
 PSYoungGen      total 1536K, used 1170K [0x00000000eab00000, 0x00000000ead80000, 0x0000000100000000)
  eden space 1024K, 99% used [0x00000000eab00000,0x00000000eabfdf40,0x00000000eac00000)
  from space 512K, 30% used [0x00000000ead00000,0x00000000ead26c08,0x00000000ead80000)
  to   space 512K, 37% used [0x00000000eac80000,0x00000000eacb0000,0x00000000ead00000)
 ParOldGen       total 376320K, used 376318K [0x00000000c0000000, 0x00000000d6f80000, 0x00000000eab00000)
  object space 376320K, 99% used [0x00000000c0000000,0x00000000d6f7f998,0x00000000d6f80000)
 Metaspace       used 64561K, committed 66112K, reserved 1114112K
  class space    used 6629K, committed 7296K, reserved 1048576K
GC Heap History (20 events):
Event: 41.880 GC heap before
{Heap before GC invocations=173 (full 3):
 PSYoungGen      total 2048K, used 1728K [0x00000000eab00000, 0x00000000eae00000, 0x0000000100000000)
  eden space 1024K, 100% used [0x00000000eab00000,0x00000000eac00000,0x00000000eac00000)
  from space 1024K, 68% used [0x00000000eac80000,0x00000000ead30000,0x00000000ead80000)
  to   space 512K, 0% used [0x00000000ead80000,0x00000000ead80000,0x00000000eae00000)
 ParOldGen       total 370688K, used 370305K [0x00000000c0000000, 0x00000000d6a00000, 0x00000000eab00000)
  object space 370688K, 99% used [0x00000000c0000000,0x00000000d69a07e8,0x00000000d6a00000)
 Metaspace       used 64545K, committed 66112K, reserved 1114112K
  class space    used 6627K, committed 7296K, reserved 1048576K
}
Event: 41.889 GC heap after
{Heap after GC invocations=173 (full 3):
 PSYoungGen      total 1536K, used 512K [0x00000000eab00000, 0x00000000eaf00000, 0x0000000100000000)
  eden space 1024K, 0% used [0x00000000eab00000,0x00000000eab00000,0x00000000eac00000)
  from space 512K, 100% used [0x00000000ead80000,0x00000000eae00000,0x00000000eae00000)
  to   space 1536K, 0% used [0x00000000eac00000,0x00000000eac00000,0x00000000ead80000)
 ParOldGen       total 371200K, used 371065K [0x00000000c0000000, 0x00000000d6a80000, 0x00000000eab00000)
  object space 371200K, 99% used [0x00000000c0000000,0x00000000d6a5e7e8,0x00000000d6a80000)
 Metaspace       used 64545K, committed 66112K, reserved 1114112K
  class space    used 6627K, committed 7296K, reserved 1048576K
}
Event: 41.981 GC heap before
{Heap before GC invocations=174 (full 3):
 PSYoungGen      total 1536K, used 1536K [0x00000000eab00000, 0x00000000eaf00000, 0x0000000100000000)
  eden space 1024K, 100% used [0x00000000eab00000,0x00000000eac00000,0x00000000eac00000)
  from space 512K, 100% used [0x00000000ead80000,0x00000000eae00000,0x00000000eae00000)
  to   space 1536K, 0% used [0x00000000eac00000,0x00000000eac00000,0x00000000ead80000)
 ParOldGen       total 371200K, used 371065K [0x00000000c0000000, 0x00000000d6a80000, 0x00000000eab00000)
  object space 371200K, 99% used [0x00000000c0000000,0x00000000d6a5e7e8,0x00000000d6a80000)
 Metaspace       used 64545K, committed 66112K, reserved 1114112K
  class space    used 6627K, committed 7296K, reserved 1048576K
}
Event: 41.990 GC heap after
{Heap after GC invocations=174 (full 3):
 PSYoungGen      total 2048K, used 640K [0x00000000eab00000, 0x00000000eae00000, 0x0000000100000000)
  eden space 1024K, 0% used [0x00000000eab00000,0x00000000eab00000,0x00000000eac00000)
  from space 1024K, 62% used [0x00000000eac00000,0x00000000eaca0000,0x00000000ead00000)
  to   space 1024K, 0% used [0x00000000ead00000,0x00000000ead00000,0x00000000eae00000)
 ParOldGen       total 371712K, used 371601K [0x00000000c0000000, 0x00000000d6b00000, 0x00000000eab00000)
  object space 371712K, 99% used [0x00000000c0000000,0x00000000d6ae47e8,0x00000000d6b00000)
 Metaspace       used 64545K, committed 66112K, reserved 1114112K
  class space    used 6627K, committed 7296K, reserved 1048576K
}
Event: 42.532 GC heap before
{Heap before GC invocations=175 (full 3):
 PSYoungGen      total 2048K, used 1664K [0x00000000eab00000, 0x00000000eae00000, 0x0000000100000000)
  eden space 1024K, 100% used [0x00000000eab00000,0x00000000eac00000,0x00000000eac00000)
  from space 1024K, 62% used [0x00000000eac00000,0x00000000eaca0000,0x00000000ead00000)
  to   space 1024K, 0% used [0x00000000ead00000,0x00000000ead00000,0x00000000eae00000)
 ParOldGen       total 371712K, used 371601K [0x00000000c0000000, 0x00000000d6b00000, 0x00000000eab00000)
  object space 371712K, 99% used [0x00000000c0000000,0x00000000d6ae47e8,0x00000000d6b00000)
 Metaspace       used 64545K, committed 66112K, reserved 1114112K
  class space    used 6627K, committed 7296K, reserved 1048576K
}
Event: 42.542 GC heap after
{Heap after GC invocations=175 (full 3):
 PSYoungGen      total 2048K, used 864K [0x00000000eab00000, 0x00000000eae00000, 0x0000000100000000)
  eden space 1024K, 0% used [0x00000000eab00000,0x00000000eab00000,0x00000000eac00000)
  from space 1024K, 84% used [0x00000000ead00000,0x00000000eadd8000,0x00000000eae00000)
  to   space 1024K, 0% used [0x00000000eac00000,0x00000000eac00000,0x00000000ead00000)
 ParOldGen       total 372224K, used 372193K [0x00000000c0000000, 0x00000000d6b80000, 0x00000000eab00000)
  object space 372224K, 99% used [0x00000000c0000000,0x00000000d6b787e8,0x00000000d6b80000)
 Metaspace       used 64545K, committed 66112K, reserved 1114112K
  class space    used 6627K, committed 7296K, reserved 1048576K
}
Event: 43.662 GC heap before
{Heap before GC invocations=176 (full 3):
 PSYoungGen      total 2048K, used 1887K [0x00000000eab00000, 0x00000000eae00000, 0x0000000100000000)
  eden space 1024K, 99% used [0x00000000eab00000,0x00000000eabfffd8,0x00000000eac00000)
  from space 1024K, 84% used [0x00000000ead00000,0x00000000eadd8000,0x00000000eae00000)
  to   space 1024K, 0% used [0x00000000eac00000,0x00000000eac00000,0x00000000ead00000)
 ParOldGen       total 372224K, used 372193K [0x00000000c0000000, 0x00000000d6b80000, 0x00000000eab00000)
  object space 372224K, 99% used [0x00000000c0000000,0x00000000d6b787e8,0x00000000d6b80000)
 Metaspace       used 64545K, committed 66112K, reserved 1114112K
  class space    used 6627K, committed 7296K, reserved 1048576K
}
Event: 43.666 GC heap after
{Heap after GC invocations=176 (full 3):
 PSYoungGen      total 2048K, used 832K [0x00000000eab00000, 0x00000000eae00000, 0x0000000100000000)
  eden space 1024K, 0% used [0x00000000eab00000,0x00000000eab00000,0x00000000eac00000)
  from space 1024K, 81% used [0x00000000eac00000,0x00000000eacd0000,0x00000000ead00000)
  to   space 1024K, 0% used [0x00000000ead00000,0x00000000ead00000,0x00000000eae00000)
 ParOldGen       total 373248K, used 373001K [0x00000000c0000000, 0x00000000d6c80000, 0x00000000eab00000)
  object space 373248K, 99% used [0x00000000c0000000,0x00000000d6c427e8,0x00000000d6c80000)
 Metaspace       used 64545K, committed 66112K, reserved 1114112K
  class space    used 6627K, committed 7296K, reserved 1048576K
}
Event: 43.816 GC heap before
{Heap before GC invocations=177 (full 3):
 PSYoungGen      total 2048K, used 1856K [0x00000000eab00000, 0x00000000eae00000, 0x0000000100000000)
  eden space 1024K, 100% used [0x00000000eab00000,0x00000000eac00000,0x00000000eac00000)
  from space 1024K, 81% used [0x00000000eac00000,0x00000000eacd0000,0x00000000ead00000)
  to   space 1024K, 0% used [0x00000000ead00000,0x00000000ead00000,0x00000000eae00000)
 ParOldGen       total 373248K, used 373001K [0x00000000c0000000, 0x00000000d6c80000, 0x00000000eab00000)
  object space 373248K, 99% used [0x00000000c0000000,0x00000000d6c427e8,0x00000000d6c80000)
 Metaspace       used 64545K, committed 66112K, reserved 1114112K
  class space    used 6627K, committed 7296K, reserved 1048576K
}
Event: 43.826 GC heap after
{Heap after GC invocations=177 (full 3):
 PSYoungGen      total 2048K, used 960K [0x00000000eab00000, 0x00000000eae00000, 0x0000000100000000)
  eden space 1024K, 0% used [0x00000000eab00000,0x00000000eab00000,0x00000000eac00000)
  from space 1024K, 93% used [0x00000000ead00000,0x00000000eadf0000,0x00000000eae00000)
  to   space 1024K, 0% used [0x00000000eac00000,0x00000000eac00000,0x00000000ead00000)
 ParOldGen       total 374272K, used 373785K [0x00000000c0000000, 0x00000000d6d80000, 0x00000000eab00000)
  object space 374272K, 99% used [0x00000000c0000000,0x00000000d6d067e8,0x00000000d6d80000)
 Metaspace       used 64545K, committed 66112K, reserved 1114112K
  class space    used 6627K, committed 7296K, reserved 1048576K
}
Event: 43.846 GC heap before
{Heap before GC invocations=178 (full 3):
 PSYoungGen      total 2048K, used 1984K [0x00000000eab00000, 0x00000000eae00000, 0x0000000100000000)
  eden space 1024K, 100% used [0x00000000eab00000,0x00000000eac00000,0x00000000eac00000)
  from space 1024K, 93% used [0x00000000ead00000,0x00000000eadf0000,0x00000000eae00000)
  to   space 1024K, 0% used [0x00000000eac00000,0x00000000eac00000,0x00000000ead00000)
 ParOldGen       total 374272K, used 373785K [0x00000000c0000000, 0x00000000d6d80000, 0x00000000eab00000)
  object space 374272K, 99% used [0x00000000c0000000,0x00000000d6d067e8,0x00000000d6d80000)
 Metaspace       used 64545K, committed 66112K, reserved 1114112K
  class space    used 6627K, committed 7296K, reserved 1048576K
}
Event: 43.853 GC heap after
{Heap after GC invocations=178 (full 3):
 PSYoungGen      total 2048K, used 832K [0x00000000eab00000, 0x00000000eae00000, 0x0000000100000000)
  eden space 1024K, 0% used [0x00000000eab00000,0x00000000eab00000,0x00000000eac00000)
  from space 1024K, 81% used [0x00000000eac00000,0x00000000eacd0000,0x00000000ead00000)
  to   space 1024K, 0% used [0x00000000ead00000,0x00000000ead00000,0x00000000eae00000)
 ParOldGen       total 374784K, used 374697K [0x00000000c0000000, 0x00000000d6e00000, 0x00000000eab00000)
  object space 374784K, 99% used [0x00000000c0000000,0x00000000d6dea7e8,0x00000000d6e00000)
 Metaspace       used 64545K, committed 66112K, reserved 1114112K
  class space    used 6627K, committed 7296K, reserved 1048576K
}
Event: 44.088 GC heap before
{Heap before GC invocations=179 (full 3):
 PSYoungGen      total 2048K, used 1855K [0x00000000eab00000, 0x00000000eae00000, 0x0000000100000000)
  eden space 1024K, 99% used [0x00000000eab00000,0x00000000eabfff98,0x00000000eac00000)
  from space 1024K, 81% used [0x00000000eac00000,0x00000000eacd0000,0x00000000ead00000)
  to   space 1024K, 0% used [0x00000000ead00000,0x00000000ead00000,0x00000000eae00000)
 ParOldGen       total 374784K, used 374697K [0x00000000c0000000, 0x00000000d6e00000, 0x00000000eab00000)
  object space 374784K, 99% used [0x00000000c0000000,0x00000000d6dea7e8,0x00000000d6e00000)
 Metaspace       used 64560K, committed 66112K, reserved 1114112K
  class space    used 6629K, committed 7296K, reserved 1048576K
}
Event: 44.094 GC heap after
{Heap after GC invocations=179 (full 3):
 PSYoungGen      total 2048K, used 384K [0x00000000eab00000, 0x00000000eae00000, 0x0000000100000000)
  eden space 1024K, 0% used [0x00000000eab00000,0x00000000eab00000,0x00000000eac00000)
  from space 1024K, 37% used [0x00000000ead00000,0x00000000ead60000,0x00000000eae00000)
  to   space 1024K, 0% used [0x00000000eac00000,0x00000000eac00000,0x00000000ead00000)
 ParOldGen       total 375808K, used 375505K [0x00000000c0000000, 0x00000000d6f00000, 0x00000000eab00000)
  object space 375808K, 99% used [0x00000000c0000000,0x00000000d6eb47e8,0x00000000d6f00000)
 Metaspace       used 64560K, committed 66112K, reserved 1114112K
  class space    used 6629K, committed 7296K, reserved 1048576K
}
Event: 44.149 GC heap before
{Heap before GC invocations=180 (full 3):
 PSYoungGen      total 2048K, used 1408K [0x00000000eab00000, 0x00000000eae00000, 0x0000000100000000)
  eden space 1024K, 100% used [0x00000000eab00000,0x00000000eac00000,0x00000000eac00000)
  from space 1024K, 37% used [0x00000000ead00000,0x00000000ead60000,0x00000000eae00000)
  to   space 1024K, 0% used [0x00000000eac00000,0x00000000eac00000,0x00000000ead00000)
 ParOldGen       total 375808K, used 375505K [0x00000000c0000000, 0x00000000d6f00000, 0x00000000eab00000)
  object space 375808K, 99% used [0x00000000c0000000,0x00000000d6eb47e8,0x00000000d6f00000)
 Metaspace       used 64561K, committed 66112K, reserved 1114112K
  class space    used 6629K, committed 7296K, reserved 1048576K
}
Event: 44.154 GC heap after
{Heap after GC invocations=180 (full 3):
 PSYoungGen      total 2048K, used 246K [0x00000000eab00000, 0x00000000ead80000, 0x0000000100000000)
  eden space 1024K, 0% used [0x00000000eab00000,0x00000000eab00000,0x00000000eac00000)
  from space 1024K, 24% used [0x00000000eac00000,0x00000000eac3dba8,0x00000000ead00000)
  to   space 512K, 0% used [0x00000000ead00000,0x00000000ead00000,0x00000000ead80000)
 ParOldGen       total 375808K, used 375801K [0x00000000c0000000, 0x00000000d6f00000, 0x00000000eab00000)
  object space 375808K, 99% used [0x00000000c0000000,0x00000000d6efe7e8,0x00000000d6f00000)
 Metaspace       used 64561K, committed 66112K, reserved 1114112K
  class space    used 6629K, committed 7296K, reserved 1048576K
}
Event: 44.174 GC heap before
{Heap before GC invocations=181 (full 3):
 PSYoungGen      total 2048K, used 1270K [0x00000000eab00000, 0x00000000ead80000, 0x0000000100000000)
  eden space 1024K, 99% used [0x00000000eab00000,0x00000000eabfff38,0x00000000eac00000)
  from space 1024K, 24% used [0x00000000eac00000,0x00000000eac3dba8,0x00000000ead00000)
  to   space 512K, 0% used [0x00000000ead00000,0x00000000ead00000,0x00000000ead80000)
 ParOldGen       total 375808K, used 375801K [0x00000000c0000000, 0x00000000d6f00000, 0x00000000eab00000)
  object space 375808K, 99% used [0x00000000c0000000,0x00000000d6efe7e8,0x00000000d6f00000)
 Metaspace       used 64561K, committed 66112K, reserved 1114112K
  class space    used 6629K, committed 7296K, reserved 1048576K
}
Event: 44.177 GC heap after
{Heap after GC invocations=181 (full 3):
 PSYoungGen      total 1536K, used 224K [0x00000000eab00000, 0x00000000ead80000, 0x0000000100000000)
  eden space 1024K, 0% used [0x00000000eab00000,0x00000000eab00000,0x00000000eac00000)
  from space 512K, 43% used [0x00000000ead00000,0x00000000ead38000,0x00000000ead80000)
  to   space 512K, 0% used [0x00000000eac80000,0x00000000eac80000,0x00000000ead00000)
 ParOldGen       total 376320K, used 375984K [0x00000000c0000000, 0x00000000d6f80000, 0x00000000eab00000)
  object space 376320K, 99% used [0x00000000c0000000,0x00000000d6f2c390,0x00000000d6f80000)
 Metaspace       used 64561K, committed 66112K, reserved 1114112K
  class space    used 6629K, committed 7296K, reserved 1048576K
}
Event: 44.242 GC heap before
{Heap before GC invocations=182 (full 3):
 PSYoungGen      total 1536K, used 1248K [0x00000000eab00000, 0x00000000ead80000, 0x0000000100000000)
  eden space 1024K, 100% used [0x00000000eab00000,0x00000000eac00000,0x00000000eac00000)
  from space 512K, 43% used [0x00000000ead00000,0x00000000ead38000,0x00000000ead80000)
  to   space 512K, 0% used [0x00000000eac80000,0x00000000eac80000,0x00000000ead00000)
 ParOldGen       total 376320K, used 375984K [0x00000000c0000000, 0x00000000d6f80000, 0x00000000eab00000)
  object space 376320K, 99% used [0x00000000c0000000,0x00000000d6f2c390,0x00000000d6f80000)
 Metaspace       used 64561K, committed 66112K, reserved 1114112K
  class space    used 6629K, committed 7296K, reserved 1048576K
}
Event: 44.244 GC heap after
{Heap after GC invocations=182 (full 3):
 PSYoungGen      total 1536K, used 160K [0x00000000eab00000, 0x00000000ead80000, 0x0000000100000000)
  eden space 1024K, 0% used [0x00000000eab00000,0x00000000eab00000,0x00000000eac00000)
  from space 512K, 31% used [0x00000000eac80000,0x00000000eaca8000,0x00000000ead00000)
  to   space 512K, 0% used [0x00000000ead00000,0x00000000ead00000,0x00000000ead80000)
 ParOldGen       total 376320K, used 376158K [0x00000000c0000000, 0x00000000d6f80000, 0x00000000eab00000)
  object space 376320K, 99% used [0x00000000c0000000,0x00000000d6f57998,0x00000000d6f80000)
 Metaspace       used 64561K, committed 66112K, reserved 1114112K
  class space    used 6629K, committed 7296K, reserved 1048576K
}

