# JRE version: OpenJDK Runtime Environment Temurin-21.0.7+6 (21.0.7+6) (build 21.0.7+6-LTS)
# Java VM: OpenJDK 64-Bit Server VM Temurin-21.0.7+6 (21.0.7+6-LTS, mixed mode, sharing, tiered, compressed oops, compressed class ptrs, parallel gc, windows-amd64)
GC Precious Log:
 CardTable entry size: 512
 CPUs: 4 total, 4 available
 Memory: 8089M
 Large Page Support: Disabled
 NUMA Support: Disabled
 Compressed Oops: Enabled (32-bit)
 Alignments: Space 512K, Generation 512K, Heap 2M
 Heap Min Capacity: 100M
 Heap Initial Capacity: 100M
 Heap Max Capacity: 1G
 Pre-touch: Disabled
 Parallel Workers: 4
Heap:
 PSYoungGen      total 6144K, used 2124K [0x00000000eab00000, 0x00000000eb200000, 0x0000000100000000)
  eden space 4608K, 37% used [0x00000000eab00000,0x00000000eacab140,0x00000000eaf80000)
  from space 1536K, 27% used [0x00000000eaf80000,0x00000000eafe8000,0x00000000eb100000)
  to   space 1024K, 0% used [0x00000000eb100000,0x00000000eb100000,0x00000000eb200000)
 ParOldGen       total 500736K, used 500695K [0x00000000c0000000, 0x00000000de900000, 0x00000000eab00000)
  object space 500736K, 99% used [0x00000000c0000000,0x00000000de8f5d00,0x00000000de900000)
 Metaspace       used 77180K, committed 78912K, reserved 1179648K
  class space    used 7863K, committed 8640K, reserved 1048576K
GC Heap History (20 events):
Event: 914.648 GC heap before
{Heap before GC invocations=1563 (full 4):
 PSYoungGen      total 6144K, used 5799K [0x00000000eab00000, 0x00000000eb480000, 0x0000000100000000)
  eden space 4608K, 100% used [0x00000000eab00000,0x00000000eaf80000,0x00000000eaf80000)
  from space 1536K, 77% used [0x00000000eb000000,0x00000000eb129d30,0x00000000eb180000)
  to   space 2560K, 0% used [0x00000000eb200000,0x00000000eb200000,0x00000000eb480000)
 ParOldGen       total 496128K, used 495786K [0x00000000c0000000, 0x00000000de480000, 0x00000000eab00000)
  object space 496128K, 99% used [0x00000000c0000000,0x00000000de42aa98,0x00000000de480000)
 Metaspace       used 75108K, committed 76736K, reserved 1179648K
  class space    used 7625K, committed 8384K, reserved 1048576K
}
Event: 914.662 GC heap after
{Heap after GC invocations=1563 (full 4):
 PSYoungGen      total 5632K, used 660K [0x00000000eab00000, 0x00000000eb300000, 0x0000000100000000)
  eden space 4608K, 0% used [0x00000000eab00000,0x00000000eab00000,0x00000000eaf80000)
  from space 1024K, 64% used [0x00000000eb200000,0x00000000eb2a5200,0x00000000eb300000)
  to   space 1024K, 0% used [0x00000000eb100000,0x00000000eb100000,0x00000000eb200000)
 ParOldGen       total 497152K, used 496730K [0x00000000c0000000, 0x00000000de580000, 0x00000000eab00000)
  object space 497152K, 99% used [0x00000000c0000000,0x00000000de516ad8,0x00000000de580000)
 Metaspace       used 75108K, committed 76736K, reserved 1179648K
  class space    used 7625K, committed 8384K, reserved 1048576K
}
Event: 914.945 GC heap before
{Heap before GC invocations=1564 (full 4):
 PSYoungGen      total 5632K, used 5268K [0x00000000eab00000, 0x00000000eb300000, 0x0000000100000000)
  eden space 4608K, 100% used [0x00000000eab00000,0x00000000eaf80000,0x00000000eaf80000)
  from space 1024K, 64% used [0x00000000eb200000,0x00000000eb2a5200,0x00000000eb300000)
  to   space 1024K, 0% used [0x00000000eb100000,0x00000000eb100000,0x00000000eb200000)
 ParOldGen       total 497152K, used 496730K [0x00000000c0000000, 0x00000000de580000, 0x00000000eab00000)
  object space 497152K, 99% used [0x00000000c0000000,0x00000000de516ad8,0x00000000de580000)
 Metaspace       used 75158K, committed 76800K, reserved 1179648K
  class space    used 7626K, committed 8384K, reserved 1048576K
}
Event: 914.958 GC heap after
{Heap after GC invocations=1564 (full 4):
 PSYoungGen      total 5120K, used 506K [0x00000000eab00000, 0x00000000eb280000, 0x0000000100000000)
  eden space 4608K, 0% used [0x00000000eab00000,0x00000000eab00000,0x00000000eaf80000)
  from space 512K, 98% used [0x00000000eb100000,0x00000000eb17e900,0x00000000eb180000)
  to   space 1024K, 0% used [0x00000000eb180000,0x00000000eb180000,0x00000000eb280000)
 ParOldGen       total 497664K, used 497293K [0x00000000c0000000, 0x00000000de600000, 0x00000000eab00000)
  object space 497664K, 99% used [0x00000000c0000000,0x00000000de5a34a8,0x00000000de600000)
 Metaspace       used 75158K, committed 76800K, reserved 1179648K
  class space    used 7626K, committed 8384K, reserved 1048576K
}
Event: 915.116 GC heap before
{Heap before GC invocations=1565 (full 4):
 PSYoungGen      total 5120K, used 5114K [0x00000000eab00000, 0x00000000eb280000, 0x0000000100000000)
  eden space 4608K, 100% used [0x00000000eab00000,0x00000000eaf80000,0x00000000eaf80000)
  from space 512K, 98% used [0x00000000eb100000,0x00000000eb17e900,0x00000000eb180000)
  to   space 1024K, 0% used [0x00000000eb180000,0x00000000eb180000,0x00000000eb280000)
 ParOldGen       total 497664K, used 497293K [0x00000000c0000000, 0x00000000de600000, 0x00000000eab00000)
  object space 497664K, 99% used [0x00000000c0000000,0x00000000de5a34a8,0x00000000de600000)
 Metaspace       used 75158K, committed 76800K, reserved 1179648K
  class space    used 7626K, committed 8384K, reserved 1048576K
}
Event: 915.123 GC heap after
{Heap after GC invocations=1565 (full 4):
 PSYoungGen      total 5632K, used 576K [0x00000000eab00000, 0x00000000eb280000, 0x0000000100000000)
  eden space 4608K, 0% used [0x00000000eab00000,0x00000000eab00000,0x00000000eaf80000)
  from space 1024K, 56% used [0x00000000eb180000,0x00000000eb210000,0x00000000eb280000)
  to   space 1024K, 0% used [0x00000000eb080000,0x00000000eb080000,0x00000000eb180000)
 ParOldGen       total 498176K, used 497733K [0x00000000c0000000, 0x00000000de680000, 0x00000000eab00000)
  object space 498176K, 99% used [0x00000000c0000000,0x00000000de6116d8,0x00000000de680000)
 Metaspace       used 75158K, committed 76800K, reserved 1179648K
  class space    used 7626K, committed 8384K, reserved 1048576K
}
Event: 915.773 GC heap before
{Heap before GC invocations=1566 (full 4):
 PSYoungGen      total 5632K, used 5184K [0x00000000eab00000, 0x00000000eb280000, 0x0000000100000000)
  eden space 4608K, 100% used [0x00000000eab00000,0x00000000eaf80000,0x00000000eaf80000)
  from space 1024K, 56% used [0x00000000eb180000,0x00000000eb210000,0x00000000eb280000)
  to   space 1024K, 0% used [0x00000000eb080000,0x00000000eb080000,0x00000000eb180000)
 ParOldGen       total 498176K, used 497733K [0x00000000c0000000, 0x00000000de680000, 0x00000000eab00000)
  object space 498176K, 99% used [0x00000000c0000000,0x00000000de6116d8,0x00000000de680000)
 Metaspace       used 75550K, committed 77248K, reserved 1179648K
  class space    used 7657K, committed 8384K, reserved 1048576K
}
Event: 915.780 GC heap after
{Heap after GC invocations=1566 (full 4):
 PSYoungGen      total 5632K, used 320K [0x00000000eab00000, 0x00000000eb200000, 0x0000000100000000)
  eden space 4608K, 0% used [0x00000000eab00000,0x00000000eab00000,0x00000000eaf80000)
  from space 1024K, 31% used [0x00000000eb080000,0x00000000eb0d0000,0x00000000eb180000)
  to   space 512K, 0% used [0x00000000eb180000,0x00000000eb180000,0x00000000eb200000)
 ParOldGen       total 498688K, used 498229K [0x00000000c0000000, 0x00000000de700000, 0x00000000eab00000)
  object space 498688K, 99% used [0x00000000c0000000,0x00000000de68d6f8,0x00000000de700000)
 Metaspace       used 75550K, committed 77248K, reserved 1179648K
  class space    used 7657K, committed 8384K, reserved 1048576K
}
Event: 916.424 GC heap before
{Heap before GC invocations=1567 (full 4):
 PSYoungGen      total 5632K, used 4927K [0x00000000eab00000, 0x00000000eb200000, 0x0000000100000000)
  eden space 4608K, 99% used [0x00000000eab00000,0x00000000eaf7ffc8,0x00000000eaf80000)
  from space 1024K, 31% used [0x00000000eb080000,0x00000000eb0d0000,0x00000000eb180000)
  to   space 512K, 0% used [0x00000000eb180000,0x00000000eb180000,0x00000000eb200000)
 ParOldGen       total 498688K, used 498229K [0x00000000c0000000, 0x00000000de700000, 0x00000000eab00000)
  object space 498688K, 99% used [0x00000000c0000000,0x00000000de68d6f8,0x00000000de700000)
 Metaspace       used 76064K, committed 77760K, reserved 1179648K
  class space    used 7716K, committed 8448K, reserved 1048576K
}
Event: 916.428 GC heap after
{Heap after GC invocations=1567 (full 4):
 PSYoungGen      total 5120K, used 371K [0x00000000eab00000, 0x00000000eb200000, 0x0000000100000000)
  eden space 4608K, 0% used [0x00000000eab00000,0x00000000eab00000,0x00000000eaf80000)
  from space 512K, 72% used [0x00000000eb180000,0x00000000eb1dce48,0x00000000eb200000)
  to   space 512K, 0% used [0x00000000eb100000,0x00000000eb100000,0x00000000eb180000)
 ParOldGen       total 498688K, used 498501K [0x00000000c0000000, 0x00000000de700000, 0x00000000eab00000)
  object space 498688K, 99% used [0x00000000c0000000,0x00000000de6d1718,0x00000000de700000)
 Metaspace       used 76064K, committed 77760K, reserved 1179648K
  class space    used 7716K, committed 8448K, reserved 1048576K
}
Event: 916.524 GC heap before
{Heap before GC invocations=1568 (full 4):
 PSYoungGen      total 5120K, used 4979K [0x00000000eab00000, 0x00000000eb200000, 0x0000000100000000)
  eden space 4608K, 100% used [0x00000000eab00000,0x00000000eaf80000,0x00000000eaf80000)
  from space 512K, 72% used [0x00000000eb180000,0x00000000eb1dce48,0x00000000eb200000)
  to   space 512K, 0% used [0x00000000eb100000,0x00000000eb100000,0x00000000eb180000)
 ParOldGen       total 498688K, used 498501K [0x00000000c0000000, 0x00000000de700000, 0x00000000eab00000)
  object space 498688K, 99% used [0x00000000c0000000,0x00000000de6d1718,0x00000000de700000)
 Metaspace       used 76158K, committed 77824K, reserved 1179648K
  class space    used 7726K, committed 8448K, reserved 1048576K
}
Event: 916.534 GC heap after
{Heap after GC invocations=1568 (full 4):
 PSYoungGen      total 5120K, used 480K [0x00000000eab00000, 0x00000000eb200000, 0x0000000100000000)
  eden space 4608K, 0% used [0x00000000eab00000,0x00000000eab00000,0x00000000eaf80000)
  from space 512K, 93% used [0x00000000eb100000,0x00000000eb178010,0x00000000eb180000)
  to   space 512K, 0% used [0x00000000eb180000,0x00000000eb180000,0x00000000eb200000)
 ParOldGen       total 499200K, used 498905K [0x00000000c0000000, 0x00000000de780000, 0x00000000eab00000)
  object space 499200K, 99% used [0x00000000c0000000,0x00000000de736570,0x00000000de780000)
 Metaspace       used 76158K, committed 77824K, reserved 1179648K
  class space    used 7726K, committed 8448K, reserved 1048576K
}
Event: 916.692 GC heap before
{Heap before GC invocations=1569 (full 4):
 PSYoungGen      total 5120K, used 5088K [0x00000000eab00000, 0x00000000eb200000, 0x0000000100000000)
  eden space 4608K, 100% used [0x00000000eab00000,0x00000000eaf80000,0x00000000eaf80000)
  from space 512K, 93% used [0x00000000eb100000,0x00000000eb178010,0x00000000eb180000)
  to   space 512K, 0% used [0x00000000eb180000,0x00000000eb180000,0x00000000eb200000)
 ParOldGen       total 499200K, used 498905K [0x00000000c0000000, 0x00000000de780000, 0x00000000eab00000)
  object space 499200K, 99% used [0x00000000c0000000,0x00000000de736570,0x00000000de780000)
 Metaspace       used 76407K, committed 78080K, reserved 1179648K
  class space    used 7776K, committed 8512K, reserved 1048576K
}
Event: 916.698 GC heap after
{Heap after GC invocations=1569 (full 4):
 PSYoungGen      total 5120K, used 352K [0x00000000eab00000, 0x00000000eb200000, 0x0000000100000000)
  eden space 4608K, 0% used [0x00000000eab00000,0x00000000eab00000,0x00000000eaf80000)
  from space 512K, 68% used [0x00000000eb180000,0x00000000eb1d8000,0x00000000eb200000)
  to   space 1024K, 0% used [0x00000000eb000000,0x00000000eb000000,0x00000000eb100000)
 ParOldGen       total 499712K, used 499390K [0x00000000c0000000, 0x00000000de800000, 0x00000000eab00000)
  object space 499712K, 99% used [0x00000000c0000000,0x00000000de7afab0,0x00000000de800000)
 Metaspace       used 76407K, committed 78080K, reserved 1179648K
  class space    used 7776K, committed 8512K, reserved 1048576K
}
Event: 917.140 GC heap before
{Heap before GC invocations=1570 (full 4):
 PSYoungGen      total 5120K, used 4947K [0x00000000eab00000, 0x00000000eb200000, 0x0000000100000000)
  eden space 4608K, 99% used [0x00000000eab00000,0x00000000eaf7cf88,0x00000000eaf80000)
  from space 512K, 68% used [0x00000000eb180000,0x00000000eb1d8000,0x00000000eb200000)
  to   space 1024K, 0% used [0x00000000eb000000,0x00000000eb000000,0x00000000eb100000)
 ParOldGen       total 499712K, used 499390K [0x00000000c0000000, 0x00000000de800000, 0x00000000eab00000)
  object space 499712K, 99% used [0x00000000c0000000,0x00000000de7afab0,0x00000000de800000)
 Metaspace       used 76920K, committed 78592K, reserved 1179648K
  class space    used 7842K, committed 8576K, reserved 1048576K
}
Event: 917.146 GC heap after
{Heap after GC invocations=1570 (full 4):
 PSYoungGen      total 5632K, used 448K [0x00000000eab00000, 0x00000000eb200000, 0x0000000100000000)
  eden space 4608K, 0% used [0x00000000eab00000,0x00000000eab00000,0x00000000eaf80000)
  from space 1024K, 43% used [0x00000000eb000000,0x00000000eb070000,0x00000000eb100000)
  to   space 512K, 0% used [0x00000000eb180000,0x00000000eb180000,0x00000000eb200000)
 ParOldGen       total 499712K, used 499678K [0x00000000c0000000, 0x00000000de800000, 0x00000000eab00000)
  object space 499712K, 99% used [0x00000000c0000000,0x00000000de7f7ad0,0x00000000de800000)
 Metaspace       used 76920K, committed 78592K, reserved 1179648K
  class space    used 7842K, committed 8576K, reserved 1048576K
}
Event: 917.813 GC heap before
{Heap before GC invocations=1571 (full 4):
 PSYoungGen      total 5632K, used 5056K [0x00000000eab00000, 0x00000000eb200000, 0x0000000100000000)
  eden space 4608K, 100% used [0x00000000eab00000,0x00000000eaf80000,0x00000000eaf80000)
  from space 1024K, 43% used [0x00000000eb000000,0x00000000eb070000,0x00000000eb100000)
  to   space 512K, 0% used [0x00000000eb180000,0x00000000eb180000,0x00000000eb200000)
 ParOldGen       total 499712K, used 499678K [0x00000000c0000000, 0x00000000de800000, 0x00000000eab00000)
  object space 499712K, 99% used [0x00000000c0000000,0x00000000de7f7ad0,0x00000000de800000)
 Metaspace       used 77154K, committed 78912K, reserved 1179648K
  class space    used 7863K, committed 8640K, reserved 1048576K
}
Event: 917.819 GC heap after
{Heap after GC invocations=1571 (full 4):
 PSYoungGen      total 5120K, used 484K [0x00000000eab00000, 0x00000000eb280000, 0x0000000100000000)
  eden space 4608K, 0% used [0x00000000eab00000,0x00000000eab00000,0x00000000eaf80000)
  from space 512K, 94% used [0x00000000eb180000,0x00000000eb1f9210,0x00000000eb200000)
  to   space 1536K, 0% used [0x00000000eaf80000,0x00000000eaf80000,0x00000000eb100000)
 ParOldGen       total 500224K, used 500194K [0x00000000c0000000, 0x00000000de880000, 0x00000000eab00000)
  object space 500224K, 99% used [0x00000000c0000000,0x00000000de878af0,0x00000000de880000)
 Metaspace       used 77154K, committed 78912K, reserved 1179648K
  class space    used 7863K, committed 8640K, reserved 1048576K
}
Event: 917.861 GC heap before
{Heap before GC invocations=1572 (full 4):
 PSYoungGen      total 5120K, used 5092K [0x00000000eab00000, 0x00000000eb280000, 0x0000000100000000)
  eden space 4608K, 100% used [0x00000000eab00000,0x00000000eaf80000,0x00000000eaf80000)
  from space 512K, 94% used [0x00000000eb180000,0x00000000eb1f9210,0x00000000eb200000)
  to   space 1536K, 0% used [0x00000000eaf80000,0x00000000eaf80000,0x00000000eb100000)
 ParOldGen       total 500224K, used 500194K [0x00000000c0000000, 0x00000000de880000, 0x00000000eab00000)
  object space 500224K, 99% used [0x00000000c0000000,0x00000000de878af0,0x00000000de880000)
 Metaspace       used 77157K, committed 78912K, reserved 1179648K
  class space    used 7863K, committed 8640K, reserved 1048576K
}
Event: 917.865 GC heap after
{Heap after GC invocations=1572 (full 4):
 PSYoungGen      total 6144K, used 416K [0x00000000eab00000, 0x00000000eb200000, 0x0000000100000000)
  eden space 4608K, 0% used [0x00000000eab00000,0x00000000eab00000,0x00000000eaf80000)
  from space 1536K, 27% used [0x00000000eaf80000,0x00000000eafe8000,0x00000000eb100000)
  to   space 1024K, 0% used [0x00000000eb100000,0x00000000eb100000,0x00000000eb200000)
 ParOldGen       total 500736K, used 500695K [0x00000000c0000000, 0x00000000de900000, 0x00000000eab00000)
  object space 500736K, 99% used [0x00000000c0000000,0x00000000de8f5d00,0x00000000de900000)
 Metaspace       used 77157K, committed 78912K, reserved 1179648K
  class space    used 7863K, committed 8640K, reserved 1048576K
}

