# JRE version: OpenJDK Runtime Environment Temurin-21.0.7+6 (21.0.7+6) (build 21.0.7+6-LTS)
# Java VM: OpenJDK 64-Bit Server VM Temurin-21.0.7+6 (21.0.7+6-LTS, mixed mode, sharing, tiered, compressed oops, compressed class ptrs, parallel gc, windows-amd64)
GC Precious Log:
 CardTable entry size: 512
 CPUs: 4 total, 4 available
 Memory: 8089M
 Large Page Support: Disabled
 NUMA Support: Disabled
 Compressed Oops: Enabled (32-bit)
 Alignments: Space 512K, Generation 512K, Heap 2M
 Heap Min Capacity: 100M
 Heap Initial Capacity: 100M
 Heap Max Capacity: 1G
 Pre-touch: Disabled
 Parallel Workers: 4
Heap:
 PSYoungGen      total 12800K, used 12790K [0x00000000eab00000, 0x00000000ebb80000, 0x0000000100000000)
  eden space 9216K, 100% used [0x00000000eab00000,0x00000000eb400000,0x00000000eb400000)
  from space 3584K, 99% used [0x00000000eb480000,0x00000000eb7fd9e8,0x00000000eb800000)
  to   space 3584K, 97% used [0x00000000eb800000,0x00000000ebb6bfa8,0x00000000ebb80000)
 ParOldGen       total 206336K, used 206328K [0x00000000c0000000, 0x00000000cc980000, 0x00000000eab00000)
  object space 206336K, 99% used [0x00000000c0000000,0x00000000cc97e0c8,0x00000000cc980000)
 Metaspace       used 61227K, committed 62656K, reserved 1114112K
  class space    used 6246K, committed 6848K, reserved 1048576K
GC Heap History (20 events):
Event: 42.204 GC heap before
{Heap before GC invocations=310 (full 4):
 PSYoungGen      total 10752K, used 10725K [0x00000000eab00000, 0x00000000eb780000, 0x0000000100000000)
  eden space 8704K, 100% used [0x00000000eab00000,0x00000000eb380000,0x00000000eb380000)
  from space 2048K, 98% used [0x00000000eb400000,0x00000000eb5f97e8,0x00000000eb600000)
  to   space 1536K, 0% used [0x00000000eb600000,0x00000000eb600000,0x00000000eb780000)
 ParOldGen       total 200192K, used 199928K [0x00000000c0000000, 0x00000000cc380000, 0x00000000eab00000)
  object space 200192K, 99% used [0x00000000c0000000,0x00000000cc33e3c0,0x00000000cc380000)
 Metaspace       used 60672K, committed 62144K, reserved 1114112K
  class space    used 6178K, committed 6784K, reserved 1048576K
}
Event: 42.208 GC heap after
{Heap after GC invocations=310 (full 4):
 PSYoungGen      total 10240K, used 1517K [0x00000000eab00000, 0x00000000eb780000, 0x0000000100000000)
  eden space 8704K, 0% used [0x00000000eab00000,0x00000000eab00000,0x00000000eb380000)
  from space 1536K, 98% used [0x00000000eb600000,0x00000000eb77b650,0x00000000eb780000)
  to   space 2048K, 0% used [0x00000000eb400000,0x00000000eb400000,0x00000000eb600000)
 ParOldGen       total 202752K, used 202240K [0x00000000c0000000, 0x00000000cc600000, 0x00000000eab00000)
  object space 202752K, 99% used [0x00000000c0000000,0x00000000cc580290,0x00000000cc600000)
 Metaspace       used 60672K, committed 62144K, reserved 1114112K
  class space    used 6178K, committed 6784K, reserved 1048576K
}
Event: 42.236 GC heap before
{Heap before GC invocations=311 (full 4):
 PSYoungGen      total 10240K, used 10221K [0x00000000eab00000, 0x00000000eb780000, 0x0000000100000000)
  eden space 8704K, 100% used [0x00000000eab00000,0x00000000eb380000,0x00000000eb380000)
  from space 1536K, 98% used [0x00000000eb600000,0x00000000eb77b650,0x00000000eb780000)
  to   space 2048K, 0% used [0x00000000eb400000,0x00000000eb400000,0x00000000eb600000)
 ParOldGen       total 202752K, used 202240K [0x00000000c0000000, 0x00000000cc600000, 0x00000000eab00000)
  object space 202752K, 99% used [0x00000000c0000000,0x00000000cc580290,0x00000000cc600000)
 Metaspace       used 60680K, committed 62144K, reserved 1114112K
  class space    used 6178K, committed 6784K, reserved 1048576K
}
Event: 42.239 GC heap after
{Heap after GC invocations=311 (full 4):
 PSYoungGen      total 10752K, used 2048K [0x00000000eab00000, 0x00000000eb780000, 0x0000000100000000)
  eden space 8704K, 0% used [0x00000000eab00000,0x00000000eab00000,0x00000000eb380000)
  from space 2048K, 100% used [0x00000000eb400000,0x00000000eb600000,0x00000000eb600000)
  to   space 1536K, 0% used [0x00000000eb600000,0x00000000eb600000,0x00000000eb780000)
 ParOldGen       total 203776K, used 203766K [0x00000000c0000000, 0x00000000cc700000, 0x00000000eab00000)
  object space 203776K, 99% used [0x00000000c0000000,0x00000000cc6fd890,0x00000000cc700000)
 Metaspace       used 60680K, committed 62144K, reserved 1114112K
  class space    used 6178K, committed 6784K, reserved 1048576K
}
Event: 42.258 GC heap before
{Heap before GC invocations=312 (full 4):
 PSYoungGen      total 10752K, used 10752K [0x00000000eab00000, 0x00000000eb780000, 0x0000000100000000)
  eden space 8704K, 100% used [0x00000000eab00000,0x00000000eb380000,0x00000000eb380000)
  from space 2048K, 100% used [0x00000000eb400000,0x00000000eb600000,0x00000000eb600000)
  to   space 1536K, 0% used [0x00000000eb600000,0x00000000eb600000,0x00000000eb780000)
 ParOldGen       total 203776K, used 203766K [0x00000000c0000000, 0x00000000cc700000, 0x00000000eab00000)
  object space 203776K, 99% used [0x00000000c0000000,0x00000000cc6fd890,0x00000000cc700000)
 Metaspace       used 60680K, committed 62144K, reserved 1114112K
  class space    used 6178K, committed 6784K, reserved 1048576K
}
Event: 42.262 GC heap after
{Heap after GC invocations=312 (full 4):
 PSYoungGen      total 10752K, used 10752K [0x00000000eab00000, 0x00000000eb780000, 0x0000000100000000)
  eden space 8704K, 100% used [0x00000000eab00000,0x00000000eb380000,0x00000000eb380000)
  from space 2048K, 100% used [0x00000000eb400000,0x00000000eb600000,0x00000000eb600000)
  to   space 1536K, 100% used [0x00000000eb600000,0x00000000eb780000,0x00000000eb780000)
 ParOldGen       total 205312K, used 205309K [0x00000000c0000000, 0x00000000cc880000, 0x00000000eab00000)
  object space 205312K, 99% used [0x00000000c0000000,0x00000000cc87f628,0x00000000cc880000)
 Metaspace       used 60680K, committed 62144K, reserved 1114112K
  class space    used 6178K, committed 6784K, reserved 1048576K
}
Event: 42.262 GC heap before
{Heap before GC invocations=313 (full 5):
 PSYoungGen      total 10752K, used 10752K [0x00000000eab00000, 0x00000000eb780000, 0x0000000100000000)
  eden space 8704K, 100% used [0x00000000eab00000,0x00000000eb380000,0x00000000eb380000)
  from space 2048K, 100% used [0x00000000eb400000,0x00000000eb600000,0x00000000eb600000)
  to   space 1536K, 100% used [0x00000000eb600000,0x00000000eb780000,0x00000000eb780000)
 ParOldGen       total 205312K, used 205309K [0x00000000c0000000, 0x00000000cc880000, 0x00000000eab00000)
  object space 205312K, 99% used [0x00000000c0000000,0x00000000cc87f628,0x00000000cc880000)
 Metaspace       used 60680K, committed 62144K, reserved 1114112K
  class space    used 6178K, committed 6784K, reserved 1048576K
}
Event: 43.126 GC heap after
{Heap after GC invocations=313 (full 5):
 PSYoungGen      total 8704K, used 0K [0x00000000eab00000, 0x00000000ebc80000, 0x0000000100000000)
  eden space 7168K, 0% used [0x00000000eab00000,0x00000000eab00000,0x00000000eb200000)
  from space 1536K, 0% used [0x00000000eb600000,0x00000000eb600000,0x00000000eb780000)
  to   space 4096K, 0% used [0x00000000eb200000,0x00000000eb200000,0x00000000eb600000)
 ParOldGen       total 205312K, used 198551K [0x00000000c0000000, 0x00000000cc880000, 0x00000000eab00000)
  object space 205312K, 96% used [0x00000000c0000000,0x00000000cc1e5e60,0x00000000cc880000)
 Metaspace       used 60680K, committed 62144K, reserved 1114112K
  class space    used 6178K, committed 6784K, reserved 1048576K
}
Event: 43.270 GC heap before
{Heap before GC invocations=314 (full 5):
 PSYoungGen      total 8704K, used 7168K [0x00000000eab00000, 0x00000000ebc80000, 0x0000000100000000)
  eden space 7168K, 100% used [0x00000000eab00000,0x00000000eb200000,0x00000000eb200000)
  from space 1536K, 0% used [0x00000000eb600000,0x00000000eb600000,0x00000000eb780000)
  to   space 4096K, 0% used [0x00000000eb200000,0x00000000eb200000,0x00000000eb600000)
 ParOldGen       total 205312K, used 198551K [0x00000000c0000000, 0x00000000cc880000, 0x00000000eab00000)
  object space 205312K, 96% used [0x00000000c0000000,0x00000000cc1e5e60,0x00000000cc880000)
 Metaspace       used 60683K, committed 62144K, reserved 1114112K
  class space    used 6178K, committed 6784K, reserved 1048576K
}
Event: 43.277 GC heap after
{Heap after GC invocations=314 (full 5):
 PSYoungGen      total 9216K, used 1705K [0x00000000eab00000, 0x00000000eb780000, 0x0000000100000000)
  eden space 7168K, 0% used [0x00000000eab00000,0x00000000eab00000,0x00000000eb200000)
  from space 2048K, 83% used [0x00000000eb200000,0x00000000eb3aa418,0x00000000eb400000)
  to   space 2560K, 0% used [0x00000000eb500000,0x00000000eb500000,0x00000000eb780000)
 ParOldGen       total 205312K, used 198551K [0x00000000c0000000, 0x00000000cc880000, 0x00000000eab00000)
  object space 205312K, 96% used [0x00000000c0000000,0x00000000cc1e5e60,0x00000000cc880000)
 Metaspace       used 60683K, committed 62144K, reserved 1114112K
  class space    used 6178K, committed 6784K, reserved 1048576K
}
Event: 43.611 GC heap before
{Heap before GC invocations=315 (full 5):
 PSYoungGen      total 9216K, used 8873K [0x00000000eab00000, 0x00000000eb780000, 0x0000000100000000)
  eden space 7168K, 100% used [0x00000000eab00000,0x00000000eb200000,0x00000000eb200000)
  from space 2048K, 83% used [0x00000000eb200000,0x00000000eb3aa418,0x00000000eb400000)
  to   space 2560K, 0% used [0x00000000eb500000,0x00000000eb500000,0x00000000eb780000)
 ParOldGen       total 205312K, used 198551K [0x00000000c0000000, 0x00000000cc880000, 0x00000000eab00000)
  object space 205312K, 96% used [0x00000000c0000000,0x00000000cc1e5e60,0x00000000cc880000)
 Metaspace       used 60742K, committed 62208K, reserved 1114112K
  class space    used 6181K, committed 6784K, reserved 1048576K
}
Event: 43.619 GC heap after
{Heap after GC invocations=315 (full 5):
 PSYoungGen      total 10240K, used 2395K [0x00000000eab00000, 0x00000000eb780000, 0x0000000100000000)
  eden space 7680K, 0% used [0x00000000eab00000,0x00000000eab00000,0x00000000eb280000)
  from space 2560K, 93% used [0x00000000eb500000,0x00000000eb756e38,0x00000000eb780000)
  to   space 2560K, 0% used [0x00000000eb280000,0x00000000eb280000,0x00000000eb500000)
 ParOldGen       total 205312K, used 198559K [0x00000000c0000000, 0x00000000cc880000, 0x00000000eab00000)
  object space 205312K, 96% used [0x00000000c0000000,0x00000000cc1e7e60,0x00000000cc880000)
 Metaspace       used 60742K, committed 62208K, reserved 1114112K
  class space    used 6181K, committed 6784K, reserved 1048576K
}
Event: 44.386 GC heap before
{Heap before GC invocations=316 (full 5):
 PSYoungGen      total 10240K, used 10075K [0x00000000eab00000, 0x00000000eb780000, 0x0000000100000000)
  eden space 7680K, 99% used [0x00000000eab00000,0x00000000eb27fff8,0x00000000eb280000)
  from space 2560K, 93% used [0x00000000eb500000,0x00000000eb756e38,0x00000000eb780000)
  to   space 2560K, 0% used [0x00000000eb280000,0x00000000eb280000,0x00000000eb500000)
 ParOldGen       total 205312K, used 198559K [0x00000000c0000000, 0x00000000cc880000, 0x00000000eab00000)
  object space 205312K, 96% used [0x00000000c0000000,0x00000000cc1e7e60,0x00000000cc880000)
 Metaspace       used 60760K, committed 62208K, reserved 1114112K
  class space    used 6181K, committed 6784K, reserved 1048576K
}
Event: 44.394 GC heap after
{Heap after GC invocations=316 (full 5):
 PSYoungGen      total 10240K, used 2557K [0x00000000eab00000, 0x00000000ebb00000, 0x0000000100000000)
  eden space 7680K, 0% used [0x00000000eab00000,0x00000000eab00000,0x00000000eb280000)
  from space 2560K, 99% used [0x00000000eb280000,0x00000000eb4ff5b8,0x00000000eb500000)
  to   space 4096K, 0% used [0x00000000eb700000,0x00000000eb700000,0x00000000ebb00000)
 ParOldGen       total 205312K, used 199660K [0x00000000c0000000, 0x00000000cc880000, 0x00000000eab00000)
  object space 205312K, 97% used [0x00000000c0000000,0x00000000cc2fb358,0x00000000cc880000)
 Metaspace       used 60760K, committed 62208K, reserved 1114112K
  class space    used 6181K, committed 6784K, reserved 1048576K
}
Event: 44.665 GC heap before
{Heap before GC invocations=317 (full 5):
 PSYoungGen      total 10240K, used 10221K [0x00000000eab00000, 0x00000000ebb00000, 0x0000000100000000)
  eden space 7680K, 99% used [0x00000000eab00000,0x00000000eb27c240,0x00000000eb280000)
  from space 2560K, 99% used [0x00000000eb280000,0x00000000eb4ff5b8,0x00000000eb500000)
  to   space 4096K, 0% used [0x00000000eb700000,0x00000000eb700000,0x00000000ebb00000)
 ParOldGen       total 205312K, used 199660K [0x00000000c0000000, 0x00000000cc880000, 0x00000000eab00000)
  object space 205312K, 97% used [0x00000000c0000000,0x00000000cc2fb358,0x00000000cc880000)
 Metaspace       used 61100K, committed 62592K, reserved 1114112K
  class space    used 6222K, committed 6848K, reserved 1048576K
}
Event: 44.676 GC heap after
{Heap after GC invocations=317 (full 5):
 PSYoungGen      total 10752K, used 2528K [0x00000000eab00000, 0x00000000eb980000, 0x0000000100000000)
  eden space 8192K, 0% used [0x00000000eab00000,0x00000000eab00000,0x00000000eb300000)
  from space 2560K, 98% used [0x00000000eb700000,0x00000000eb978020,0x00000000eb980000)
  to   space 3072K, 0% used [0x00000000eb380000,0x00000000eb380000,0x00000000eb680000)
 ParOldGen       total 205312K, used 201323K [0x00000000c0000000, 0x00000000cc880000, 0x00000000eab00000)
  object space 205312K, 98% used [0x00000000c0000000,0x00000000cc49ade0,0x00000000cc880000)
 Metaspace       used 61100K, committed 62592K, reserved 1114112K
  class space    used 6222K, committed 6848K, reserved 1048576K
}
Event: 44.862 GC heap before
{Heap before GC invocations=318 (full 5):
 PSYoungGen      total 10752K, used 10720K [0x00000000eab00000, 0x00000000eb980000, 0x0000000100000000)
  eden space 8192K, 100% used [0x00000000eab00000,0x00000000eb300000,0x00000000eb300000)
  from space 2560K, 98% used [0x00000000eb700000,0x00000000eb978020,0x00000000eb980000)
  to   space 3072K, 0% used [0x00000000eb380000,0x00000000eb380000,0x00000000eb680000)
 ParOldGen       total 205312K, used 201323K [0x00000000c0000000, 0x00000000cc880000, 0x00000000eab00000)
  object space 205312K, 98% used [0x00000000c0000000,0x00000000cc49ade0,0x00000000cc880000)
 Metaspace       used 61184K, committed 62592K, reserved 1114112K
  class space    used 6239K, committed 6848K, reserved 1048576K
}
Event: 44.873 GC heap after
{Heap after GC invocations=318 (full 5):
 PSYoungGen      total 11776K, used 3050K [0x00000000eab00000, 0x00000000ebc80000, 0x0000000100000000)
  eden space 8704K, 0% used [0x00000000eab00000,0x00000000eab00000,0x00000000eb380000)
  from space 3072K, 99% used [0x00000000eb380000,0x00000000eb67aab8,0x00000000eb680000)
  to   space 4608K, 0% used [0x00000000eb800000,0x00000000eb800000,0x00000000ebc80000)
 ParOldGen       total 205312K, used 202289K [0x00000000c0000000, 0x00000000cc880000, 0x00000000eab00000)
  object space 205312K, 98% used [0x00000000c0000000,0x00000000cc58c420,0x00000000cc880000)
 Metaspace       used 61184K, committed 62592K, reserved 1114112K
  class space    used 6239K, committed 6848K, reserved 1048576K
}
Event: 44.997 GC heap before
{Heap before GC invocations=319 (full 5):
 PSYoungGen      total 11776K, used 11754K [0x00000000eab00000, 0x00000000ebc80000, 0x0000000100000000)
  eden space 8704K, 100% used [0x00000000eab00000,0x00000000eb380000,0x00000000eb380000)
  from space 3072K, 99% used [0x00000000eb380000,0x00000000eb67aab8,0x00000000eb680000)
  to   space 4608K, 0% used [0x00000000eb800000,0x00000000eb800000,0x00000000ebc80000)
 ParOldGen       total 205312K, used 202289K [0x00000000c0000000, 0x00000000cc880000, 0x00000000eab00000)
  object space 205312K, 98% used [0x00000000c0000000,0x00000000cc58c420,0x00000000cc880000)
 Metaspace       used 61194K, committed 62656K, reserved 1114112K
  class space    used 6240K, committed 6848K, reserved 1048576K
}
Event: 45.007 GC heap after
{Heap after GC invocations=319 (full 5):
 PSYoungGen      total 12800K, used 3286K [0x00000000eab00000, 0x00000000ebb80000, 0x0000000100000000)
  eden space 9216K, 0% used [0x00000000eab00000,0x00000000eab00000,0x00000000eb400000)
  from space 3584K, 91% used [0x00000000eb800000,0x00000000ebb35a08,0x00000000ebb80000)
  to   space 3584K, 0% used [0x00000000eb480000,0x00000000eb480000,0x00000000eb800000)
 ParOldGen       total 205312K, used 204126K [0x00000000c0000000, 0x00000000cc880000, 0x00000000eab00000)
  object space 205312K, 99% used [0x00000000c0000000,0x00000000cc7578f8,0x00000000cc880000)
 Metaspace       used 61194K, committed 62656K, reserved 1114112K
  class space    used 6240K, committed 6848K, reserved 1048576K
}

