# JRE version: OpenJDK Runtime Environment Temurin-21.0.7+6 (21.0.7+6) (build 21.0.7+6-LTS)
# Java VM: OpenJDK 64-Bit Server VM Temurin-21.0.7+6 (21.0.7+6-LTS, mixed mode, sharing, tiered, compressed oops, compressed class ptrs, parallel gc, windows-amd64)
GC Precious Log:
 CardTable entry size: 512
 CPUs: 4 total, 4 available
 Memory: 8089M
 Large Page Support: Disabled
 NUMA Support: Disabled
 Compressed Oops: Enabled (32-bit)
 Alignments: Space 512K, Generation 512K, Heap 2M
 Heap Min Capacity: 100M
 Heap Initial Capacity: 100M
 Heap Max Capacity: 1G
 Pre-touch: Disabled
 Parallel Workers: 4
Heap:
 PSYoungGen      total 2560K, used 2087K [0x00000000eab00000, 0x00000000eaf00000, 0x0000000100000000)
  eden space 1024K, 100% used [0x00000000eab00000,0x00000000eac00000,0x00000000eac00000)
  from space 1536K, 69% used [0x00000000eac00000,0x00000000ead09e90,0x00000000ead80000)
  to   space 1536K, 45% used [0x00000000ead80000,0x00000000eae30000,0x00000000eaf00000)
 ParOldGen       total 465408K, used 465406K [0x00000000c0000000, 0x00000000dc680000, 0x00000000eab00000)
  object space 465408K, 99% used [0x00000000c0000000,0x00000000dc67fb08,0x00000000dc680000)
 Metaspace       used 64692K, committed 66176K, reserved 1114112K
  class space    used 6635K, committed 7296K, reserved 1048576K
GC Heap History (20 events):
Event: 59.507 GC heap after
{Heap after GC invocations=581 (full 3):
 PSYoungGen      total 2560K, used 1036K [0x00000000eab00000, 0x00000000eb000000, 0x0000000100000000)
  eden space 1024K, 0% used [0x00000000eab00000,0x00000000eab00000,0x00000000eac00000)
  from space 1536K, 67% used [0x00000000eae80000,0x00000000eaf83000,0x00000000eb000000)
  to   space 1536K, 0% used [0x00000000ead00000,0x00000000ead00000,0x00000000eae80000)
 ParOldGen       total 455680K, used 455320K [0x00000000c0000000, 0x00000000dbd00000, 0x00000000eab00000)
  object space 455680K, 99% used [0x00000000c0000000,0x00000000dbca6168,0x00000000dbd00000)
 Metaspace       used 64692K, committed 66176K, reserved 1114112K
  class space    used 6635K, committed 7296K, reserved 1048576K
}
Event: 59.530 GC heap before
{Heap before GC invocations=582 (full 3):
 PSYoungGen      total 2560K, used 1806K [0x00000000eab00000, 0x00000000eb000000, 0x0000000100000000)
  eden space 1024K, 75% used [0x00000000eab00000,0x00000000eabc09c0,0x00000000eac00000)
  from space 1536K, 67% used [0x00000000eae80000,0x00000000eaf83000,0x00000000eb000000)
  to   space 1536K, 0% used [0x00000000ead00000,0x00000000ead00000,0x00000000eae80000)
 ParOldGen       total 455680K, used 455320K [0x00000000c0000000, 0x00000000dbd00000, 0x00000000eab00000)
  object space 455680K, 99% used [0x00000000c0000000,0x00000000dbca6168,0x00000000dbd00000)
 Metaspace       used 64692K, committed 66176K, reserved 1114112K
  class space    used 6635K, committed 7296K, reserved 1048576K
}
Event: 59.533 GC heap after
{Heap after GC invocations=582 (full 3):
 PSYoungGen      total 2048K, used 800K [0x00000000eab00000, 0x00000000eaf00000, 0x0000000100000000)
  eden space 1024K, 0% used [0x00000000eab00000,0x00000000eab00000,0x00000000eac00000)
  from space 1024K, 78% used [0x00000000ead00000,0x00000000eadc8000,0x00000000eae00000)
  to   space 1024K, 0% used [0x00000000eae00000,0x00000000eae00000,0x00000000eaf00000)
 ParOldGen       total 456704K, used 456343K [0x00000000c0000000, 0x00000000dbe00000, 0x00000000eab00000)
  object space 456704K, 99% used [0x00000000c0000000,0x00000000dbda5c08,0x00000000dbe00000)
 Metaspace       used 64692K, committed 66176K, reserved 1114112K
  class space    used 6635K, committed 7296K, reserved 1048576K
}
Event: 59.570 GC heap before
{Heap before GC invocations=583 (full 3):
 PSYoungGen      total 2048K, used 1824K [0x00000000eab00000, 0x00000000eaf00000, 0x0000000100000000)
  eden space 1024K, 100% used [0x00000000eab00000,0x00000000eac00000,0x00000000eac00000)
  from space 1024K, 78% used [0x00000000ead00000,0x00000000eadc8000,0x00000000eae00000)
  to   space 1024K, 0% used [0x00000000eae00000,0x00000000eae00000,0x00000000eaf00000)
 ParOldGen       total 456704K, used 456343K [0x00000000c0000000, 0x00000000dbe00000, 0x00000000eab00000)
  object space 456704K, 99% used [0x00000000c0000000,0x00000000dbda5c08,0x00000000dbe00000)
 Metaspace       used 64692K, committed 66176K, reserved 1114112K
  class space    used 6635K, committed 7296K, reserved 1048576K
}
Event: 59.573 GC heap after
{Heap after GC invocations=583 (full 3):
 PSYoungGen      total 2048K, used 1024K [0x00000000eab00000, 0x00000000eb000000, 0x0000000100000000)
  eden space 1024K, 0% used [0x00000000eab00000,0x00000000eab00000,0x00000000eac00000)
  from space 1024K, 100% used [0x00000000eae00000,0x00000000eaf00000,0x00000000eaf00000)
  to   space 2048K, 0% used [0x00000000eac00000,0x00000000eac00000,0x00000000eae00000)
 ParOldGen       total 457216K, used 457108K [0x00000000c0000000, 0x00000000dbe80000, 0x00000000eab00000)
  object space 457216K, 99% used [0x00000000c0000000,0x00000000dbe65158,0x00000000dbe80000)
 Metaspace       used 64692K, committed 66176K, reserved 1114112K
  class space    used 6635K, committed 7296K, reserved 1048576K
}
Event: 59.729 GC heap before
{Heap before GC invocations=584 (full 3):
 PSYoungGen      total 2048K, used 2048K [0x00000000eab00000, 0x00000000eb000000, 0x0000000100000000)
  eden space 1024K, 100% used [0x00000000eab00000,0x00000000eac00000,0x00000000eac00000)
  from space 1024K, 100% used [0x00000000eae00000,0x00000000eaf00000,0x00000000eaf00000)
  to   space 2048K, 0% used [0x00000000eac00000,0x00000000eac00000,0x00000000eae00000)
 ParOldGen       total 457216K, used 457108K [0x00000000c0000000, 0x00000000dbe80000, 0x00000000eab00000)
  object space 457216K, 99% used [0x00000000c0000000,0x00000000dbe65158,0x00000000dbe80000)
 Metaspace       used 64692K, committed 66176K, reserved 1114112K
  class space    used 6635K, committed 7296K, reserved 1048576K
}
Event: 59.737 GC heap after
{Heap after GC invocations=584 (full 3):
 PSYoungGen      total 2560K, used 1095K [0x00000000eab00000, 0x00000000eaf00000, 0x0000000100000000)
  eden space 1024K, 0% used [0x00000000eab00000,0x00000000eab00000,0x00000000eac00000)
  from space 1536K, 71% used [0x00000000eac00000,0x00000000ead11fa0,0x00000000ead80000)
  to   space 1536K, 0% used [0x00000000ead80000,0x00000000ead80000,0x00000000eaf00000)
 ParOldGen       total 458240K, used 458113K [0x00000000c0000000, 0x00000000dbf80000, 0x00000000eab00000)
  object space 458240K, 99% used [0x00000000c0000000,0x00000000dbf60638,0x00000000dbf80000)
 Metaspace       used 64692K, committed 66176K, reserved 1114112K
  class space    used 6635K, committed 7296K, reserved 1048576K
}
Event: 59.797 GC heap before
{Heap before GC invocations=585 (full 3):
 PSYoungGen      total 2560K, used 2119K [0x00000000eab00000, 0x00000000eaf00000, 0x0000000100000000)
  eden space 1024K, 100% used [0x00000000eab00000,0x00000000eac00000,0x00000000eac00000)
  from space 1536K, 71% used [0x00000000eac00000,0x00000000ead11fa0,0x00000000ead80000)
  to   space 1536K, 0% used [0x00000000ead80000,0x00000000ead80000,0x00000000eaf00000)
 ParOldGen       total 458240K, used 458113K [0x00000000c0000000, 0x00000000dbf80000, 0x00000000eab00000)
  object space 458240K, 99% used [0x00000000c0000000,0x00000000dbf60638,0x00000000dbf80000)
 Metaspace       used 64692K, committed 66176K, reserved 1114112K
  class space    used 6635K, committed 7296K, reserved 1048576K
}
Event: 59.806 GC heap after
{Heap after GC invocations=585 (full 3):
 PSYoungGen      total 2560K, used 1041K [0x00000000eab00000, 0x00000000eaf00000, 0x0000000100000000)
  eden space 1024K, 0% used [0x00000000eab00000,0x00000000eab00000,0x00000000eac00000)
  from space 1536K, 67% used [0x00000000ead80000,0x00000000eae847a0,0x00000000eaf00000)
  to   space 1536K, 0% used [0x00000000eac00000,0x00000000eac00000,0x00000000ead80000)
 ParOldGen       total 459264K, used 459128K [0x00000000c0000000, 0x00000000dc080000, 0x00000000eab00000)
  object space 459264K, 99% used [0x00000000c0000000,0x00000000dc05e070,0x00000000dc080000)
 Metaspace       used 64692K, committed 66176K, reserved 1114112K
  class space    used 6635K, committed 7296K, reserved 1048576K
}
Event: 59.838 GC heap before
{Heap before GC invocations=586 (full 3):
 PSYoungGen      total 2560K, used 2030K [0x00000000eab00000, 0x00000000eaf00000, 0x0000000100000000)
  eden space 1024K, 96% used [0x00000000eab00000,0x00000000eabf70e8,0x00000000eac00000)
  from space 1536K, 67% used [0x00000000ead80000,0x00000000eae847a0,0x00000000eaf00000)
  to   space 1536K, 0% used [0x00000000eac00000,0x00000000eac00000,0x00000000ead80000)
 ParOldGen       total 459264K, used 459128K [0x00000000c0000000, 0x00000000dc080000, 0x00000000eab00000)
  object space 459264K, 99% used [0x00000000c0000000,0x00000000dc05e070,0x00000000dc080000)
 Metaspace       used 64692K, committed 66176K, reserved 1114112K
  class space    used 6635K, committed 7296K, reserved 1048576K
}
Event: 59.842 GC heap after
{Heap after GC invocations=586 (full 3):
 PSYoungGen      total 2560K, used 1003K [0x00000000eab00000, 0x00000000eaf00000, 0x0000000100000000)
  eden space 1024K, 0% used [0x00000000eab00000,0x00000000eab00000,0x00000000eac00000)
  from space 1536K, 65% used [0x00000000eac00000,0x00000000eacfaee8,0x00000000ead80000)
  to   space 1536K, 0% used [0x00000000ead80000,0x00000000ead80000,0x00000000eaf00000)
 ParOldGen       total 460288K, used 460157K [0x00000000c0000000, 0x00000000dc180000, 0x00000000eab00000)
  object space 460288K, 99% used [0x00000000c0000000,0x00000000dc15f7e0,0x00000000dc180000)
 Metaspace       used 64692K, committed 66176K, reserved 1114112K
  class space    used 6635K, committed 7296K, reserved 1048576K
}
Event: 59.899 GC heap before
{Heap before GC invocations=587 (full 3):
 PSYoungGen      total 2560K, used 2027K [0x00000000eab00000, 0x00000000eaf00000, 0x0000000100000000)
  eden space 1024K, 100% used [0x00000000eab00000,0x00000000eac00000,0x00000000eac00000)
  from space 1536K, 65% used [0x00000000eac00000,0x00000000eacfaee8,0x00000000ead80000)
  to   space 1536K, 0% used [0x00000000ead80000,0x00000000ead80000,0x00000000eaf00000)
 ParOldGen       total 460288K, used 460157K [0x00000000c0000000, 0x00000000dc180000, 0x00000000eab00000)
  object space 460288K, 99% used [0x00000000c0000000,0x00000000dc15f7e0,0x00000000dc180000)
 Metaspace       used 64692K, committed 66176K, reserved 1114112K
  class space    used 6635K, committed 7296K, reserved 1048576K
}
Event: 59.907 GC heap after
{Heap after GC invocations=587 (full 3):
 PSYoungGen      total 2560K, used 1073K [0x00000000eab00000, 0x00000000eaf00000, 0x0000000100000000)
  eden space 1024K, 0% used [0x00000000eab00000,0x00000000eab00000,0x00000000eac00000)
  from space 1536K, 69% used [0x00000000ead80000,0x00000000eae8c748,0x00000000eaf00000)
  to   space 1536K, 0% used [0x00000000eac00000,0x00000000eac00000,0x00000000ead80000)
 ParOldGen       total 461312K, used 461145K [0x00000000c0000000, 0x00000000dc280000, 0x00000000eab00000)
  object space 461312K, 99% used [0x00000000c0000000,0x00000000dc256690,0x00000000dc280000)
 Metaspace       used 64692K, committed 66176K, reserved 1114112K
  class space    used 6635K, committed 7296K, reserved 1048576K
}
Event: 59.986 GC heap before
{Heap before GC invocations=588 (full 3):
 PSYoungGen      total 2560K, used 2097K [0x00000000eab00000, 0x00000000eaf00000, 0x0000000100000000)
  eden space 1024K, 100% used [0x00000000eab00000,0x00000000eac00000,0x00000000eac00000)
  from space 1536K, 69% used [0x00000000ead80000,0x00000000eae8c748,0x00000000eaf00000)
  to   space 1536K, 0% used [0x00000000eac00000,0x00000000eac00000,0x00000000ead80000)
 ParOldGen       total 462336K, used 461873K [0x00000000c0000000, 0x00000000dc380000, 0x00000000eab00000)
  object space 462336K, 99% used [0x00000000c0000000,0x00000000dc30c690,0x00000000dc380000)
 Metaspace       used 64692K, committed 66176K, reserved 1114112K
  class space    used 6635K, committed 7296K, reserved 1048576K
}
Event: 59.989 GC heap after
{Heap after GC invocations=588 (full 3):
 PSYoungGen      total 2560K, used 1080K [0x00000000eab00000, 0x00000000eaf00000, 0x0000000100000000)
  eden space 1024K, 0% used [0x00000000eab00000,0x00000000eab00000,0x00000000eac00000)
  from space 1536K, 70% used [0x00000000eac00000,0x00000000ead0e000,0x00000000ead80000)
  to   space 1536K, 0% used [0x00000000ead80000,0x00000000ead80000,0x00000000eaf00000)
 ParOldGen       total 463360K, used 462902K [0x00000000c0000000, 0x00000000dc480000, 0x00000000eab00000)
  object space 463360K, 99% used [0x00000000c0000000,0x00000000dc40d850,0x00000000dc480000)
 Metaspace       used 64692K, committed 66176K, reserved 1114112K
  class space    used 6635K, committed 7296K, reserved 1048576K
}
Event: 60.020 GC heap before
{Heap before GC invocations=589 (full 3):
 PSYoungGen      total 2560K, used 2104K [0x00000000eab00000, 0x00000000eaf00000, 0x0000000100000000)
  eden space 1024K, 100% used [0x00000000eab00000,0x00000000eac00000,0x00000000eac00000)
  from space 1536K, 70% used [0x00000000eac00000,0x00000000ead0e000,0x00000000ead80000)
  to   space 1536K, 0% used [0x00000000ead80000,0x00000000ead80000,0x00000000eaf00000)
 ParOldGen       total 463360K, used 462902K [0x00000000c0000000, 0x00000000dc480000, 0x00000000eab00000)
  object space 463360K, 99% used [0x00000000c0000000,0x00000000dc40d850,0x00000000dc480000)
 Metaspace       used 64692K, committed 66176K, reserved 1114112K
  class space    used 6635K, committed 7296K, reserved 1048576K
}
Event: 60.024 GC heap after
{Heap after GC invocations=589 (full 3):
 PSYoungGen      total 2560K, used 1063K [0x00000000eab00000, 0x00000000eaf00000, 0x0000000100000000)
  eden space 1024K, 0% used [0x00000000eab00000,0x00000000eab00000,0x00000000eac00000)
  from space 1536K, 69% used [0x00000000ead80000,0x00000000eae89e30,0x00000000eaf00000)
  to   space 1536K, 0% used [0x00000000eac00000,0x00000000eac00000,0x00000000ead80000)
 ParOldGen       total 464384K, used 463932K [0x00000000c0000000, 0x00000000dc580000, 0x00000000eab00000)
  object space 464384K, 99% used [0x00000000c0000000,0x00000000dc50f2f8,0x00000000dc580000)
 Metaspace       used 64692K, committed 66176K, reserved 1114112K
  class space    used 6635K, committed 7296K, reserved 1048576K
}
Event: 60.043 GC heap before
{Heap before GC invocations=590 (full 3):
 PSYoungGen      total 2560K, used 2087K [0x00000000eab00000, 0x00000000eaf00000, 0x0000000100000000)
  eden space 1024K, 100% used [0x00000000eab00000,0x00000000eac00000,0x00000000eac00000)
  from space 1536K, 69% used [0x00000000ead80000,0x00000000eae89e30,0x00000000eaf00000)
  to   space 1536K, 0% used [0x00000000eac00000,0x00000000eac00000,0x00000000ead80000)
 ParOldGen       total 464384K, used 463932K [0x00000000c0000000, 0x00000000dc580000, 0x00000000eab00000)
  object space 464384K, 99% used [0x00000000c0000000,0x00000000dc50f2f8,0x00000000dc580000)
 Metaspace       used 64692K, committed 66176K, reserved 1114112K
  class space    used 6635K, committed 7296K, reserved 1048576K
}
Event: 60.047 GC heap after
{Heap after GC invocations=590 (full 3):
 PSYoungGen      total 2560K, used 1063K [0x00000000eab00000, 0x00000000eaf00000, 0x0000000100000000)
  eden space 1024K, 0% used [0x00000000eab00000,0x00000000eab00000,0x00000000eac00000)
  from space 1536K, 69% used [0x00000000eac00000,0x00000000ead09e90,0x00000000ead80000)
  to   space 1536K, 0% used [0x00000000ead80000,0x00000000ead80000,0x00000000eaf00000)
 ParOldGen       total 465408K, used 464954K [0x00000000c0000000, 0x00000000dc680000, 0x00000000eab00000)
  object space 465408K, 99% used [0x00000000c0000000,0x00000000dc60ebc0,0x00000000dc680000)
 Metaspace       used 64692K, committed 66176K, reserved 1114112K
  class space    used 6635K, committed 7296K, reserved 1048576K
}
Event: 60.080 GC heap before
{Heap before GC invocations=591 (full 3):
 PSYoungGen      total 2560K, used 2087K [0x00000000eab00000, 0x00000000eaf00000, 0x0000000100000000)
  eden space 1024K, 100% used [0x00000000eab00000,0x00000000eac00000,0x00000000eac00000)
  from space 1536K, 69% used [0x00000000eac00000,0x00000000ead09e90,0x00000000ead80000)
  to   space 1536K, 0% used [0x00000000ead80000,0x00000000ead80000,0x00000000eaf00000)
 ParOldGen       total 465408K, used 464954K [0x00000000c0000000, 0x00000000dc680000, 0x00000000eab00000)
  object space 465408K, 99% used [0x00000000c0000000,0x00000000dc60ebc0,0x00000000dc680000)
 Metaspace       used 64692K, committed 66176K, reserved 1114112K
  class space    used 6635K, committed 7296K, reserved 1048576K
}

