# JRE version: OpenJDK Runtime Environment Temurin-21.0.7+6 (21.0.7+6) (build 21.0.7+6-LTS)
# Java VM: OpenJDK 64-Bit Server VM Temurin-21.0.7+6 (21.0.7+6-LTS, mixed mode, sharing, tiered, compressed oops, compressed class ptrs, parallel gc, windows-amd64)
GC Precious Log:
 CardTable entry size: 512
 CPUs: 4 total, 4 available
 Memory: 8089M
 Large Page Support: Disabled
 NUMA Support: Disabled
 Compressed Oops: Enabled (32-bit)
 Alignments: Space 512K, Generation 512K, Heap 2M
 Heap Min Capacity: 100M
 Heap Initial Capacity: 100M
 Heap Max Capacity: 1G
 Pre-touch: Disabled
 Parallel Workers: 4
Heap:
 PSYoungGen      total 2048K, used 2030K [0x00000000eab00000, 0x00000000eb080000, 0x0000000100000000)
  eden space 1536K, 100% used [0x00000000eab00000,0x00000000eac80000,0x00000000eac80000)
  from space 512K, 96% used [0x00000000ead80000,0x00000000eadfb978,0x00000000eae00000)
  to   space 2048K, 57% used [0x00000000eae80000,0x00000000eafa8000,0x00000000eb080000)
 ParOldGen       total 233984K, used 233958K [0x00000000c0000000, 0x00000000ce480000, 0x00000000eab00000)
  object space 233984K, 99% used [0x00000000c0000000,0x00000000ce479888,0x00000000ce480000)
 Metaspace       used 73291K, committed 74688K, reserved 1179648K
  class space    used 7354K, committed 7936K, reserved 1048576K
GC Heap History (20 events):
Event: 3469.537 GC heap after
{Heap after GC invocations=1342 (full 5):
 PSYoungGen      total 2048K, used 416K [0x00000000eab00000, 0x00000000eae80000, 0x0000000100000000)
  eden space 1536K, 0% used [0x00000000eab00000,0x00000000eab00000,0x00000000eac80000)
  from space 512K, 81% used [0x00000000ead80000,0x00000000eade8000,0x00000000eae00000)
  to   space 512K, 0% used [0x00000000eae00000,0x00000000eae00000,0x00000000eae80000)
 ParOldGen       total 231936K, used 231473K [0x00000000c0000000, 0x00000000ce280000, 0x00000000eab00000)
  object space 231936K, 99% used [0x00000000c0000000,0x00000000ce20c4a8,0x00000000ce280000)
 Metaspace       used 73207K, committed 74624K, reserved 1179648K
  class space    used 7352K, committed 7936K, reserved 1048576K
}
Event: 3469.560 GC heap before
{Heap before GC invocations=1343 (full 5):
 PSYoungGen      total 2048K, used 1951K [0x00000000eab00000, 0x00000000eae80000, 0x0000000100000000)
  eden space 1536K, 99% used [0x00000000eab00000,0x00000000eac7fff0,0x00000000eac80000)
  from space 512K, 81% used [0x00000000ead80000,0x00000000eade8000,0x00000000eae00000)
  to   space 512K, 0% used [0x00000000eae00000,0x00000000eae00000,0x00000000eae80000)
 ParOldGen       total 231936K, used 231473K [0x00000000c0000000, 0x00000000ce280000, 0x00000000eab00000)
  object space 231936K, 99% used [0x00000000c0000000,0x00000000ce20c4a8,0x00000000ce280000)
 Metaspace       used 73224K, committed 74688K, reserved 1179648K
  class space    used 7352K, committed 7936K, reserved 1048576K
}
Event: 3469.562 GC heap after
{Heap after GC invocations=1343 (full 5):
 PSYoungGen      total 2048K, used 218K [0x00000000eab00000, 0x00000000eae80000, 0x0000000100000000)
  eden space 1536K, 0% used [0x00000000eab00000,0x00000000eab00000,0x00000000eac80000)
  from space 512K, 42% used [0x00000000eae00000,0x00000000eae36920,0x00000000eae80000)
  to   space 512K, 0% used [0x00000000ead80000,0x00000000ead80000,0x00000000eae00000)
 ParOldGen       total 231936K, used 231761K [0x00000000c0000000, 0x00000000ce280000, 0x00000000eab00000)
  object space 231936K, 99% used [0x00000000c0000000,0x00000000ce2544a8,0x00000000ce280000)
 Metaspace       used 73224K, committed 74688K, reserved 1179648K
  class space    used 7352K, committed 7936K, reserved 1048576K
}
Event: 3469.590 GC heap before
{Heap before GC invocations=1344 (full 5):
 PSYoungGen      total 2048K, used 1754K [0x00000000eab00000, 0x00000000eae80000, 0x0000000100000000)
  eden space 1536K, 99% used [0x00000000eab00000,0x00000000eac7fff0,0x00000000eac80000)
  from space 512K, 42% used [0x00000000eae00000,0x00000000eae36920,0x00000000eae80000)
  to   space 512K, 0% used [0x00000000ead80000,0x00000000ead80000,0x00000000eae00000)
 ParOldGen       total 231936K, used 231761K [0x00000000c0000000, 0x00000000ce280000, 0x00000000eab00000)
  object space 231936K, 99% used [0x00000000c0000000,0x00000000ce2544a8,0x00000000ce280000)
 Metaspace       used 73232K, committed 74688K, reserved 1179648K
  class space    used 7352K, committed 7936K, reserved 1048576K
}
Event: 3469.593 GC heap after
{Heap after GC invocations=1344 (full 5):
 PSYoungGen      total 2048K, used 336K [0x00000000eab00000, 0x00000000eae80000, 0x0000000100000000)
  eden space 1536K, 0% used [0x00000000eab00000,0x00000000eab00000,0x00000000eac80000)
  from space 512K, 65% used [0x00000000ead80000,0x00000000eadd4010,0x00000000eae00000)
  to   space 512K, 0% used [0x00000000eae00000,0x00000000eae00000,0x00000000eae80000)
 ParOldGen       total 232448K, used 231937K [0x00000000c0000000, 0x00000000ce300000, 0x00000000eab00000)
  object space 232448K, 99% used [0x00000000c0000000,0x00000000ce280720,0x00000000ce300000)
 Metaspace       used 73232K, committed 74688K, reserved 1179648K
  class space    used 7352K, committed 7936K, reserved 1048576K
}
Event: 3469.636 GC heap before
{Heap before GC invocations=1345 (full 5):
 PSYoungGen      total 2048K, used 1872K [0x00000000eab00000, 0x00000000eae80000, 0x0000000100000000)
  eden space 1536K, 99% used [0x00000000eab00000,0x00000000eac7fff8,0x00000000eac80000)
  from space 512K, 65% used [0x00000000ead80000,0x00000000eadd4010,0x00000000eae00000)
  to   space 512K, 0% used [0x00000000eae00000,0x00000000eae00000,0x00000000eae80000)
 ParOldGen       total 232448K, used 231937K [0x00000000c0000000, 0x00000000ce300000, 0x00000000eab00000)
  object space 232448K, 99% used [0x00000000c0000000,0x00000000ce280720,0x00000000ce300000)
 Metaspace       used 73233K, committed 74688K, reserved 1179648K
  class space    used 7352K, committed 7936K, reserved 1048576K
}
Event: 3469.638 GC heap after
{Heap after GC invocations=1345 (full 5):
 PSYoungGen      total 2048K, used 160K [0x00000000eab00000, 0x00000000eae80000, 0x0000000100000000)
  eden space 1536K, 0% used [0x00000000eab00000,0x00000000eab00000,0x00000000eac80000)
  from space 512K, 31% used [0x00000000eae00000,0x00000000eae28000,0x00000000eae80000)
  to   space 512K, 0% used [0x00000000ead80000,0x00000000ead80000,0x00000000eae00000)
 ParOldGen       total 232448K, used 232241K [0x00000000c0000000, 0x00000000ce300000, 0x00000000eab00000)
  object space 232448K, 99% used [0x00000000c0000000,0x00000000ce2cc730,0x00000000ce300000)
 Metaspace       used 73233K, committed 74688K, reserved 1179648K
  class space    used 7352K, committed 7936K, reserved 1048576K
}
Event: 3469.676 GC heap before
{Heap before GC invocations=1346 (full 5):
 PSYoungGen      total 2048K, used 1696K [0x00000000eab00000, 0x00000000eae80000, 0x0000000100000000)
  eden space 1536K, 100% used [0x00000000eab00000,0x00000000eac80000,0x00000000eac80000)
  from space 512K, 31% used [0x00000000eae00000,0x00000000eae28000,0x00000000eae80000)
  to   space 512K, 0% used [0x00000000ead80000,0x00000000ead80000,0x00000000eae00000)
 ParOldGen       total 232448K, used 232241K [0x00000000c0000000, 0x00000000ce300000, 0x00000000eab00000)
  object space 232448K, 99% used [0x00000000c0000000,0x00000000ce2cc730,0x00000000ce300000)
 Metaspace       used 73240K, committed 74688K, reserved 1179648K
  class space    used 7352K, committed 7936K, reserved 1048576K
}
Event: 3469.679 GC heap after
{Heap after GC invocations=1346 (full 5):
 PSYoungGen      total 2048K, used 224K [0x00000000eab00000, 0x00000000eae80000, 0x0000000100000000)
  eden space 1536K, 0% used [0x00000000eab00000,0x00000000eab00000,0x00000000eac80000)
  from space 512K, 43% used [0x00000000ead80000,0x00000000eadb8000,0x00000000eae00000)
  to   space 512K, 0% used [0x00000000eae00000,0x00000000eae00000,0x00000000eae80000)
 ParOldGen       total 232448K, used 232345K [0x00000000c0000000, 0x00000000ce300000, 0x00000000eab00000)
  object space 232448K, 99% used [0x00000000c0000000,0x00000000ce2e6730,0x00000000ce300000)
 Metaspace       used 73240K, committed 74688K, reserved 1179648K
  class space    used 7352K, committed 7936K, reserved 1048576K
}
Event: 3469.708 GC heap before
{Heap before GC invocations=1347 (full 5):
 PSYoungGen      total 2048K, used 1760K [0x00000000eab00000, 0x00000000eae80000, 0x0000000100000000)
  eden space 1536K, 100% used [0x00000000eab00000,0x00000000eac80000,0x00000000eac80000)
  from space 512K, 43% used [0x00000000ead80000,0x00000000eadb8000,0x00000000eae00000)
  to   space 512K, 0% used [0x00000000eae00000,0x00000000eae00000,0x00000000eae80000)
 ParOldGen       total 232448K, used 232345K [0x00000000c0000000, 0x00000000ce300000, 0x00000000eab00000)
  object space 232448K, 99% used [0x00000000c0000000,0x00000000ce2e6730,0x00000000ce300000)
 Metaspace       used 73244K, committed 74688K, reserved 1179648K
  class space    used 7352K, committed 7936K, reserved 1048576K
}
Event: 3469.709 GC heap after
{Heap after GC invocations=1347 (full 5):
 PSYoungGen      total 2048K, used 160K [0x00000000eab00000, 0x00000000eae80000, 0x0000000100000000)
  eden space 1536K, 0% used [0x00000000eab00000,0x00000000eab00000,0x00000000eac80000)
  from space 512K, 31% used [0x00000000eae00000,0x00000000eae28000,0x00000000eae80000)
  to   space 512K, 0% used [0x00000000ead80000,0x00000000ead80000,0x00000000eae00000)
 ParOldGen       total 232960K, used 232561K [0x00000000c0000000, 0x00000000ce380000, 0x00000000eab00000)
  object space 232960K, 99% used [0x00000000c0000000,0x00000000ce31c750,0x00000000ce380000)
 Metaspace       used 73244K, committed 74688K, reserved 1179648K
  class space    used 7352K, committed 7936K, reserved 1048576K
}
Event: 3469.804 GC heap before
{Heap before GC invocations=1348 (full 5):
 PSYoungGen      total 2048K, used 1696K [0x00000000eab00000, 0x00000000eae80000, 0x0000000100000000)
  eden space 1536K, 100% used [0x00000000eab00000,0x00000000eac80000,0x00000000eac80000)
  from space 512K, 31% used [0x00000000eae00000,0x00000000eae28000,0x00000000eae80000)
  to   space 512K, 0% used [0x00000000ead80000,0x00000000ead80000,0x00000000eae00000)
 ParOldGen       total 232960K, used 232561K [0x00000000c0000000, 0x00000000ce380000, 0x00000000eab00000)
  object space 232960K, 99% used [0x00000000c0000000,0x00000000ce31c750,0x00000000ce380000)
 Metaspace       used 73265K, committed 74688K, reserved 1179648K
  class space    used 7354K, committed 7936K, reserved 1048576K
}
Event: 3469.807 GC heap after
{Heap after GC invocations=1348 (full 5):
 PSYoungGen      total 2048K, used 224K [0x00000000eab00000, 0x00000000eae80000, 0x0000000100000000)
  eden space 1536K, 0% used [0x00000000eab00000,0x00000000eab00000,0x00000000eac80000)
  from space 512K, 43% used [0x00000000ead80000,0x00000000eadb8000,0x00000000eae00000)
  to   space 512K, 0% used [0x00000000eae00000,0x00000000eae00000,0x00000000eae80000)
 ParOldGen       total 232960K, used 232657K [0x00000000c0000000, 0x00000000ce380000, 0x00000000eab00000)
  object space 232960K, 99% used [0x00000000c0000000,0x00000000ce334750,0x00000000ce380000)
 Metaspace       used 73265K, committed 74688K, reserved 1179648K
  class space    used 7354K, committed 7936K, reserved 1048576K
}
Event: 3469.858 GC heap before
{Heap before GC invocations=1349 (full 5):
 PSYoungGen      total 2048K, used 1738K [0x00000000eab00000, 0x00000000eae80000, 0x0000000100000000)
  eden space 1536K, 98% used [0x00000000eab00000,0x00000000eac7a9c8,0x00000000eac80000)
  from space 512K, 43% used [0x00000000ead80000,0x00000000eadb8000,0x00000000eae00000)
  to   space 512K, 0% used [0x00000000eae00000,0x00000000eae00000,0x00000000eae80000)
 ParOldGen       total 232960K, used 232657K [0x00000000c0000000, 0x00000000ce380000, 0x00000000eab00000)
  object space 232960K, 99% used [0x00000000c0000000,0x00000000ce334750,0x00000000ce380000)
 Metaspace       used 73268K, committed 74688K, reserved 1179648K
  class space    used 7354K, committed 7936K, reserved 1048576K
}
Event: 3469.860 GC heap after
{Heap after GC invocations=1349 (full 5):
 PSYoungGen      total 2048K, used 224K [0x00000000eab00000, 0x00000000eae80000, 0x0000000100000000)
  eden space 1536K, 0% used [0x00000000eab00000,0x00000000eab00000,0x00000000eac80000)
  from space 512K, 43% used [0x00000000eae00000,0x00000000eae38000,0x00000000eae80000)
  to   space 512K, 0% used [0x00000000ead80000,0x00000000ead80000,0x00000000eae00000)
 ParOldGen       total 232960K, used 232837K [0x00000000c0000000, 0x00000000ce380000, 0x00000000eab00000)
  object space 232960K, 99% used [0x00000000c0000000,0x00000000ce361780,0x00000000ce380000)
 Metaspace       used 73268K, committed 74688K, reserved 1179648K
  class space    used 7354K, committed 7936K, reserved 1048576K
}
Event: 3469.878 GC heap before
{Heap before GC invocations=1350 (full 5):
 PSYoungGen      total 2048K, used 1760K [0x00000000eab00000, 0x00000000eae80000, 0x0000000100000000)
  eden space 1536K, 100% used [0x00000000eab00000,0x00000000eac80000,0x00000000eac80000)
  from space 512K, 43% used [0x00000000eae00000,0x00000000eae38000,0x00000000eae80000)
  to   space 512K, 0% used [0x00000000ead80000,0x00000000ead80000,0x00000000eae00000)
 ParOldGen       total 232960K, used 232837K [0x00000000c0000000, 0x00000000ce380000, 0x00000000eab00000)
  object space 232960K, 99% used [0x00000000c0000000,0x00000000ce361780,0x00000000ce380000)
 Metaspace       used 73278K, committed 74688K, reserved 1179648K
  class space    used 7354K, committed 7936K, reserved 1048576K
}
Event: 3469.883 GC heap after
{Heap after GC invocations=1350 (full 5):
 PSYoungGen      total 2048K, used 494K [0x00000000eab00000, 0x00000000eb080000, 0x0000000100000000)
  eden space 1536K, 0% used [0x00000000eab00000,0x00000000eab00000,0x00000000eac80000)
  from space 512K, 96% used [0x00000000ead80000,0x00000000eadfb978,0x00000000eae00000)
  to   space 2048K, 0% used [0x00000000eae80000,0x00000000eae80000,0x00000000eb080000)
 ParOldGen       total 233984K, used 233880K [0x00000000c0000000, 0x00000000ce480000, 0x00000000eab00000)
  object space 233984K, 99% used [0x00000000c0000000,0x00000000ce466108,0x00000000ce480000)
 Metaspace       used 73278K, committed 74688K, reserved 1179648K
  class space    used 7354K, committed 7936K, reserved 1048576K
}
Event: 3469.901 GC heap before
{Heap before GC invocations=1351 (full 5):
 PSYoungGen      total 2048K, used 2030K [0x00000000eab00000, 0x00000000eb080000, 0x0000000100000000)
  eden space 1536K, 100% used [0x00000000eab00000,0x00000000eac80000,0x00000000eac80000)
  from space 512K, 96% used [0x00000000ead80000,0x00000000eadfb978,0x00000000eae00000)
  to   space 2048K, 0% used [0x00000000eae80000,0x00000000eae80000,0x00000000eb080000)
 ParOldGen       total 233984K, used 233880K [0x00000000c0000000, 0x00000000ce480000, 0x00000000eab00000)
  object space 233984K, 99% used [0x00000000c0000000,0x00000000ce466108,0x00000000ce480000)
 Metaspace       used 73291K, committed 74688K, reserved 1179648K
  class space    used 7354K, committed 7936K, reserved 1048576K
}
Event: 3469.904 GC heap after
{Heap after GC invocations=1351 (full 5):
 PSYoungGen      total 2048K, used 2030K [0x00000000eab00000, 0x00000000eb080000, 0x0000000100000000)
  eden space 1536K, 100% used [0x00000000eab00000,0x00000000eac80000,0x00000000eac80000)
  from space 512K, 96% used [0x00000000ead80000,0x00000000eadfb978,0x00000000eae00000)
  to   space 2048K, 57% used [0x00000000eae80000,0x00000000eafa8000,0x00000000eb080000)
 ParOldGen       total 233984K, used 233958K [0x00000000c0000000, 0x00000000ce480000, 0x00000000eab00000)
  object space 233984K, 99% used [0x00000000c0000000,0x00000000ce479888,0x00000000ce480000)
 Metaspace       used 73291K, committed 74688K, reserved 1179648K
  class space    used 7354K, committed 7936K, reserved 1048576K
}
Event: 3469.904 GC heap before
{Heap before GC invocations=1352 (full 6):
 PSYoungGen      total 2048K, used 2030K [0x00000000eab00000, 0x00000000eb080000, 0x0000000100000000)
  eden space 1536K, 100% used [0x00000000eab00000,0x00000000eac80000,0x00000000eac80000)
  from space 512K, 96% used [0x00000000ead80000,0x00000000eadfb978,0x00000000eae00000)
  to   space 2048K, 57% used [0x00000000eae80000,0x00000000eafa8000,0x00000000eb080000)
 ParOldGen       total 233984K, used 233958K [0x00000000c0000000, 0x00000000ce480000, 0x00000000eab00000)
  object space 233984K, 99% used [0x00000000c0000000,0x00000000ce479888,0x00000000ce480000)
 Metaspace       used 73291K, committed 74688K, reserved 1179648K
  class space    used 7354K, committed 7936K, reserved 1048576K
}

