# JRE version: OpenJDK Runtime Environment Temurin-21.0.6+7 (21.0.6+7) (build 21.0.6+7-LTS)
# Java VM: OpenJDK 64-Bit Server VM Temurin-21.0.6+7 (21.0.6+7-LTS, mixed mode, sharing, tiered, compressed oops, compressed class ptrs, parallel gc, windows-amd64)
GC Precious Log:
 CardTable entry size: 512
 CPUs: 4 total, 4 available
 Memory: 8089M
 Large Page Support: Disabled
 NUMA Support: Disabled
 Compressed Oops: Enabled (32-bit)
 Alignments: Space 512K, Generation 512K, Heap 2M
 Heap Min Capacity: 100M
 Heap Initial Capacity: 100M
 Heap Max Capacity: 1G
 Pre-touch: Disabled
 Parallel Workers: 4
Heap:
 PSYoungGen      total 2048K, used 1228K [0x00000000eab00000, 0x00000000eb280000, 0x0000000100000000)
  eden space 1024K, 35% used [0x00000000eab00000,0x00000000eab5b240,0x00000000eac00000)
  from space 1024K, 84% used [0x00000000eb080000,0x00000000eb158040,0x00000000eb180000)
  to   space 1024K, 0% used [0x00000000eb180000,0x00000000eb180000,0x00000000eb280000)
 ParOldGen       total 275968K, used 250849K [0x00000000c0000000, 0x00000000d0d80000, 0x00000000eab00000)
  object space 275968K, 90% used [0x00000000c0000000,0x00000000cf4f8718,0x00000000d0d80000)
 Metaspace       used 70098K, committed 71744K, reserved 1114112K
  class space    used 7173K, committed 7872K, reserved 1048576K
GC Heap History (20 events):
Event: 421.756 GC heap before
{Heap before GC invocations=1261 (full 4):
 PSYoungGen      total 8704K, used 8192K [0x00000000eab00000, 0x00000000eb880000, 0x0000000100000000)
  eden space 4608K, 100% used [0x00000000eab00000,0x00000000eaf80000,0x00000000eaf80000)
  from space 4096K, 87% used [0x00000000eaf80000,0x00000000eb300000,0x00000000eb380000)
  to   space 4096K, 0% used [0x00000000eb480000,0x00000000eb480000,0x00000000eb880000)
 ParOldGen       total 309248K, used 309169K [0x00000000c0000000, 0x00000000d2e00000, 0x00000000eab00000)
  object space 309248K, 99% used [0x00000000c0000000,0x00000000d2dec600,0x00000000d2e00000)
 Metaspace       used 69759K, committed 71360K, reserved 1114112K
  class space    used 7144K, committed 7808K, reserved 1048576K
}
Event: 421.769 GC heap after
{Heap after GC invocations=1261 (full 4):
 PSYoungGen      total 9216K, used 3552K [0x00000000eab00000, 0x00000000eb800000, 0x0000000100000000)
  eden space 5632K, 0% used [0x00000000eab00000,0x00000000eab00000,0x00000000eb080000)
  from space 3584K, 99% used [0x00000000eb480000,0x00000000eb7f8000,0x00000000eb800000)
  to   space 3584K, 0% used [0x00000000eb100000,0x00000000eb100000,0x00000000eb480000)
 ParOldGen       total 312832K, used 312705K [0x00000000c0000000, 0x00000000d3180000, 0x00000000eab00000)
  object space 312832K, 99% used [0x00000000c0000000,0x00000000d3160600,0x00000000d3180000)
 Metaspace       used 69759K, committed 71360K, reserved 1114112K
  class space    used 7144K, committed 7808K, reserved 1048576K
}
Event: 693.572 GC heap before
{Heap before GC invocations=1262 (full 4):
 PSYoungGen      total 9216K, used 9184K [0x00000000eab00000, 0x00000000eb800000, 0x0000000100000000)
  eden space 5632K, 100% used [0x00000000eab00000,0x00000000eb080000,0x00000000eb080000)
  from space 3584K, 99% used [0x00000000eb480000,0x00000000eb7f8000,0x00000000eb800000)
  to   space 3584K, 0% used [0x00000000eb100000,0x00000000eb100000,0x00000000eb480000)
 ParOldGen       total 312832K, used 312705K [0x00000000c0000000, 0x00000000d3180000, 0x00000000eab00000)
  object space 312832K, 99% used [0x00000000c0000000,0x00000000d3160600,0x00000000d3180000)
 Metaspace       used 69798K, committed 71424K, reserved 1114112K
  class space    used 7146K, committed 7808K, reserved 1048576K
}
Event: 693.590 GC heap after
{Heap after GC invocations=1262 (full 4):
 PSYoungGen      total 9728K, used 2308K [0x00000000eab00000, 0x00000000eb800000, 0x0000000100000000)
  eden space 6144K, 0% used [0x00000000eab00000,0x00000000eab00000,0x00000000eb100000)
  from space 3584K, 64% used [0x00000000eb100000,0x00000000eb341230,0x00000000eb480000)
  to   space 3072K, 0% used [0x00000000eb500000,0x00000000eb500000,0x00000000eb800000)
 ParOldGen       total 316416K, used 316233K [0x00000000c0000000, 0x00000000d3500000, 0x00000000eab00000)
  object space 316416K, 99% used [0x00000000c0000000,0x00000000d34d2600,0x00000000d3500000)
 Metaspace       used 69798K, committed 71424K, reserved 1114112K
  class space    used 7146K, committed 7808K, reserved 1048576K
}
Event: 695.118 GC heap before
{Heap before GC invocations=1263 (full 4):
 PSYoungGen      total 9728K, used 8452K [0x00000000eab00000, 0x00000000eb800000, 0x0000000100000000)
  eden space 6144K, 100% used [0x00000000eab00000,0x00000000eb100000,0x00000000eb100000)
  from space 3584K, 64% used [0x00000000eb100000,0x00000000eb341230,0x00000000eb480000)
  to   space 3072K, 0% used [0x00000000eb500000,0x00000000eb500000,0x00000000eb800000)
 ParOldGen       total 316416K, used 316233K [0x00000000c0000000, 0x00000000d3500000, 0x00000000eab00000)
  object space 316416K, 99% used [0x00000000c0000000,0x00000000d34d2600,0x00000000d3500000)
 Metaspace       used 69818K, committed 71424K, reserved 1114112K
  class space    used 7147K, committed 7808K, reserved 1048576K
}
Event: 695.126 GC heap after
{Heap after GC invocations=1263 (full 4):
 PSYoungGen      total 7168K, used 596K [0x00000000eab00000, 0x00000000eb600000, 0x0000000100000000)
  eden space 6144K, 0% used [0x00000000eab00000,0x00000000eab00000,0x00000000eb100000)
  from space 1024K, 58% used [0x00000000eb500000,0x00000000eb595200,0x00000000eb600000)
  to   space 1536K, 0% used [0x00000000eb300000,0x00000000eb300000,0x00000000eb480000)
 ParOldGen       total 318464K, used 318137K [0x00000000c0000000, 0x00000000d3700000, 0x00000000eab00000)
  object space 318464K, 99% used [0x00000000c0000000,0x00000000d36ae620,0x00000000d3700000)
 Metaspace       used 69818K, committed 71424K, reserved 1114112K
  class space    used 7147K, committed 7808K, reserved 1048576K
}
Event: 699.943 GC heap before
{Heap before GC invocations=1264 (full 4):
 PSYoungGen      total 7168K, used 6737K [0x00000000eab00000, 0x00000000eb600000, 0x0000000100000000)
  eden space 6144K, 99% used [0x00000000eab00000,0x00000000eb0ff5d0,0x00000000eb100000)
  from space 1024K, 58% used [0x00000000eb500000,0x00000000eb595200,0x00000000eb600000)
  to   space 1536K, 0% used [0x00000000eb300000,0x00000000eb300000,0x00000000eb480000)
 ParOldGen       total 318464K, used 318137K [0x00000000c0000000, 0x00000000d3700000, 0x00000000eab00000)
  object space 318464K, 99% used [0x00000000c0000000,0x00000000d36ae620,0x00000000d3700000)
 Metaspace       used 69897K, committed 71424K, reserved 1114112K
  class space    used 7154K, committed 7808K, reserved 1048576K
}
Event: 699.948 GC heap after
{Heap after GC invocations=1264 (full 4):
 PSYoungGen      total 7680K, used 909K [0x00000000eab00000, 0x00000000eb580000, 0x0000000100000000)
  eden space 6144K, 0% used [0x00000000eab00000,0x00000000eab00000,0x00000000eb100000)
  from space 1536K, 59% used [0x00000000eb300000,0x00000000eb3e3510,0x00000000eb480000)
  to   space 1024K, 0% used [0x00000000eb480000,0x00000000eb480000,0x00000000eb580000)
 ParOldGen       total 318464K, used 318161K [0x00000000c0000000, 0x00000000d3700000, 0x00000000eab00000)
  object space 318464K, 99% used [0x00000000c0000000,0x00000000d36b4620,0x00000000d3700000)
 Metaspace       used 69897K, committed 71424K, reserved 1114112K
  class space    used 7154K, committed 7808K, reserved 1048576K
}
Event: 764.957 GC heap before
{Heap before GC invocations=1265 (full 4):
 PSYoungGen      total 7680K, used 6670K [0x00000000eab00000, 0x00000000eb580000, 0x0000000100000000)
  eden space 6144K, 93% used [0x00000000eab00000,0x00000000eb0a06e0,0x00000000eb100000)
  from space 1536K, 59% used [0x00000000eb300000,0x00000000eb3e3510,0x00000000eb480000)
  to   space 1024K, 0% used [0x00000000eb480000,0x00000000eb480000,0x00000000eb580000)
 ParOldGen       total 318464K, used 318161K [0x00000000c0000000, 0x00000000d3700000, 0x00000000eab00000)
  object space 318464K, 99% used [0x00000000c0000000,0x00000000d36b4620,0x00000000d3700000)
 Metaspace       used 70083K, committed 71744K, reserved 1114112K
  class space    used 7173K, committed 7872K, reserved 1048576K
}
Event: 764.966 GC heap after
{Heap after GC invocations=1265 (full 4):
 PSYoungGen      total 7168K, used 999K [0x00000000eab00000, 0x00000000eb800000, 0x0000000100000000)
  eden space 6144K, 0% used [0x00000000eab00000,0x00000000eab00000,0x00000000eb100000)
  from space 1024K, 97% used [0x00000000eb480000,0x00000000eb579d00,0x00000000eb580000)
  to   space 3584K, 0% used [0x00000000eb100000,0x00000000eb100000,0x00000000eb480000)
 ParOldGen       total 320512K, used 320054K [0x00000000c0000000, 0x00000000d3900000, 0x00000000eab00000)
  object space 320512K, 99% used [0x00000000c0000000,0x00000000d388da30,0x00000000d3900000)
 Metaspace       used 70083K, committed 71744K, reserved 1114112K
  class space    used 7173K, committed 7872K, reserved 1048576K
}
Event: 765.818 GC heap before
{Heap before GC invocations=1266 (full 4):
 PSYoungGen      total 7168K, used 6569K [0x00000000eab00000, 0x00000000eb800000, 0x0000000100000000)
  eden space 6144K, 90% used [0x00000000eab00000,0x00000000eb070860,0x00000000eb100000)
  from space 1024K, 97% used [0x00000000eb480000,0x00000000eb579d00,0x00000000eb580000)
  to   space 3584K, 0% used [0x00000000eb100000,0x00000000eb100000,0x00000000eb480000)
 ParOldGen       total 320512K, used 320054K [0x00000000c0000000, 0x00000000d3900000, 0x00000000eab00000)
  object space 320512K, 99% used [0x00000000c0000000,0x00000000d388da30,0x00000000d3900000)
 Metaspace       used 70092K, committed 71744K, reserved 1114112K
  class space    used 7173K, committed 7872K, reserved 1048576K
}
Event: 765.827 GC heap after
{Heap after GC invocations=1266 (full 4):
 PSYoungGen      total 9728K, used 3563K [0x00000000eab00000, 0x00000000ebb00000, 0x0000000100000000)
  eden space 6144K, 0% used [0x00000000eab00000,0x00000000eab00000,0x00000000eb100000)
  from space 3584K, 99% used [0x00000000eb100000,0x00000000eb47ad00,0x00000000eb480000)
  to   space 5120K, 0% used [0x00000000eb600000,0x00000000eb600000,0x00000000ebb00000)
 ParOldGen       total 321536K, used 321086K [0x00000000c0000000, 0x00000000d3a00000, 0x00000000eab00000)
  object space 321536K, 99% used [0x00000000c0000000,0x00000000d398fa50,0x00000000d3a00000)
 Metaspace       used 70092K, committed 71744K, reserved 1114112K
  class space    used 7173K, committed 7872K, reserved 1048576K
}
Event: 766.651 GC heap before
{Heap before GC invocations=1267 (full 4):
 PSYoungGen      total 9728K, used 9707K [0x00000000eab00000, 0x00000000ebb00000, 0x0000000100000000)
  eden space 6144K, 100% used [0x00000000eab00000,0x00000000eb100000,0x00000000eb100000)
  from space 3584K, 99% used [0x00000000eb100000,0x00000000eb47ad00,0x00000000eb480000)
  to   space 5120K, 0% used [0x00000000eb600000,0x00000000eb600000,0x00000000ebb00000)
 ParOldGen       total 321536K, used 321086K [0x00000000c0000000, 0x00000000d3a00000, 0x00000000eab00000)
  object space 321536K, 99% used [0x00000000c0000000,0x00000000d398fa50,0x00000000d3a00000)
 Metaspace       used 70093K, committed 71744K, reserved 1114112K
  class space    used 7173K, committed 7872K, reserved 1048576K
}
Event: 766.665 GC heap after
{Heap after GC invocations=1267 (full 4):
 PSYoungGen      total 6144K, used 5100K [0x00000000eab00000, 0x00000000ec500000, 0x0000000100000000)
  eden space 1024K, 0% used [0x00000000eab00000,0x00000000eab00000,0x00000000eac00000)
  from space 5120K, 99% used [0x00000000eb600000,0x00000000ebafb030,0x00000000ebb00000)
  to   space 10240K, 0% used [0x00000000eac00000,0x00000000eac00000,0x00000000eb600000)
 ParOldGen       total 325120K, used 325026K [0x00000000c0000000, 0x00000000d3d80000, 0x00000000eab00000)
  object space 325120K, 99% used [0x00000000c0000000,0x00000000d3d68860,0x00000000d3d80000)
 Metaspace       used 70093K, committed 71744K, reserved 1114112K
  class space    used 7173K, committed 7872K, reserved 1048576K
}
Event: 766.841 GC heap before
{Heap before GC invocations=1268 (full 4):
 PSYoungGen      total 6144K, used 6124K [0x00000000eab00000, 0x00000000ec500000, 0x0000000100000000)
  eden space 1024K, 100% used [0x00000000eab00000,0x00000000eac00000,0x00000000eac00000)
  from space 5120K, 99% used [0x00000000eb600000,0x00000000ebafb030,0x00000000ebb00000)
  to   space 10240K, 0% used [0x00000000eac00000,0x00000000eac00000,0x00000000eb600000)
 ParOldGen       total 325120K, used 325026K [0x00000000c0000000, 0x00000000d3d80000, 0x00000000eab00000)
  object space 325120K, 99% used [0x00000000c0000000,0x00000000d3d68860,0x00000000d3d80000)
 Metaspace       used 70093K, committed 71744K, reserved 1114112K
  class space    used 7173K, committed 7872K, reserved 1048576K
}
Event: 766.851 GC heap after
{Heap after GC invocations=1268 (full 4):
 PSYoungGen      total 2048K, used 1024K [0x00000000eab00000, 0x00000000eb680000, 0x0000000100000000)
  eden space 1024K, 0% used [0x00000000eab00000,0x00000000eab00000,0x00000000eac00000)
  from space 1024K, 100% used [0x00000000eac00000,0x00000000ead00000,0x00000000ead00000)
  to   space 4096K, 0% used [0x00000000eb280000,0x00000000eb280000,0x00000000eb680000)
 ParOldGen       total 330240K, used 330166K [0x00000000c0000000, 0x00000000d4280000, 0x00000000eab00000)
  object space 330240K, 99% used [0x00000000c0000000,0x00000000d426d890,0x00000000d4280000)
 Metaspace       used 70093K, committed 71744K, reserved 1114112K
  class space    used 7173K, committed 7872K, reserved 1048576K
}
Event: 766.982 GC heap before
{Heap before GC invocations=1269 (full 4):
 PSYoungGen      total 2048K, used 2048K [0x00000000eab00000, 0x00000000eb680000, 0x0000000100000000)
  eden space 1024K, 100% used [0x00000000eab00000,0x00000000eac00000,0x00000000eac00000)
  from space 1024K, 100% used [0x00000000eac00000,0x00000000ead00000,0x00000000ead00000)
  to   space 4096K, 0% used [0x00000000eb280000,0x00000000eb280000,0x00000000eb680000)
 ParOldGen       total 330240K, used 330166K [0x00000000c0000000, 0x00000000d4280000, 0x00000000eab00000)
  object space 330240K, 99% used [0x00000000c0000000,0x00000000d426d890,0x00000000d4280000)
 Metaspace       used 70094K, committed 71744K, reserved 1114112K
  class space    used 7173K, committed 7872K, reserved 1048576K
}
Event: 766.987 GC heap after
{Heap after GC invocations=1269 (full 4):
 PSYoungGen      total 2048K, used 960K [0x00000000eab00000, 0x00000000eb380000, 0x0000000100000000)
  eden space 1024K, 0% used [0x00000000eab00000,0x00000000eab00000,0x00000000eac00000)
  from space 1024K, 93% used [0x00000000eb280000,0x00000000eb370000,0x00000000eb380000)
  to   space 1536K, 0% used [0x00000000eb080000,0x00000000eb080000,0x00000000eb200000)
 ParOldGen       total 331264K, used 331174K [0x00000000c0000000, 0x00000000d4380000, 0x00000000eab00000)
  object space 331264K, 99% used [0x00000000c0000000,0x00000000d4369890,0x00000000d4380000)
 Metaspace       used 70094K, committed 71744K, reserved 1114112K
  class space    used 7173K, committed 7872K, reserved 1048576K
}
Event: 767.116 GC heap before
{Heap before GC invocations=1270 (full 4):
 PSYoungGen      total 2048K, used 1984K [0x00000000eab00000, 0x00000000eb380000, 0x0000000100000000)
  eden space 1024K, 100% used [0x00000000eab00000,0x00000000eac00000,0x00000000eac00000)
  from space 1024K, 93% used [0x00000000eb280000,0x00000000eb370000,0x00000000eb380000)
  to   space 1536K, 0% used [0x00000000eb080000,0x00000000eb080000,0x00000000eb200000)
 ParOldGen       total 331264K, used 331174K [0x00000000c0000000, 0x00000000d4380000, 0x00000000eab00000)
  object space 331264K, 99% used [0x00000000c0000000,0x00000000d4369890,0x00000000d4380000)
 Metaspace       used 70098K, committed 71744K, reserved 1114112K
  class space    used 7173K, committed 7872K, reserved 1048576K
}
Event: 767.121 GC heap after
{Heap after GC invocations=1270 (full 4):
 PSYoungGen      total 2560K, used 576K [0x00000000eab00000, 0x00000000eb300000, 0x0000000100000000)
  eden space 1024K, 0% used [0x00000000eab00000,0x00000000eab00000,0x00000000eac00000)
  from space 1536K, 37% used [0x00000000eb080000,0x00000000eb110000,0x00000000eb200000)
  to   space 1024K, 0% used [0x00000000eb200000,0x00000000eb200000,0x00000000eb300000)
 ParOldGen       total 332288K, used 332134K [0x00000000c0000000, 0x00000000d4480000, 0x00000000eab00000)
  object space 332288K, 99% used [0x00000000c0000000,0x00000000d4459890,0x00000000d4480000)
 Metaspace       used 70098K, committed 71744K, reserved 1114112K
  class space    used 7173K, committed 7872K, reserved 1048576K
}

