# JRE version: Java(TM) SE Runtime Environment (17.0.9+11) (build 17.0.9+11-LTS-201)
# Java VM: Java HotSpot(TM) 64-Bit Server VM (17.0.9+11-LTS-201, mixed mode, sharing, tiered, compressed oops, compressed class ptrs, g1 gc, windows-amd64)
GC Precious Log:
 CPUs: 4 total, 4 available
 Memory: 8089M
 Large Page Support: Disabled
 NUMA Support: Disabled
 Compressed Oops: Enabled (32-bit)
 Heap Region Size: 1M
 Heap Min Capacity: 8M
 Heap Initial Capacity: 128M
 Heap Max Capacity: 2024M
 Pre-touch: Disabled
 Parallel Workers: 4
 Concurrent Workers: 1
 Concurrent Refinement Workers: 4
 Periodic GC: Disabled
Heap:
 garbage-first heap   total 148480K, used 98807K [0x0000000081800000, 0x0000000100000000)
  region size 1024K, 42 young (43008K), 2 survivors (2048K)
 Metaspace       used 34011K, committed 34432K, reserved 1114112K
  class space    used 3821K, committed 4032K, reserved 1048576K
GC Heap History (20 events):
Event: 12.048 GC heap before
{Heap before GC invocations=9 (full 0):
 garbage-first heap   total 87040K, used 61303K [0x0000000081800000, 0x0000000100000000)
  region size 1024K, 36 young (36864K), 10 survivors (10240K)
 Metaspace       used 27549K, committed 27840K, reserved 1114112K
  class space    used 3167K, committed 3264K, reserved 1048576K
}
Event: 12.075 GC heap after
{Heap after GC invocations=10 (full 0):
 garbage-first heap   total 87040K, used 39799K [0x0000000081800000, 0x0000000100000000)
  region size 1024K, 4 young (4096K), 4 survivors (4096K)
 Metaspace       used 27549K, committed 27840K, reserved 1114112K
  class space    used 3167K, committed 3264K, reserved 1048576K
}
Event: 12.776 GC heap before
{Heap before GC invocations=10 (full 0):
 garbage-first heap   total 87040K, used 62327K [0x0000000081800000, 0x0000000100000000)
  region size 1024K, 27 young (27648K), 4 survivors (4096K)
 Metaspace       used 28771K, committed 29120K, reserved 1114112K
  class space    used 3304K, committed 3456K, reserved 1048576K
}
Event: 12.783 GC heap after
{Heap after GC invocations=11 (full 0):
 garbage-first heap   total 87040K, used 40174K [0x0000000081800000, 0x0000000100000000)
  region size 1024K, 1 young (1024K), 1 survivors (1024K)
 Metaspace       used 28771K, committed 29120K, reserved 1114112K
  class space    used 3304K, committed 3456K, reserved 1048576K
}
Event: 13.557 GC heap before
{Heap before GC invocations=11 (full 0):
 garbage-first heap   total 87040K, used 64750K [0x0000000081800000, 0x0000000100000000)
  region size 1024K, 26 young (26624K), 1 survivors (1024K)
 Metaspace       used 29307K, committed 29632K, reserved 1114112K
  class space    used 3336K, committed 3456K, reserved 1048576K
}
Event: 13.564 GC heap after
{Heap after GC invocations=12 (full 0):
 garbage-first heap   total 87040K, used 40753K [0x0000000081800000, 0x0000000100000000)
  region size 1024K, 2 young (2048K), 2 survivors (2048K)
 Metaspace       used 29307K, committed 29632K, reserved 1114112K
  class space    used 3336K, committed 3456K, reserved 1048576K
}
Event: 14.441 GC heap before
{Heap before GC invocations=13 (full 0):
 garbage-first heap   total 87040K, used 67377K [0x0000000081800000, 0x0000000100000000)
  region size 1024K, 28 young (28672K), 2 survivors (2048K)
 Metaspace       used 30958K, committed 31360K, reserved 1114112K
  class space    used 3533K, committed 3712K, reserved 1048576K
}
Event: 14.454 GC heap after
{Heap after GC invocations=14 (full 0):
 garbage-first heap   total 87040K, used 42228K [0x0000000081800000, 0x0000000100000000)
  region size 1024K, 3 young (3072K), 3 survivors (3072K)
 Metaspace       used 30958K, committed 31360K, reserved 1114112K
  class space    used 3533K, committed 3712K, reserved 1048576K
}
Event: 14.845 GC heap before
{Heap before GC invocations=14 (full 0):
 garbage-first heap   total 87040K, used 50420K [0x0000000081800000, 0x0000000100000000)
  region size 1024K, 12 young (12288K), 3 survivors (3072K)
 Metaspace       used 31040K, committed 31488K, reserved 1114112K
  class space    used 3540K, committed 3776K, reserved 1048576K
}
Event: 14.856 GC heap after
{Heap after GC invocations=15 (full 0):
 garbage-first heap   total 104448K, used 42601K [0x0000000081800000, 0x0000000100000000)
  region size 1024K, 3 young (3072K), 3 survivors (3072K)
 Metaspace       used 31040K, committed 31488K, reserved 1114112K
  class space    used 3540K, committed 3776K, reserved 1048576K
}
Event: 15.528 GC heap before
{Heap before GC invocations=15 (full 0):
 garbage-first heap   total 104448K, used 85609K [0x0000000081800000, 0x0000000100000000)
  region size 1024K, 41 young (41984K), 3 survivors (3072K)
 Metaspace       used 31120K, committed 31616K, reserved 1114112K
  class space    used 3540K, committed 3776K, reserved 1048576K
}
Event: 15.552 GC heap after
{Heap after GC invocations=16 (full 0):
 garbage-first heap   total 105472K, used 62867K [0x0000000081800000, 0x0000000100000000)
  region size 1024K, 6 young (6144K), 6 survivors (6144K)
 Metaspace       used 31120K, committed 31616K, reserved 1114112K
  class space    used 3540K, committed 3776K, reserved 1048576K
}
Event: 15.900 GC heap before
{Heap before GC invocations=16 (full 0):
 garbage-first heap   total 105472K, used 81299K [0x0000000081800000, 0x0000000100000000)
  region size 1024K, 25 young (25600K), 6 survivors (6144K)
 Metaspace       used 31348K, committed 31808K, reserved 1114112K
  class space    used 3562K, committed 3776K, reserved 1048576K
}
Event: 15.924 GC heap after
{Heap after GC invocations=17 (full 0):
 garbage-first heap   total 105472K, used 67959K [0x0000000081800000, 0x0000000100000000)
  region size 1024K, 4 young (4096K), 4 survivors (4096K)
 Metaspace       used 31348K, committed 31808K, reserved 1114112K
  class space    used 3562K, committed 3776K, reserved 1048576K
}
Event: 16.365 GC heap before
{Heap before GC invocations=18 (full 0):
 garbage-first heap   total 116736K, used 81271K [0x0000000081800000, 0x0000000100000000)
  region size 1024K, 20 young (20480K), 4 survivors (4096K)
 Metaspace       used 32104K, committed 32576K, reserved 1114112K
  class space    used 3654K, committed 3904K, reserved 1048576K
}
Event: 16.374 GC heap after
{Heap after GC invocations=19 (full 0):
 garbage-first heap   total 116736K, used 66716K [0x0000000081800000, 0x0000000100000000)
  region size 1024K, 1 young (1024K), 1 survivors (1024K)
 Metaspace       used 32104K, committed 32576K, reserved 1114112K
  class space    used 3654K, committed 3904K, reserved 1048576K
}
Event: 16.438 GC heap before
{Heap before GC invocations=19 (full 0):
 garbage-first heap   total 116736K, used 69788K [0x0000000081800000, 0x0000000100000000)
  region size 1024K, 5 young (5120K), 1 survivors (1024K)
 Metaspace       used 32275K, committed 32704K, reserved 1114112K
  class space    used 3678K, committed 3904K, reserved 1048576K
}
Event: 16.440 GC heap after
{Heap after GC invocations=20 (full 0):
 garbage-first heap   total 116736K, used 61620K [0x0000000081800000, 0x0000000100000000)
  region size 1024K, 1 young (1024K), 1 survivors (1024K)
 Metaspace       used 32275K, committed 32704K, reserved 1114112K
  class space    used 3678K, committed 3904K, reserved 1048576K
}
Event: 17.501 GC heap before
{Heap before GC invocations=20 (full 0):
 garbage-first heap   total 116736K, used 87220K [0x0000000081800000, 0x0000000100000000)
  region size 1024K, 26 young (26624K), 1 survivors (1024K)
 Metaspace       used 32752K, committed 33216K, reserved 1114112K
  class space    used 3719K, committed 3968K, reserved 1048576K
}
Event: 17.513 GC heap after
{Heap after GC invocations=21 (full 0):
 garbage-first heap   total 148480K, used 62967K [0x0000000081800000, 0x0000000100000000)
  region size 1024K, 2 young (2048K), 2 survivors (2048K)
 Metaspace       used 32752K, committed 33216K, reserved 1114112K
  class space    used 3719K, committed 3968K, reserved 1048576K
}

