# JRE version: Java(TM) SE Runtime Environment (17.0.9+11) (build 17.0.9+11-LTS-201)
# Java VM: Java HotSpot(TM) 64-Bit Server VM (17.0.9+11-LTS-201, mixed mode, sharing, tiered, compressed oops, compressed class ptrs, g1 gc, windows-amd64)
GC Precious Log:
 CPUs: 4 total, 4 available
 Memory: 8089M
 Large Page Support: Disabled
 NUMA Support: Disabled
 Compressed Oops: Enabled (32-bit)
 Heap Region Size: 1M
 Heap Min Capacity: 8M
 Heap Initial Capacity: 128M
 Heap Max Capacity: 1G
 Pre-touch: Disabled
 Parallel Workers: 4
 Concurrent Workers: 1
 Concurrent Refinement Workers: 4
 Periodic GC: Disabled
Heap:
 garbage-first heap   total 133120K, used 62270K [0x00000000c0000000, 0x0000000100000000)
  region size 1024K, 21 young (21504K), 4 survivors (4096K)
 Metaspace       used 85058K, committed 85696K, reserved 1179648K
  class space    used 12153K, committed 12480K, reserved 1048576K
GC Heap History (20 events):
Event: 33.616 GC heap before
{Heap before GC invocations=21 (full 0):
 garbage-first heap   total 70656K, used 57344K [0x00000000c0000000, 0x0000000100000000)
  region size 1024K, 26 young (26624K), 4 survivors (4096K)
 Metaspace       used 71250K, committed 71872K, reserved 1114112K
  class space    used 10166K, committed 10432K, reserved 1048576K
}
Event: 33.625 GC heap after
{Heap after GC invocations=22 (full 0):
 garbage-first heap   total 70656K, used 34787K [0x00000000c0000000, 0x0000000100000000)
  region size 1024K, 1 young (1024K), 1 survivors (1024K)
 Metaspace       used 71250K, committed 71872K, reserved 1114112K
  class space    used 10166K, committed 10432K, reserved 1048576K
}
Event: 33.798 GC heap before
{Heap before GC invocations=22 (full 0):
 garbage-first heap   total 70656K, used 56291K [0x00000000c0000000, 0x0000000100000000)
  region size 1024K, 23 young (23552K), 1 survivors (1024K)
 Metaspace       used 72098K, committed 72704K, reserved 1114112K
  class space    used 10292K, committed 10560K, reserved 1048576K
}
Event: 33.813 GC heap after
{Heap after GC invocations=23 (full 0):
 garbage-first heap   total 84992K, used 40730K [0x00000000c0000000, 0x0000000100000000)
  region size 1024K, 3 young (3072K), 3 survivors (3072K)
 Metaspace       used 72098K, committed 72704K, reserved 1114112K
  class space    used 10292K, committed 10560K, reserved 1048576K
}
Event: 34.045 GC heap before
{Heap before GC invocations=24 (full 0):
 garbage-first heap   total 86016K, used 65306K [0x00000000c0000000, 0x0000000100000000)
  region size 1024K, 27 young (27648K), 3 survivors (3072K)
 Metaspace       used 72304K, committed 72896K, reserved 1114112K
  class space    used 10383K, committed 10624K, reserved 1048576K
}
Event: 34.060 GC heap after
{Heap after GC invocations=25 (full 0):
 garbage-first heap   total 86016K, used 43958K [0x00000000c0000000, 0x0000000100000000)
  region size 1024K, 3 young (3072K), 3 survivors (3072K)
 Metaspace       used 72304K, committed 72896K, reserved 1114112K
  class space    used 10383K, committed 10624K, reserved 1048576K
}
Event: 34.562 GC heap before
{Heap before GC invocations=25 (full 0):
 garbage-first heap   total 86016K, used 66486K [0x00000000c0000000, 0x0000000100000000)
  region size 1024K, 25 young (25600K), 3 survivors (3072K)
 Metaspace       used 73473K, committed 73984K, reserved 1114112K
  class space    used 10525K, committed 10752K, reserved 1048576K
}
Event: 34.579 GC heap after
{Heap after GC invocations=26 (full 0):
 garbage-first heap   total 86016K, used 44934K [0x00000000c0000000, 0x0000000100000000)
  region size 1024K, 1 young (1024K), 1 survivors (1024K)
 Metaspace       used 73473K, committed 73984K, reserved 1114112K
  class space    used 10525K, committed 10752K, reserved 1048576K
}
Event: 35.155 GC heap before
{Heap before GC invocations=27 (full 0):
 garbage-first heap   total 86016K, used 67462K [0x00000000c0000000, 0x0000000100000000)
  region size 1024K, 23 young (23552K), 1 survivors (1024K)
 Metaspace       used 74893K, committed 75520K, reserved 1114112K
  class space    used 10713K, committed 11008K, reserved 1048576K
}
Event: 35.165 GC heap after
{Heap after GC invocations=28 (full 0):
 garbage-first heap   total 86016K, used 46514K [0x00000000c0000000, 0x0000000100000000)
  region size 1024K, 3 young (3072K), 3 survivors (3072K)
 Metaspace       used 74893K, committed 75520K, reserved 1114112K
  class space    used 10713K, committed 11008K, reserved 1048576K
}
Event: 35.383 GC heap before
{Heap before GC invocations=28 (full 0):
 garbage-first heap   total 86016K, used 47538K [0x00000000c0000000, 0x0000000100000000)
  region size 1024K, 4 young (4096K), 3 survivors (3072K)
 Metaspace       used 75178K, committed 75840K, reserved 1114112K
  class space    used 10747K, committed 11072K, reserved 1048576K
}
Event: 35.393 GC heap after
{Heap after GC invocations=29 (full 0):
 garbage-first heap   total 86016K, used 46405K [0x00000000c0000000, 0x0000000100000000)
  region size 1024K, 1 young (1024K), 1 survivors (1024K)
 Metaspace       used 75178K, committed 75840K, reserved 1114112K
  class space    used 10747K, committed 11072K, reserved 1048576K
}
Event: 36.269 GC heap before
{Heap before GC invocations=29 (full 0):
 garbage-first heap   total 86016K, used 68933K [0x00000000c0000000, 0x0000000100000000)
  region size 1024K, 23 young (23552K), 1 survivors (1024K)
 Metaspace       used 76930K, committed 77504K, reserved 1179648K
  class space    used 11030K, committed 11328K, reserved 1048576K
}
Event: 36.277 GC heap after
{Heap after GC invocations=30 (full 0):
 garbage-first heap   total 86016K, used 47632K [0x00000000c0000000, 0x0000000100000000)
  region size 1024K, 2 young (2048K), 2 survivors (2048K)
 Metaspace       used 76930K, committed 77504K, reserved 1179648K
  class space    used 11030K, committed 11328K, reserved 1048576K
}
Event: 37.054 GC heap before
{Heap before GC invocations=31 (full 0):
 garbage-first heap   total 86016K, used 66064K [0x00000000c0000000, 0x0000000100000000)
  region size 1024K, 23 young (23552K), 2 survivors (2048K)
 Metaspace       used 78904K, committed 79488K, reserved 1179648K
  class space    used 11309K, committed 11584K, reserved 1048576K
}
Event: 37.064 GC heap after
{Heap after GC invocations=32 (full 0):
 garbage-first heap   total 86016K, used 46170K [0x00000000c0000000, 0x0000000100000000)
  region size 1024K, 2 young (2048K), 2 survivors (2048K)
 Metaspace       used 78904K, committed 79488K, reserved 1179648K
  class space    used 11309K, committed 11584K, reserved 1048576K
}
Event: 37.137 GC heap before
{Heap before GC invocations=32 (full 0):
 garbage-first heap   total 86016K, used 48218K [0x00000000c0000000, 0x0000000100000000)
  region size 1024K, 4 young (4096K), 2 survivors (2048K)
 Metaspace       used 79557K, committed 80192K, reserved 1179648K
  class space    used 11412K, committed 11712K, reserved 1048576K
}
Event: 37.143 GC heap after
{Heap after GC invocations=33 (full 0):
 garbage-first heap   total 133120K, used 42831K [0x00000000c0000000, 0x0000000100000000)
  region size 1024K, 1 young (1024K), 1 survivors (1024K)
 Metaspace       used 79557K, committed 80192K, reserved 1179648K
  class space    used 11412K, committed 11712K, reserved 1048576K
}
Event: 41.012 GC heap before
{Heap before GC invocations=33 (full 0):
 garbage-first heap   total 133120K, used 99151K [0x00000000c0000000, 0x0000000100000000)
  region size 1024K, 56 young (57344K), 1 survivors (1024K)
 Metaspace       used 84856K, committed 85504K, reserved 1179648K
  class space    used 12135K, committed 12416K, reserved 1048576K
}
Event: 41.021 GC heap after
{Heap after GC invocations=34 (full 0):
 garbage-first heap   total 133120K, used 45886K [0x00000000c0000000, 0x0000000100000000)
  region size 1024K, 4 young (4096K), 4 survivors (4096K)
 Metaspace       used 84856K, committed 85504K, reserved 1179648K
  class space    used 12135K, committed 12416K, reserved 1048576K
}

