# JRE version: Java(TM) SE Runtime Environment (17.0.9+11) (build 17.0.9+11-LTS-201)
# Java VM: Java HotSpot(TM) 64-Bit Server VM (17.0.9+11-LTS-201, mixed mode, sharing, tiered, compressed oops, compressed class ptrs, g1 gc, windows-amd64)
GC Precious Log:
 CPUs: 4 total, 4 available
 Memory: 8089M
 Large Page Support: Disabled
 NUMA Support: Disabled
 Compressed Oops: Enabled (32-bit)
 Heap Region Size: 1M
 Heap Min Capacity: 8M
 Heap Initial Capacity: 128M
 Heap Max Capacity: 1G
 Pre-touch: Disabled
 Parallel Workers: 4
 Concurrent Workers: 1
 Concurrent Refinement Workers: 4
 Periodic GC: Disabled
Heap:
 garbage-first heap   total 86016K, used 46920K [0x00000000c0000000, 0x0000000100000000)
  region size 1024K, 2 young (2048K), 2 survivors (2048K)
 Metaspace       used 71099K, committed 71680K, reserved 1114112K
  class space    used 10169K, committed 10432K, reserved 1048576K
GC Heap History (20 events):
Event: 11.109 GC heap after
{Heap after GC invocations=13 (full 0):
 garbage-first heap   total 61440K, used 25715K [0x00000000c0000000, 0x0000000100000000)
  region size 1024K, 4 young (4096K), 4 survivors (4096K)
 Metaspace       used 47537K, committed 48064K, reserved 1114112K
  class space    used 6461K, committed 6720K, reserved 1048576K
}
Event: 11.885 GC heap before
{Heap before GC invocations=13 (full 0):
 garbage-first heap   total 61440K, used 48243K [0x00000000c0000000, 0x0000000100000000)
  region size 1024K, 26 young (26624K), 4 survivors (4096K)
 Metaspace       used 53113K, committed 53568K, reserved 1114112K
  class space    used 7263K, committed 7488K, reserved 1048576K
}
Event: 11.893 GC heap after
{Heap after GC invocations=14 (full 0):
 garbage-first heap   total 73728K, used 26938K [0x00000000c0000000, 0x0000000100000000)
  region size 1024K, 2 young (2048K), 2 survivors (2048K)
 Metaspace       used 53113K, committed 53568K, reserved 1114112K
  class space    used 7263K, committed 7488K, reserved 1048576K
}
Event: 13.141 GC heap before
{Heap before GC invocations=14 (full 0):
 garbage-first heap   total 73728K, used 57658K [0x00000000c0000000, 0x0000000100000000)
  region size 1024K, 32 young (32768K), 2 survivors (2048K)
 Metaspace       used 59770K, committed 60352K, reserved 1114112K
  class space    used 8298K, committed 8576K, reserved 1048576K
}
Event: 13.150 GC heap after
{Heap after GC invocations=15 (full 0):
 garbage-first heap   total 73728K, used 27626K [0x00000000c0000000, 0x0000000100000000)
  region size 1024K, 2 young (2048K), 2 survivors (2048K)
 Metaspace       used 59770K, committed 60352K, reserved 1114112K
  class space    used 8298K, committed 8576K, reserved 1048576K
}
Event: 13.171 GC heap before
{Heap before GC invocations=15 (full 0):
 garbage-first heap   total 73728K, used 28650K [0x00000000c0000000, 0x0000000100000000)
  region size 1024K, 4 young (4096K), 2 survivors (2048K)
 Metaspace       used 59904K, committed 60416K, reserved 1114112K
  class space    used 8325K, committed 8576K, reserved 1048576K
}
Event: 13.177 GC heap after
{Heap after GC invocations=16 (full 0):
 garbage-first heap   total 73728K, used 27811K [0x00000000c0000000, 0x0000000100000000)
  region size 1024K, 3 young (3072K), 3 survivors (3072K)
 Metaspace       used 59904K, committed 60416K, reserved 1114112K
  class space    used 8325K, committed 8576K, reserved 1048576K
}
Event: 14.984 GC heap before
{Heap before GC invocations=17 (full 0):
 garbage-first heap   total 73728K, used 59555K [0x00000000c0000000, 0x0000000100000000)
  region size 1024K, 34 young (34816K), 3 survivors (3072K)
 Metaspace       used 63815K, committed 64320K, reserved 1114112K
  class space    used 8861K, committed 9088K, reserved 1048576K
}
Event: 14.997 GC heap after
{Heap after GC invocations=18 (full 0):
 garbage-first heap   total 73728K, used 29674K [0x00000000c0000000, 0x0000000100000000)
  region size 1024K, 4 young (4096K), 4 survivors (4096K)
 Metaspace       used 63815K, committed 64320K, reserved 1114112K
  class space    used 8861K, committed 9088K, reserved 1048576K
}
Event: 15.953 GC heap before
{Heap before GC invocations=18 (full 0):
 garbage-first heap   total 73728K, used 60394K [0x00000000c0000000, 0x0000000100000000)
  region size 1024K, 34 young (34816K), 4 survivors (4096K)
 Metaspace       used 66415K, committed 66944K, reserved 1114112K
  class space    used 9352K, committed 9600K, reserved 1048576K
}
Event: 15.966 GC heap after
{Heap after GC invocations=19 (full 0):
 garbage-first heap   total 73728K, used 31254K [0x00000000c0000000, 0x0000000100000000)
  region size 1024K, 4 young (4096K), 4 survivors (4096K)
 Metaspace       used 66415K, committed 66944K, reserved 1114112K
  class space    used 9352K, committed 9600K, reserved 1048576K
}
Event: 16.316 GC heap before
{Heap before GC invocations=19 (full 0):
 garbage-first heap   total 73728K, used 58902K [0x00000000c0000000, 0x0000000100000000)
  region size 1024K, 32 young (32768K), 4 survivors (4096K)
 Metaspace       used 68198K, committed 68736K, reserved 1114112K
  class space    used 9730K, committed 9984K, reserved 1048576K
}
Event: 16.329 GC heap after
{Heap after GC invocations=20 (full 0):
 garbage-first heap   total 73728K, used 32387K [0x00000000c0000000, 0x0000000100000000)
  region size 1024K, 3 young (3072K), 3 survivors (3072K)
 Metaspace       used 68198K, committed 68736K, reserved 1114112K
  class space    used 9730K, committed 9984K, reserved 1048576K
}
Event: 16.689 GC heap before
{Heap before GC invocations=20 (full 0):
 garbage-first heap   total 73728K, used 60035K [0x00000000c0000000, 0x0000000100000000)
  region size 1024K, 30 young (30720K), 3 survivors (3072K)
 Metaspace       used 69615K, committed 70208K, reserved 1114112K
  class space    used 9907K, committed 10176K, reserved 1048576K
}
Event: 16.707 GC heap after
{Heap after GC invocations=21 (full 0):
 garbage-first heap   total 73728K, used 37888K [0x00000000c0000000, 0x0000000100000000)
  region size 1024K, 4 young (4096K), 4 survivors (4096K)
 Metaspace       used 69615K, committed 70208K, reserved 1114112K
  class space    used 9907K, committed 10176K, reserved 1048576K
}
Event: 16.892 GC heap before
{Heap before GC invocations=21 (full 0):
 garbage-first heap   total 73728K, used 57344K [0x00000000c0000000, 0x0000000100000000)
  region size 1024K, 23 young (23552K), 4 survivors (4096K)
 Metaspace       used 69625K, committed 70208K, reserved 1114112K
  class space    used 9907K, committed 10176K, reserved 1048576K
}
Event: 16.912 GC heap after
{Heap after GC invocations=22 (full 0):
 garbage-first heap   total 73728K, used 44722K [0x00000000c0000000, 0x0000000100000000)
  region size 1024K, 3 young (3072K), 3 survivors (3072K)
 Metaspace       used 69625K, committed 70208K, reserved 1114112K
  class space    used 9907K, committed 10176K, reserved 1048576K
}
Event: 17.139 GC heap before
{Heap before GC invocations=23 (full 0):
 garbage-first heap   total 86016K, used 55986K [0x00000000c0000000, 0x0000000100000000)
  region size 1024K, 14 young (14336K), 3 survivors (3072K)
 Metaspace       used 69884K, committed 70400K, reserved 1114112K
  class space    used 9999K, committed 10240K, reserved 1048576K
}
Event: 17.153 GC heap after
{Heap after GC invocations=24 (full 0):
 garbage-first heap   total 86016K, used 46212K [0x00000000c0000000, 0x0000000100000000)
  region size 1024K, 1 young (1024K), 1 survivors (1024K)
 Metaspace       used 69884K, committed 70400K, reserved 1114112K
  class space    used 9999K, committed 10240K, reserved 1048576K
}
Event: 17.632 GC heap before
{Heap before GC invocations=24 (full 0):
 garbage-first heap   total 86016K, used 65668K [0x00000000c0000000, 0x0000000100000000)
  region size 1024K, 20 young (20480K), 1 survivors (1024K)
 Metaspace       used 71099K, committed 71680K, reserved 1114112K
  class space    used 10169K, committed 10432K, reserved 1048576K
}

